2019-06-05 09:07:14,767 INFO (HttpsClientUtil.java:74)- 2019/06/05-09:07:14:306https://my.cbg.163.com/cgi/api/query
2019-06-05 09:07:34,015 INFO (HttpsClientUtil.java:74)- 2019/06/05-09:07:34:015https://my.cbg.163.com/cgi/api/get_equip_detail
2019-06-05 09:07:40,896 INFO (HttpsClientUtil.java:74)- 2019/06/05-09:07:40:896https://my.cbg.163.com/cgi/api/get_equip_detail
2019-06-05 09:07:47,720 INFO (HttpsClientUtil.java:74)- 2019/06/05-09:07:47:720https://my.cbg.163.com/cgi/api/get_equip_detail
2019-06-05 09:07:52,931 INFO (HttpsClientUtil.java:74)- 2019/06/05-09:07:52:931https://my.cbg.163.com/cgi/api/get_equip_detail
2019-06-05 09:07:58,249 INFO (HttpsClientUtil.java:74)- 2019/06/05-09:07:58:249https://my.cbg.163.com/cgi/api/get_equip_detail
2019-06-05 09:08:03,435 INFO (HttpsClientUtil.java:74)- 2019/06/05-09:08:03:435https://my.cbg.163.com/cgi/api/get_equip_detail
2019-06-05 09:08:08,636 INFO (HttpsClientUtil.java:74)- 2019/06/05-09:08:08:611https://my.cbg.163.com/cgi/api/get_equip_detail
2019-06-05 09:08:13,808 INFO (HttpsClientUtil.java:74)- 2019/06/05-09:08:13:808https://my.cbg.163.com/cgi/api/get_equip_detail
2019-06-05 09:08:19,728 INFO (HttpsClientUtil.java:74)- 2019/06/05-09:08:19:728https://my.cbg.163.com/cgi/api/add_collect
2019-06-05 09:08:24,799 INFO (HttpsClientUtil.java:74)- 2019/06/05-09:08:24:799https://my.cbg.163.com/cgi/api/get_equip_detail
2019-06-05 09:08:29,983 INFO (HttpsClientUtil.java:74)- 2019/06/05-09:08:29:983https://my.cbg.163.com/cgi/api/get_equip_detail
2019-06-05 09:08:35,255 INFO (HttpsClientUtil.java:74)- 2019/06/05-09:08:35:255https://my.cbg.163.com/cgi/api/get_equip_detail
2019-06-05 09:08:40,512 INFO (HttpsClientUtil.java:74)- 2019/06/05-09:08:40:512https://my.cbg.163.com/cgi/api/get_equip_detail
2019-06-05 09:08:45,717 INFO (HttpsClientUtil.java:74)- 2019/06/05-09:08:45:717https://my.cbg.163.com/cgi/api/get_equip_detail
2019-06-05 09:08:50,986 INFO (HttpsClientUtil.java:74)- 2019/06/05-09:08:50:986https://my.cbg.163.com/cgi/api/get_equip_detail
2019-06-05 09:08:56,995 INFO (HttpsClientUtil.java:74)- 2019/06/05-09:08:56:995https://my.cbg.163.com/cgi/api/get_equip_detail
2019-06-05 09:09:02,525 INFO (HttpsClientUtil.java:74)- 2019/06/05-09:09:02:525https://my.cbg.163.com/cgi/api/query
2019-06-05 09:09:07,654 INFO (HttpsClientUtil.java:74)- 2019/06/05-09:09:07:654https://my.cbg.163.com/cgi/api/get_equip_detail
2019-06-05 09:09:13,141 INFO (HttpsClientUtil.java:74)- 2019/06/05-09:09:13:141https://my.cbg.163.com/cgi/api/get_equip_detail
2019-06-05 09:09:18,310 INFO (HttpsClientUtil.java:74)- 2019/06/05-09:09:18:310https://my.cbg.163.com/cgi/api/get_equip_detail
2019-06-05 09:09:23,677 INFO (HttpsClientUtil.java:74)- 2019/06/05-09:09:23:677https://my.cbg.163.com/cgi/api/get_equip_detail
2019-06-05 09:09:28,706 INFO (HttpsClientUtil.java:74)- 2019/06/05-09:09:28:706https://my.cbg.163.com/cgi/api/get_equip_detail
2019-06-05 09:09:34,019 INFO (HttpsClientUtil.java:74)- 2019/06/05-09:09:34:019https://my.cbg.163.com/cgi/api/get_equip_detail
2019-06-05 09:09:39,600 INFO (HttpsClientUtil.java:74)- 2019/06/05-09:09:39:600https://my.cbg.163.com/cgi/api/get_equip_detail
2019-06-05 09:09:44,913 INFO (HttpsClientUtil.java:74)- 2019/06/05-09:09:44:913https://my.cbg.163.com/cgi/api/add_collect
2019-06-05 09:09:50,017 INFO (HttpsClientUtil.java:74)- 2019/06/05-09:09:50:017https://my.cbg.163.com/cgi/api/get_equip_detail
2019-06-05 09:09:55,257 INFO (HttpsClientUtil.java:74)- 2019/06/05-09:09:55:257https://my.cbg.163.com/cgi/api/get_equip_detail
2019-06-05 09:10:00,732 INFO (HttpsClientUtil.java:74)- 2019/06/05-09:10:00:732https://my.cbg.163.com/cgi/api/add_collect
2019-06-05 09:10:05,822 INFO (HttpsClientUtil.java:74)- 2019/06/05-09:10:05:822https://my.cbg.163.com/cgi/api/get_equip_detail
2019-06-05 09:10:11,000 INFO (HttpsClientUtil.java:74)- 2019/06/05-09:10:11:000https://my.cbg.163.com/cgi/api/get_equip_detail
2019-06-05 09:10:16,166 INFO (HttpsClientUtil.java:74)- 2019/06/05-09:10:16:166https://my.cbg.163.com/cgi/api/get_equip_detail
2019-06-05 09:10:21,295 INFO (HttpsClientUtil.java:74)- 2019/06/05-09:10:21:295https://my.cbg.163.com/cgi/api/get_equip_detail
2019-06-05 09:10:26,459 INFO (HttpsClientUtil.java:74)- 2019/06/05-09:10:26:459https://my.cbg.163.com/cgi/api/get_equip_detail
2019-06-05 09:10:31,574 INFO (HttpsClientUtil.java:74)- 2019/06/05-09:10:31:574https://my.cbg.163.com/cgi/api/get_equip_detail
2019-06-05 09:10:36,795 INFO (HttpsClientUtil.java:74)- 2019/06/05-09:10:36:795https://my.cbg.163.com/cgi/api/query
2019-06-05 09:10:41,916 INFO (HttpsClientUtil.java:74)- 2019/06/05-09:10:41:916https://my.cbg.163.com/cgi/api/get_equip_detail
2019-06-05 09:10:47,046 INFO (HttpsClientUtil.java:74)- 2019/06/05-09:10:47:045https://my.cbg.163.com/cgi/api/get_equip_detail
2019-06-05 09:10:52,196 INFO (HttpsClientUtil.java:74)- 2019/06/05-09:10:52:196https://my.cbg.163.com/cgi/api/get_equip_detail
2019-06-05 09:10:57,370 INFO (HttpsClientUtil.java:74)- 2019/06/05-09:10:57:370https://my.cbg.163.com/cgi/api/get_equip_detail
2019-06-05 09:11:02,502 INFO (HttpsClientUtil.java:74)- 2019/06/05-09:11:02:502https://my.cbg.163.com/cgi/api/get_equip_detail
2019-06-05 09:11:07,616 INFO (HttpsClientUtil.java:74)- 2019/06/05-09:11:07:616https://my.cbg.163.com/cgi/api/get_equip_detail
2019-06-05 09:11:12,726 INFO (HttpsClientUtil.java:74)- 2019/06/05-09:11:12:726https://my.cbg.163.com/cgi/api/add_collect
2019-06-05 09:11:17,792 INFO (HttpsClientUtil.java:74)- 2019/06/05-09:11:17:792https://my.cbg.163.com/cgi/api/get_equip_detail
2019-06-05 09:11:22,946 INFO (HttpsClientUtil.java:74)- 2019/06/05-09:11:22:946https://my.cbg.163.com/cgi/api/add_collect
2019-06-05 09:11:28,045 INFO (HttpsClientUtil.java:74)- 2019/06/05-09:11:28:045https://my.cbg.163.com/cgi/api/get_equip_detail
2019-06-05 09:11:33,248 INFO (HttpsClientUtil.java:74)- 2019/06/05-09:11:33:248https://my.cbg.163.com/cgi/api/add_collect
2019-06-05 09:11:38,314 INFO (HttpsClientUtil.java:74)- 2019/06/05-09:11:38:314https://my.cbg.163.com/cgi/api/get_equip_detail
2019-06-05 09:11:43,467 INFO (HttpsClientUtil.java:74)- 2019/06/05-09:11:43:467https://my.cbg.163.com/cgi/api/get_equip_detail
2019-06-05 09:11:48,659 INFO (HttpsClientUtil.java:74)- 2019/06/05-09:11:48:659https://my.cbg.163.com/cgi/api/get_equip_detail
2019-06-05 09:11:53,762 INFO (HttpsClientUtil.java:74)- 2019/06/05-09:11:53:762https://my.cbg.163.com/cgi/api/get_equip_detail
2019-06-05 09:11:58,845 INFO (HttpsClientUtil.java:74)- 2019/06/05-09:11:58:845https://my.cbg.163.com/cgi/api/get_equip_detail
2019-06-05 09:12:03,971 INFO (HttpsClientUtil.java:74)- 2019/06/05-09:12:03:971https://my.cbg.163.com/cgi/api/add_collect
2019-06-05 09:12:09,037 INFO (HttpsClientUtil.java:74)- 2019/06/05-09:12:09:037https://my.cbg.163.com/cgi/api/get_equip_detail
2019-06-05 09:12:14,299 INFO (HttpsClientUtil.java:74)- 2019/06/05-09:12:14:299https://my.cbg.163.com/cgi/api/add_collect
2019-06-05 09:12:19,356 INFO (HttpsClientUtil.java:74)- 2019/06/05-09:12:19:356https://my.cbg.163.com/cgi/api/get_equip_detail
2019-06-05 09:12:24,574 INFO (HttpsClientUtil.java:74)- 2019/06/05-09:12:24:574https://my.cbg.163.com/cgi/api/query
2019-06-05 09:12:29,647 INFO (HttpsClientUtil.java:74)- 2019/06/05-09:12:29:647https://my.cbg.163.com/cgi/api/get_equip_detail
2019-06-05 09:12:34,752 INFO (HttpsClientUtil.java:74)- 2019/06/05-09:12:34:752https://my.cbg.163.com/cgi/api/get_equip_detail
2019-06-05 09:12:39,899 INFO (HttpsClientUtil.java:74)- 2019/06/05-09:12:39:899https://my.cbg.163.com/cgi/api/get_equip_detail
2019-06-05 09:12:45,004 INFO (HttpsClientUtil.java:74)- 2019/06/05-09:12:45:004https://my.cbg.163.com/cgi/api/add_collect
2019-06-05 09:12:50,068 INFO (HttpsClientUtil.java:74)- 2019/06/05-09:12:50:068https://my.cbg.163.com/cgi/api/get_equip_detail
2019-06-05 09:12:55,218 INFO (HttpsClientUtil.java:74)- 2019/06/05-09:12:55:218https://my.cbg.163.com/cgi/api/get_equip_detail
2019-06-05 09:13:00,305 INFO (HttpsClientUtil.java:74)- 2019/06/05-09:13:00:305https://my.cbg.163.com/cgi/api/add_collect
2019-06-05 09:13:05,356 INFO (HttpsClientUtil.java:74)- 2019/06/05-09:13:05:356https://my.cbg.163.com/cgi/api/get_equip_detail
2019-06-05 09:13:10,486 INFO (HttpsClientUtil.java:74)- 2019/06/05-09:13:10:486https://my.cbg.163.com/cgi/api/add_collect
2019-06-05 09:13:15,546 INFO (HttpsClientUtil.java:74)- 2019/06/05-09:13:15:546https://my.cbg.163.com/cgi/api/get_equip_detail
2019-06-05 09:13:20,652 INFO (HttpsClientUtil.java:74)- 2019/06/05-09:13:20:651https://my.cbg.163.com/cgi/api/add_collect
2019-06-05 09:13:25,714 INFO (HttpsClientUtil.java:74)- 2019/06/05-09:13:25:714https://my.cbg.163.com/cgi/api/get_equip_detail
2019-06-05 09:13:30,800 INFO (HttpsClientUtil.java:74)- 2019/06/05-09:13:30:800https://my.cbg.163.com/cgi/api/get_equip_detail
2019-06-05 09:13:35,909 INFO (HttpsClientUtil.java:74)- 2019/06/05-09:13:35:909https://my.cbg.163.com/cgi/api/get_equip_detail
2019-06-05 09:13:41,045 INFO (HttpsClientUtil.java:74)- 2019/06/05-09:13:41:045https://my.cbg.163.com/cgi/api/get_equip_detail
2019-06-05 09:13:46,114 INFO (HttpsClientUtil.java:74)- 2019/06/05-09:13:46:114https://my.cbg.163.com/cgi/api/get_equip_detail
2019-06-05 09:13:51,197 INFO (HttpsClientUtil.java:74)- 2019/06/05-09:13:51:197https://my.cbg.163.com/cgi/api/get_equip_detail
2019-06-05 09:13:56,268 INFO (HttpsClientUtil.java:74)- 2019/06/05-09:13:56:268https://my.cbg.163.com/cgi/api/get_equip_detail
2019-06-05 09:14:01,395 INFO (HttpsClientUtil.java:74)- 2019/06/05-09:14:01:395https://my.cbg.163.com/cgi/api/add_collect
2019-06-05 09:14:06,449 INFO (HttpsClientUtil.java:74)- 2019/06/05-09:14:06:449https://my.cbg.163.com/cgi/api/get_equip_detail
2019-06-05 09:14:11,528 INFO (HttpsClientUtil.java:74)- 2019/06/05-09:14:11:528https://my.cbg.163.com/cgi/api/query
2019-06-05 09:14:16,603 INFO (HttpsClientUtil.java:74)- 2019/06/05-09:14:16:603https://my.cbg.163.com/cgi/api/get_equip_detail
2019-06-05 09:14:21,687 INFO (HttpsClientUtil.java:74)- 2019/06/05-09:14:21:687https://my.cbg.163.com/cgi/api/get_equip_detail
2019-06-05 09:14:26,814 INFO (HttpsClientUtil.java:74)- 2019/06/05-09:14:26:814https://my.cbg.163.com/cgi/api/get_equip_detail
2019-06-05 09:14:31,963 INFO (HttpsClientUtil.java:74)- 2019/06/05-09:14:31:963https://my.cbg.163.com/cgi/api/get_equip_detail
2019-06-05 09:14:37,056 INFO (HttpsClientUtil.java:74)- 2019/06/05-09:14:37:056https://my.cbg.163.com/cgi/api/get_equip_detail
2019-06-05 09:14:42,262 INFO (HttpsClientUtil.java:74)- 2019/06/05-09:14:42:262https://my.cbg.163.com/cgi/api/get_equip_detail
2019-06-05 09:14:47,416 INFO (HttpsClientUtil.java:74)- 2019/06/05-09:14:47:416https://my.cbg.163.com/cgi/api/get_equip_detail
2019-06-05 09:14:52,500 INFO (HttpsClientUtil.java:74)- 2019/06/05-09:14:52:500https://my.cbg.163.com/cgi/api/get_equip_detail
2019-06-05 09:14:57,603 INFO (HttpsClientUtil.java:74)- 2019/06/05-09:14:57:603https://my.cbg.163.com/cgi/api/add_collect
2019-06-05 09:15:02,656 INFO (HttpsClientUtil.java:74)- 2019/06/05-09:15:02:656https://my.cbg.163.com/cgi/api/get_equip_detail
2019-06-05 09:15:07,784 INFO (HttpsClientUtil.java:74)- 2019/06/05-09:15:07:784https://my.cbg.163.com/cgi/api/get_equip_detail
2019-06-05 09:15:12,878 INFO (HttpsClientUtil.java:74)- 2019/06/05-09:15:12:878https://my.cbg.163.com/cgi/api/get_equip_detail
2019-06-05 09:15:17,977 INFO (HttpsClientUtil.java:74)- 2019/06/05-09:15:17:977https://my.cbg.163.com/cgi/api/get_equip_detail
2019-06-05 09:15:23,101 INFO (HttpsClientUtil.java:74)- 2019/06/05-09:15:23:101https://my.cbg.163.com/cgi/api/get_equip_detail
2019-06-05 09:15:28,174 INFO (HttpsClientUtil.java:74)- 2019/06/05-09:15:28:174https://my.cbg.163.com/cgi/api/get_equip_detail
2019-06-05 09:15:33,308 INFO (HttpsClientUtil.java:74)- 2019/06/05-09:15:33:308https://my.cbg.163.com/cgi/api/get_equip_detail
2019-06-05 09:15:38,510 INFO (HttpsClientUtil.java:74)- 2019/06/05-09:15:38:510https://my.cbg.163.com/cgi/api/query
2019-06-05 09:15:43,621 INFO (HttpsClientUtil.java:74)- 2019/06/05-09:15:43:621https://my.cbg.163.com/cgi/api/get_equip_detail
2019-06-05 09:15:51,601 INFO (HttpsClientUtil.java:74)- 2019/06/05-09:15:51:601https://my.cbg.163.com/cgi/api/get_equip_detail
2019-06-05 09:15:57,117 INFO (HttpsClientUtil.java:74)- 2019/06/05-09:15:57:117https://my.cbg.163.com/cgi/api/get_equip_detail
2019-06-05 09:16:02,382 INFO (HttpsClientUtil.java:74)- 2019/06/05-09:16:02:382https://my.cbg.163.com/cgi/api/get_equip_detail
2019-06-05 09:16:07,740 INFO (HttpsClientUtil.java:74)- 2019/06/05-09:16:07:740https://my.cbg.163.com/cgi/api/get_equip_detail
2019-06-05 09:16:13,400 INFO (HttpsClientUtil.java:74)- 2019/06/05-09:16:13:400https://my.cbg.163.com/cgi/api/add_collect
2019-06-05 09:16:18,493 INFO (HttpsClientUtil.java:74)- 2019/06/05-09:16:18:493https://my.cbg.163.com/cgi/api/get_equip_detail
2019-06-05 09:16:23,750 INFO (HttpsClientUtil.java:74)- 2019/06/05-09:16:23:750https://my.cbg.163.com/cgi/api/add_collect
2019-06-05 09:16:28,824 INFO (HttpsClientUtil.java:74)- 2019/06/05-09:16:28:824https://my.cbg.163.com/cgi/api/get_equip_detail
2019-06-05 09:16:34,186 INFO (HttpsClientUtil.java:74)- 2019/06/05-09:16:34:186https://my.cbg.163.com/cgi/api/get_equip_detail
2019-06-05 09:16:39,662 INFO (HttpsClientUtil.java:74)- 2019/06/05-09:16:39:662https://my.cbg.163.com/cgi/api/add_collect
2019-06-05 09:16:44,720 INFO (HttpsClientUtil.java:74)- 2019/06/05-09:16:44:720https://my.cbg.163.com/cgi/api/get_equip_detail
2019-06-05 09:16:50,060 INFO (HttpsClientUtil.java:74)- 2019/06/05-09:16:50:060https://my.cbg.163.com/cgi/api/get_equip_detail
2019-06-05 09:16:55,243 INFO (HttpsClientUtil.java:74)- 2019/06/05-09:16:55:243https://my.cbg.163.com/cgi/api/get_equip_detail
2019-06-05 09:17:00,506 INFO (HttpsClientUtil.java:74)- 2019/06/05-09:17:00:506https://my.cbg.163.com/cgi/api/get_equip_detail
2019-06-05 09:17:05,800 INFO (HttpsClientUtil.java:74)- 2019/06/05-09:17:05:769https://my.cbg.163.com/cgi/api/get_equip_detail
2019-06-05 09:17:10,928 INFO (HttpsClientUtil.java:74)- 2019/06/05-09:17:10:928https://my.cbg.163.com/cgi/api/add_collect
2019-06-05 12:29:13,956 INFO (HttpsClientUtil.java:74)- 2019/06/05-12:29:13:956https://my.cbg.163.com/cgi/api/query
2019-06-05 12:29:22,205 INFO (HttpsClientUtil.java:74)- 2019/06/05-12:29:22:205https://my.cbg.163.com/cgi/api/get_equip_detail
2019-06-05 12:29:27,632 INFO (HttpsClientUtil.java:74)- 2019/06/05-12:29:27:632https://my.cbg.163.com/cgi/api/get_equip_detail
2019-06-05 12:29:32,935 INFO (HttpsClientUtil.java:74)- 2019/06/05-12:29:32:935https://my.cbg.163.com/cgi/api/get_equip_detail
2019-06-05 12:29:38,190 INFO (HttpsClientUtil.java:74)- 2019/06/05-12:29:38:190https://my.cbg.163.com/cgi/api/get_equip_detail
2019-06-05 12:29:43,363 INFO (HttpsClientUtil.java:74)- 2019/06/05-12:29:43:363https://my.cbg.163.com/cgi/api/get_equip_detail
2019-06-05 12:29:48,685 INFO (HttpsClientUtil.java:74)- 2019/06/05-12:29:48:685https://my.cbg.163.com/cgi/api/get_equip_detail
2019-06-05 12:29:53,949 INFO (HttpsClientUtil.java:74)- 2019/06/05-12:29:53:949https://my.cbg.163.com/cgi/api/get_equip_detail
2019-06-05 12:29:59,250 INFO (HttpsClientUtil.java:74)- 2019/06/05-12:29:59:250https://my.cbg.163.com/cgi/api/get_equip_detail
2019-06-05 12:30:04,478 INFO (HttpsClientUtil.java:74)- 2019/06/05-12:30:04:478https://my.cbg.163.com/cgi/api/get_equip_detail
2019-06-05 12:30:09,864 INFO (HttpsClientUtil.java:74)- 2019/06/05-12:30:09:864https://my.cbg.163.com/cgi/api/get_equip_detail
2019-06-05 12:30:15,305 INFO (HttpsClientUtil.java:74)- 2019/06/05-12:30:15:305https://my.cbg.163.com/cgi/api/get_equip_detail
2019-06-05 12:30:20,499 INFO (HttpsClientUtil.java:74)- 2019/06/05-12:30:20:499https://my.cbg.163.com/cgi/api/get_equip_detail
2019-06-05 12:30:25,765 INFO (HttpsClientUtil.java:74)- 2019/06/05-12:30:25:765https://my.cbg.163.com/cgi/api/get_equip_detail
2019-06-05 12:30:31,008 INFO (HttpsClientUtil.java:74)- 2019/06/05-12:30:31:008https://my.cbg.163.com/cgi/api/get_equip_detail
2019-06-05 12:30:36,317 INFO (HttpsClientUtil.java:74)- 2019/06/05-12:30:36:317https://my.cbg.163.com/cgi/api/get_equip_detail
2019-06-05 12:30:41,624 INFO (HttpsClientUtil.java:74)- 2019/06/05-12:30:41:624https://my.cbg.163.com/cgi/api/query
2019-06-05 12:30:46,697 INFO (HttpsClientUtil.java:74)- 2019/06/05-12:30:46:697https://my.cbg.163.com/cgi/api/get_equip_detail
2019-06-05 12:30:52,012 INFO (HttpsClientUtil.java:74)- 2019/06/05-12:30:52:012https://my.cbg.163.com/cgi/api/get_equip_detail
2019-06-05 12:30:57,219 INFO (HttpsClientUtil.java:74)- 2019/06/05-12:30:57:098https://my.cbg.163.com/cgi/api/get_equip_detail
2019-06-05 12:31:02,451 INFO (HttpsClientUtil.java:74)- 2019/06/05-12:31:02:451https://my.cbg.163.com/cgi/api/get_equip_detail
2019-06-05 12:31:07,680 INFO (HttpsClientUtil.java:74)- 2019/06/05-12:31:07:680https://my.cbg.163.com/cgi/api/get_equip_detail
2019-06-05 12:31:12,892 INFO (HttpsClientUtil.java:74)- 2019/06/05-12:31:12:892https://my.cbg.163.com/cgi/api/get_equip_detail
2019-06-05 12:31:18,136 INFO (HttpsClientUtil.java:74)- 2019/06/05-12:31:18:136https://my.cbg.163.com/cgi/api/get_equip_detail
2019-06-05 12:31:23,351 INFO (HttpsClientUtil.java:74)- 2019/06/05-12:31:23:351https://my.cbg.163.com/cgi/api/get_equip_detail
2019-06-05 12:31:28,581 INFO (HttpsClientUtil.java:74)- 2019/06/05-12:31:28:581https://my.cbg.163.com/cgi/api/get_equip_detail
2019-06-05 12:31:33,770 INFO (HttpsClientUtil.java:74)- 2019/06/05-12:31:33:770https://my.cbg.163.com/cgi/api/add_collect
2019-06-05 12:31:39,392 INFO (HttpsClientUtil.java:74)- 2019/06/05-12:31:38:827https://my.cbg.163.com/cgi/api/get_equip_detail
2019-06-05 12:31:45,073 INFO (HttpsClientUtil.java:74)- 2019/06/05-12:31:45:073https://my.cbg.163.com/cgi/api/get_equip_detail
2019-06-05 12:31:50,288 INFO (HttpsClientUtil.java:74)- 2019/06/05-12:31:50:288https://my.cbg.163.com/cgi/api/add_collect
2019-06-05 12:31:55,335 INFO (HttpsClientUtil.java:74)- 2019/06/05-12:31:55:335https://my.cbg.163.com/cgi/api/get_equip_detail
2019-06-05 12:32:00,530 INFO (HttpsClientUtil.java:74)- 2019/06/05-12:32:00:530https://my.cbg.163.com/cgi/api/get_equip_detail
2019-06-05 12:32:05,757 INFO (HttpsClientUtil.java:74)- 2019/06/05-12:32:05:729https://my.cbg.163.com/cgi/api/add_collect
2019-06-05 12:32:10,814 INFO (HttpsClientUtil.java:74)- 2019/06/05-12:32:10:814https://my.cbg.163.com/cgi/api/get_equip_detail
2019-06-05 12:32:16,025 INFO (HttpsClientUtil.java:74)- 2019/06/05-12:32:16:025https://my.cbg.163.com/cgi/api/add_collect
2019-06-05 12:32:21,075 INFO (HttpsClientUtil.java:74)- 2019/06/05-12:32:21:075https://my.cbg.163.com/cgi/api/get_equip_detail
2019-06-05 12:32:26,378 INFO (HttpsClientUtil.java:74)- 2019/06/05-12:32:26:378https://my.cbg.163.com/cgi/api/query
2019-06-05 12:32:31,453 INFO (HttpsClientUtil.java:74)- 2019/06/05-12:32:31:453https://my.cbg.163.com/cgi/api/get_equip_detail
2019-06-05 12:32:36,628 INFO (HttpsClientUtil.java:74)- 2019/06/05-12:32:36:628https://my.cbg.163.com/cgi/api/get_equip_detail
2019-06-05 12:32:41,811 INFO (HttpsClientUtil.java:74)- 2019/06/05-12:32:41:811https://my.cbg.163.com/cgi/api/get_equip_detail
2019-06-05 12:32:47,074 INFO (HttpsClientUtil.java:74)- 2019/06/05-12:32:47:074https://my.cbg.163.com/cgi/api/get_equip_detail
2019-06-05 12:32:52,205 INFO (HttpsClientUtil.java:74)- 2019/06/05-12:32:52:205https://my.cbg.163.com/cgi/api/get_equip_detail
2019-06-05 12:32:57,455 INFO (HttpsClientUtil.java:74)- 2019/06/05-12:32:57:455https://my.cbg.163.com/cgi/api/get_equip_detail
2019-06-05 12:33:02,659 INFO (HttpsClientUtil.java:74)- 2019/06/05-12:33:02:659https://my.cbg.163.com/cgi/api/add_collect
2019-06-05 12:33:07,709 INFO (HttpsClientUtil.java:74)- 2019/06/05-12:33:07:709https://my.cbg.163.com/cgi/api/get_equip_detail
2019-06-05 12:33:12,868 INFO (HttpsClientUtil.java:74)- 2019/06/05-12:33:12:868https://my.cbg.163.com/cgi/api/get_equip_detail
2019-06-05 12:33:18,041 INFO (HttpsClientUtil.java:74)- 2019/06/05-12:33:18:041https://my.cbg.163.com/cgi/api/get_equip_detail
2019-06-05 12:33:23,228 INFO (HttpsClientUtil.java:74)- 2019/06/05-12:33:23:228https://my.cbg.163.com/cgi/api/get_equip_detail
2019-06-05 12:33:28,384 INFO (HttpsClientUtil.java:74)- 2019/06/05-12:33:28:384https://my.cbg.163.com/cgi/api/get_equip_detail
2019-06-05 12:33:33,555 INFO (HttpsClientUtil.java:74)- 2019/06/05-12:33:33:555https://my.cbg.163.com/cgi/api/add_collect
2019-06-05 12:33:38,605 INFO (HttpsClientUtil.java:74)- 2019/06/05-12:33:38:605https://my.cbg.163.com/cgi/api/get_equip_detail
2019-06-05 12:33:43,756 INFO (HttpsClientUtil.java:74)- 2019/06/05-12:33:43:756https://my.cbg.163.com/cgi/api/add_collect
2019-06-05 12:33:48,813 INFO (HttpsClientUtil.java:74)- 2019/06/05-12:33:48:813https://my.cbg.163.com/cgi/api/get_equip_detail
2019-06-05 12:33:53,939 INFO (HttpsClientUtil.java:74)- 2019/06/05-12:33:53:938https://my.cbg.163.com/cgi/api/get_equip_detail
2019-06-05 12:33:59,170 INFO (HttpsClientUtil.java:74)- 2019/06/05-12:33:59:170https://my.cbg.163.com/cgi/api/get_equip_detail
2019-06-05 12:34:04,454 INFO (HttpsClientUtil.java:74)- 2019/06/05-12:34:04:454https://my.cbg.163.com/cgi/api/query
2019-06-05 12:34:09,567 INFO (HttpsClientUtil.java:74)- 2019/06/05-12:34:09:567https://my.cbg.163.com/cgi/api/get_equip_detail
2019-06-05 12:34:14,820 INFO (HttpsClientUtil.java:74)- 2019/06/05-12:34:14:820https://my.cbg.163.com/cgi/api/get_equip_detail
2019-06-05 12:34:19,988 INFO (HttpsClientUtil.java:74)- 2019/06/05-12:34:19:988https://my.cbg.163.com/cgi/api/add_collect
2019-06-05 12:34:25,047 INFO (HttpsClientUtil.java:74)- 2019/06/05-12:34:25:047https://my.cbg.163.com/cgi/api/get_equip_detail
2019-06-05 12:34:30,261 INFO (HttpsClientUtil.java:74)- 2019/06/05-12:34:30:261https://my.cbg.163.com/cgi/api/get_equip_detail
2019-06-05 12:34:35,415 INFO (HttpsClientUtil.java:74)- 2019/06/05-12:34:35:415https://my.cbg.163.com/cgi/api/get_equip_detail
2019-06-05 12:34:40,636 INFO (HttpsClientUtil.java:74)- 2019/06/05-12:34:40:636https://my.cbg.163.com/cgi/api/get_equip_detail
2019-06-05 12:34:45,898 INFO (HttpsClientUtil.java:74)- 2019/06/05-12:34:45:898https://my.cbg.163.com/cgi/api/get_equip_detail
2019-06-05 12:34:51,126 INFO (HttpsClientUtil.java:74)- 2019/06/05-12:34:51:126https://my.cbg.163.com/cgi/api/get_equip_detail
2019-06-05 12:34:56,412 INFO (HttpsClientUtil.java:74)- 2019/06/05-12:34:56:412https://my.cbg.163.com/cgi/api/get_equip_detail
2019-06-05 12:35:02,179 INFO (HttpsClientUtil.java:74)- 2019/06/05-12:35:02:179https://my.cbg.163.com/cgi/api/get_equip_detail
2019-06-05 12:35:07,363 INFO (HttpsClientUtil.java:74)- 2019/06/05-12:35:07:363https://my.cbg.163.com/cgi/api/get_equip_detail
2019-06-05 12:35:13,704 INFO (HttpsClientUtil.java:74)- 2019/06/05-12:35:13:703https://my.cbg.163.com/cgi/api/add_collect
2019-06-05 12:35:18,783 INFO (HttpsClientUtil.java:74)- 2019/06/05-12:35:18:783https://my.cbg.163.com/cgi/api/get_equip_detail
2019-06-05 12:35:23,985 INFO (HttpsClientUtil.java:74)- 2019/06/05-12:35:23:985https://my.cbg.163.com/cgi/api/get_equip_detail
2019-06-05 12:35:29,275 INFO (HttpsClientUtil.java:74)- 2019/06/05-12:35:29:275https://my.cbg.163.com/cgi/api/get_equip_detail
2019-06-05 12:35:34,421 INFO (HttpsClientUtil.java:74)- 2019/06/05-12:35:34:421https://my.cbg.163.com/cgi/api/get_equip_detail
2019-06-05 12:35:39,515 INFO (HttpsClientUtil.java:74)- 2019/06/05-12:35:39:515https://my.cbg.163.com/cgi/api/query
2019-06-05 12:35:44,785 INFO (HttpsClientUtil.java:74)- 2019/06/05-12:35:44:784https://my.cbg.163.com/cgi/api/get_equip_detail
2019-06-05 12:35:50,294 INFO (HttpsClientUtil.java:74)- 2019/06/05-12:35:50:294https://my.cbg.163.com/cgi/api/add_collect
2019-06-05 12:35:55,354 INFO (HttpsClientUtil.java:74)- 2019/06/05-12:35:55:341https://my.cbg.163.com/cgi/api/get_equip_detail
2019-06-05 12:36:00,628 INFO (HttpsClientUtil.java:74)- 2019/06/05-12:36:00:628https://my.cbg.163.com/cgi/api/get_equip_detail
2019-06-05 12:36:05,891 INFO (HttpsClientUtil.java:74)- 2019/06/05-12:36:05:891https://my.cbg.163.com/cgi/api/add_collect
2019-06-05 12:36:10,945 INFO (HttpsClientUtil.java:74)- 2019/06/05-12:36:10:945https://my.cbg.163.com/cgi/api/get_equip_detail
2019-06-05 12:36:16,164 INFO (HttpsClientUtil.java:74)- 2019/06/05-12:36:16:161https://my.cbg.163.com/cgi/api/get_equip_detail
2019-06-05 12:36:21,425 INFO (HttpsClientUtil.java:74)- 2019/06/05-12:36:21:425https://my.cbg.163.com/cgi/api/get_equip_detail
2019-06-05 12:36:26,687 INFO (HttpsClientUtil.java:74)- 2019/06/05-12:36:26:687https://my.cbg.163.com/cgi/api/get_equip_detail
2019-06-05 12:36:32,035 INFO (HttpsClientUtil.java:74)- 2019/06/05-12:36:32:035https://my.cbg.163.com/cgi/api/get_equip_detail
2019-06-05 12:36:37,240 INFO (HttpsClientUtil.java:74)- 2019/06/05-12:36:37:240https://my.cbg.163.com/cgi/api/get_equip_detail
2019-06-05 12:36:42,735 INFO (HttpsClientUtil.java:74)- 2019/06/05-12:36:42:735https://my.cbg.163.com/cgi/api/get_equip_detail
2019-06-05 12:36:49,450 INFO (HttpsClientUtil.java:74)- 2019/06/05-12:36:49:450https://my.cbg.163.com/cgi/api/add_collect
2019-06-05 12:36:54,496 INFO (HttpsClientUtil.java:74)- 2019/06/05-12:36:54:496https://my.cbg.163.com/cgi/api/get_equip_detail
2019-06-05 12:36:59,630 INFO (HttpsClientUtil.java:74)- 2019/06/05-12:36:59:630https://my.cbg.163.com/cgi/api/get_equip_detail
2019-06-05 12:37:04,904 INFO (HttpsClientUtil.java:74)- 2019/06/05-12:37:04:904https://my.cbg.163.com/cgi/api/get_equip_detail
2019-06-05 12:37:10,073 INFO (HttpsClientUtil.java:74)- 2019/06/05-12:37:10:073https://my.cbg.163.com/cgi/api/get_equip_detail
2019-06-05 12:37:15,296 INFO (HttpsClientUtil.java:74)- 2019/06/05-12:37:15:296https://my.cbg.163.com/cgi/api/add_collect
2019-06-05 12:37:20,345 INFO (HttpsClientUtil.java:74)- 2019/06/05-12:37:20:345https://my.cbg.163.com/cgi/api/get_equip_detail
2019-06-05 12:37:25,523 INFO (HttpsClientUtil.java:74)- 2019/06/05-12:37:25:523https://my.cbg.163.com/cgi/api/query
2019-06-05 12:37:30,721 INFO (HttpsClientUtil.java:74)- 2019/06/05-12:37:30:721https://my.cbg.163.com/cgi/api/get_equip_detail
2019-06-05 12:37:36,019 INFO (HttpsClientUtil.java:74)- 2019/06/05-12:37:36:019https://my.cbg.163.com/cgi/api/get_equip_detail
2019-06-05 12:37:41,377 INFO (HttpsClientUtil.java:74)- 2019/06/05-12:37:41:377https://my.cbg.163.com/cgi/api/get_equip_detail
2019-06-05 12:37:46,661 INFO (HttpsClientUtil.java:74)- 2019/06/05-12:37:46:661https://my.cbg.163.com/cgi/api/get_equip_detail
2019-06-05 12:37:51,922 INFO (HttpsClientUtil.java:74)- 2019/06/05-12:37:51:922https://my.cbg.163.com/cgi/api/add_collect
2019-06-05 12:37:56,971 INFO (HttpsClientUtil.java:74)- 2019/06/05-12:37:56:971https://my.cbg.163.com/cgi/api/get_equip_detail
2019-06-05 12:38:02,464 INFO (HttpsClientUtil.java:74)- 2019/06/05-12:38:02:464https://my.cbg.163.com/cgi/api/get_equip_detail
2019-06-05 12:38:07,768 INFO (HttpsClientUtil.java:74)- 2019/06/05-12:38:07:768https://my.cbg.163.com/cgi/api/get_equip_detail
2019-06-05 12:38:12,984 INFO (HttpsClientUtil.java:74)- 2019/06/05-12:38:12:984https://my.cbg.163.com/cgi/api/get_equip_detail
2019-06-05 12:38:18,272 INFO (HttpsClientUtil.java:74)- 2019/06/05-12:38:18:272https://my.cbg.163.com/cgi/api/get_equip_detail
2019-06-05 12:38:23,418 INFO (HttpsClientUtil.java:74)- 2019/06/05-12:38:23:418https://my.cbg.163.com/cgi/api/get_equip_detail
2019-06-05 12:38:28,655 INFO (HttpsClientUtil.java:74)- 2019/06/05-12:38:28:655https://my.cbg.163.com/cgi/api/add_collect
2019-06-05 12:38:33,710 INFO (HttpsClientUtil.java:74)- 2019/06/05-12:38:33:710https://my.cbg.163.com/cgi/api/get_equip_detail
2019-06-05 19:29:27,500 INFO (StartupInfoLogger.java:50)- Starting PaymhApplication on WINDOWS-IC8VOTH with PID 11392 (E:\projects\paymh-ip\target\classes started by chenjc23273 in E:\projects\paymh-ip)
2019-06-05 19:29:27,515 INFO (SpringApplication.java:675)- No active profile set, falling back to default profiles: default
2019-06-05 19:29:29,359 INFO (StartupInfoLogger.java:59)- Started PaymhApplication in 2.297 seconds (JVM running for 2.838)
2019-06-05 19:29:29,359 INFO (PayService.java:66)- 2019/06/05-19:29:29:359------Http初始化之前
2019-06-05 19:29:30,062 INFO (PayService.java:83)- 2019/06/05-19:29:30:062------Http初始化之后
