2019-06-03 09:26:09,266 INFO (StartupInfoLogger.java:50)- Starting PaymhApplication on WINDOWS-MGSUBV3 with PID 7736 (E:\projects\paymh-ip\target\classes started by chenjc23273 in E:\projects\paymh-ip)
2019-06-03 09:26:09,341 INFO (SpringApplication.java:675)- No active profile set, falling back to default profiles: default
2019-06-03 09:26:16,927 INFO (StartupInfoLogger.java:59)- Started PaymhApplication in 10.707 seconds (JVM running for 18.165)
2019-06-03 09:26:16,932 INFO (PayService.java:66)- 2019/06/03-09:26:16:931------Http初始化之前
2019-06-03 09:26:21,052 INFO (PayService.java:83)- 2019/06/03-09:26:21:052------Http初始化之后
2019-06-03 09:31:50,027 INFO (HttpsClientUtil.java:74)- 2019/06/03-09:31:50:027https://my.cbg.163.com/cgi/api/query
2019-06-03 09:31:56,026 INFO (HttpsClientUtil.java:74)- 2019/06/03-09:31:56:026https://my.cbg.163.com/cgi/api/get_equip_detail
2019-06-03 09:32:01,255 INFO (HttpsClientUtil.java:74)- 2019/06/03-09:32:01:251https://my.cbg.163.com/cgi/api/get_equip_detail
2019-06-03 09:32:06,525 INFO (HttpsClientUtil.java:74)- 2019/06/03-09:32:06:525https://my.cbg.163.com/cgi/api/get_equip_detail
2019-06-03 09:32:11,730 INFO (HttpsClientUtil.java:74)- 2019/06/03-09:32:11:730https://my.cbg.163.com/cgi/api/get_equip_detail
2019-06-03 09:32:16,917 INFO (HttpsClientUtil.java:74)- 2019/06/03-09:32:16:917https://my.cbg.163.com/cgi/api/get_equip_detail
2019-06-03 09:32:22,113 INFO (HttpsClientUtil.java:74)- 2019/06/03-09:32:22:113https://my.cbg.163.com/cgi/api/get_equip_detail
2019-06-03 09:32:27,330 INFO (HttpsClientUtil.java:74)- 2019/06/03-09:32:27:330https://my.cbg.163.com/cgi/api/get_equip_detail
2019-06-03 09:32:32,440 INFO (HttpsClientUtil.java:74)- 2019/06/03-09:32:32:440https://my.cbg.163.com/cgi/api/get_equip_detail
2019-06-03 09:32:37,616 INFO (HttpsClientUtil.java:74)- 2019/06/03-09:32:37:616https://my.cbg.163.com/cgi/api/add_collect
2019-06-03 09:32:42,676 INFO (HttpsClientUtil.java:74)- 2019/06/03-09:32:42:676https://my.cbg.163.com/cgi/api/get_equip_detail
2019-06-03 09:32:47,810 INFO (HttpsClientUtil.java:74)- 2019/06/03-09:32:47:810https://my.cbg.163.com/cgi/api/get_equip_detail
2019-06-03 09:32:52,939 INFO (HttpsClientUtil.java:74)- 2019/06/03-09:32:52:939https://my.cbg.163.com/cgi/api/get_equip_detail
2019-06-03 09:32:58,064 INFO (HttpsClientUtil.java:74)- 2019/06/03-09:32:58:064https://my.cbg.163.com/cgi/api/get_equip_detail
2019-06-03 09:33:03,165 INFO (HttpsClientUtil.java:74)- 2019/06/03-09:33:03:165https://my.cbg.163.com/cgi/api/get_equip_detail
2019-06-03 09:33:08,367 INFO (HttpsClientUtil.java:74)- 2019/06/03-09:33:08:367https://my.cbg.163.com/cgi/api/get_equip_detail
2019-06-03 09:33:13,504 INFO (HttpsClientUtil.java:74)- 2019/06/03-09:33:13:504https://my.cbg.163.com/cgi/api/get_equip_detail
2019-06-03 09:33:18,741 INFO (HttpsClientUtil.java:74)- 2019/06/03-09:33:18:741https://my.cbg.163.com/cgi/api/query
2019-06-03 09:33:23,825 INFO (HttpsClientUtil.java:74)- 2019/06/03-09:33:23:825https://my.cbg.163.com/cgi/api/get_equip_detail
2019-06-03 09:33:28,933 INFO (HttpsClientUtil.java:74)- 2019/06/03-09:33:28:933https://my.cbg.163.com/cgi/api/get_equip_detail
2019-06-03 09:33:34,067 INFO (HttpsClientUtil.java:74)- 2019/06/03-09:33:34:067https://my.cbg.163.com/cgi/api/get_equip_detail
2019-06-03 09:33:39,244 INFO (HttpsClientUtil.java:74)- 2019/06/03-09:33:39:244https://my.cbg.163.com/cgi/api/get_equip_detail
2019-06-03 09:33:44,380 INFO (HttpsClientUtil.java:74)- 2019/06/03-09:33:44:380https://my.cbg.163.com/cgi/api/get_equip_detail
2019-06-03 09:33:49,468 INFO (HttpsClientUtil.java:74)- 2019/06/03-09:33:49:468https://my.cbg.163.com/cgi/api/add_collect
2019-06-03 09:33:54,517 INFO (HttpsClientUtil.java:74)- 2019/06/03-09:33:54:517https://my.cbg.163.com/cgi/api/get_equip_detail
2019-06-03 09:33:59,622 INFO (HttpsClientUtil.java:74)- 2019/06/03-09:33:59:622https://my.cbg.163.com/cgi/api/add_collect
2019-06-03 09:34:04,675 INFO (HttpsClientUtil.java:74)- 2019/06/03-09:34:04:675https://my.cbg.163.com/cgi/api/get_equip_detail
2019-06-03 09:34:09,962 INFO (HttpsClientUtil.java:74)- 2019/06/03-09:34:09:962https://my.cbg.163.com/cgi/api/get_equip_detail
2019-06-03 09:34:15,137 INFO (HttpsClientUtil.java:74)- 2019/06/03-09:34:15:137https://my.cbg.163.com/cgi/api/add_collect
2019-06-03 09:34:20,195 INFO (HttpsClientUtil.java:74)- 2019/06/03-09:34:20:195https://my.cbg.163.com/cgi/api/get_equip_detail
2019-06-03 09:34:25,313 INFO (HttpsClientUtil.java:74)- 2019/06/03-09:34:25:311https://my.cbg.163.com/cgi/api/get_equip_detail
2019-06-03 09:34:30,470 INFO (HttpsClientUtil.java:74)- 2019/06/03-09:34:30:470https://my.cbg.163.com/cgi/api/get_equip_detail
2019-06-03 09:34:35,567 INFO (HttpsClientUtil.java:74)- 2019/06/03-09:34:35:567https://my.cbg.163.com/cgi/api/get_equip_detail
2019-06-03 09:34:40,673 INFO (HttpsClientUtil.java:74)- 2019/06/03-09:34:40:673https://my.cbg.163.com/cgi/api/get_equip_detail
2019-06-03 09:34:45,779 INFO (HttpsClientUtil.java:74)- 2019/06/03-09:34:45:779https://my.cbg.163.com/cgi/api/add_collect
2019-06-03 09:34:50,840 INFO (HttpsClientUtil.java:74)- 2019/06/03-09:34:50:840https://my.cbg.163.com/cgi/api/get_equip_detail
2019-06-03 09:34:55,971 INFO (HttpsClientUtil.java:74)- 2019/06/03-09:34:55:971https://my.cbg.163.com/cgi/api/get_equip_detail
2019-06-03 09:35:01,114 INFO (HttpsClientUtil.java:74)- 2019/06/03-09:35:01:114https://my.cbg.163.com/cgi/api/query
2019-06-03 09:35:06,200 INFO (HttpsClientUtil.java:74)- 2019/06/03-09:35:06:200https://my.cbg.163.com/cgi/api/get_equip_detail
2019-06-03 09:35:11,317 INFO (HttpsClientUtil.java:74)- 2019/06/03-09:35:11:317https://my.cbg.163.com/cgi/api/get_equip_detail
2019-06-03 09:35:16,413 INFO (HttpsClientUtil.java:74)- 2019/06/03-09:35:16:413https://my.cbg.163.com/cgi/api/add_collect
2019-06-03 09:35:21,466 INFO (HttpsClientUtil.java:74)- 2019/06/03-09:35:21:466https://my.cbg.163.com/cgi/api/get_equip_detail
2019-06-03 09:35:26,660 INFO (HttpsClientUtil.java:74)- 2019/06/03-09:35:26:660https://my.cbg.163.com/cgi/api/get_equip_detail
2019-06-03 09:35:32,058 INFO (HttpsClientUtil.java:74)- 2019/06/03-09:35:32:058https://my.cbg.163.com/cgi/api/get_equip_detail
2019-06-03 09:35:37,165 INFO (HttpsClientUtil.java:74)- 2019/06/03-09:35:37:165https://my.cbg.163.com/cgi/api/get_equip_detail
2019-06-03 09:35:42,277 INFO (HttpsClientUtil.java:74)- 2019/06/03-09:35:42:277https://my.cbg.163.com/cgi/api/get_equip_detail
2019-06-03 09:35:47,398 INFO (HttpsClientUtil.java:74)- 2019/06/03-09:35:47:398https://my.cbg.163.com/cgi/api/add_collect
2019-06-03 09:35:52,453 INFO (HttpsClientUtil.java:74)- 2019/06/03-09:35:52:453https://my.cbg.163.com/cgi/api/get_equip_detail
2019-06-03 09:35:57,651 INFO (HttpsClientUtil.java:74)- 2019/06/03-09:35:57:651https://my.cbg.163.com/cgi/api/get_equip_detail
2019-06-03 09:36:02,822 INFO (HttpsClientUtil.java:74)- 2019/06/03-09:36:02:822https://my.cbg.163.com/cgi/api/get_equip_detail
2019-06-03 09:36:08,146 INFO (HttpsClientUtil.java:74)- 2019/06/03-09:36:08:146https://my.cbg.163.com/cgi/api/get_equip_detail
2019-06-03 09:36:13,466 INFO (HttpsClientUtil.java:74)- 2019/06/03-09:36:13:466https://my.cbg.163.com/cgi/api/get_equip_detail
2019-06-03 09:36:18,646 INFO (HttpsClientUtil.java:74)- 2019/06/03-09:36:18:646https://my.cbg.163.com/cgi/api/get_equip_detail
2019-06-03 09:36:23,814 INFO (HttpsClientUtil.java:74)- 2019/06/03-09:36:23:814https://my.cbg.163.com/cgi/api/get_equip_detail
2019-06-03 09:36:29,058 INFO (HttpsClientUtil.java:74)- 2019/06/03-09:36:29:058https://my.cbg.163.com/cgi/api/get_equip_detail
2019-06-03 09:36:34,187 INFO (HttpsClientUtil.java:74)- 2019/06/03-09:36:34:187https://my.cbg.163.com/cgi/api/query
2019-06-03 09:36:39,264 INFO (HttpsClientUtil.java:74)- 2019/06/03-09:36:39:264https://my.cbg.163.com/cgi/api/get_equip_detail
2019-06-03 09:36:44,871 INFO (HttpsClientUtil.java:74)- 2019/06/03-09:36:44:871https://my.cbg.163.com/cgi/api/get_equip_detail
2019-06-03 09:36:50,002 INFO (HttpsClientUtil.java:74)- 2019/06/03-09:36:50:002https://my.cbg.163.com/cgi/api/get_equip_detail
2019-06-03 09:36:55,127 INFO (HttpsClientUtil.java:74)- 2019/06/03-09:36:55:127https://my.cbg.163.com/cgi/api/get_equip_detail
2019-06-03 09:37:00,330 INFO (HttpsClientUtil.java:74)- 2019/06/03-09:37:00:330https://my.cbg.163.com/cgi/api/get_equip_detail
2019-06-03 09:37:05,587 INFO (HttpsClientUtil.java:74)- 2019/06/03-09:37:05:587https://my.cbg.163.com/cgi/api/get_equip_detail
2019-06-03 09:37:10,681 INFO (HttpsClientUtil.java:74)- 2019/06/03-09:37:10:681https://my.cbg.163.com/cgi/api/get_equip_detail
2019-06-03 09:37:15,933 INFO (HttpsClientUtil.java:74)- 2019/06/03-09:37:15:933https://my.cbg.163.com/cgi/api/get_equip_detail
2019-06-03 09:37:21,078 INFO (HttpsClientUtil.java:74)- 2019/06/03-09:37:21:078https://my.cbg.163.com/cgi/api/get_equip_detail
2019-06-03 09:37:26,192 INFO (HttpsClientUtil.java:74)- 2019/06/03-09:37:26:192https://my.cbg.163.com/cgi/api/get_equip_detail
2019-06-03 09:37:31,380 INFO (HttpsClientUtil.java:74)- 2019/06/03-09:37:31:380https://my.cbg.163.com/cgi/api/add_collect
2019-06-03 09:37:36,440 INFO (HttpsClientUtil.java:74)- 2019/06/03-09:37:36:440https://my.cbg.163.com/cgi/api/get_equip_detail
2019-06-03 09:37:41,597 INFO (HttpsClientUtil.java:74)- 2019/06/03-09:37:41:597https://my.cbg.163.com/cgi/api/get_equip_detail
2019-06-03 09:37:46,793 INFO (HttpsClientUtil.java:74)- 2019/06/03-09:37:46:792https://my.cbg.163.com/cgi/api/get_equip_detail
2019-06-03 09:37:52,050 INFO (HttpsClientUtil.java:74)- 2019/06/03-09:37:52:050https://my.cbg.163.com/cgi/api/get_equip_detail
2019-06-03 09:37:57,307 INFO (HttpsClientUtil.java:74)- 2019/06/03-09:37:57:305https://my.cbg.163.com/cgi/api/add_collect
2019-06-03 09:38:02,359 INFO (HttpsClientUtil.java:74)- 2019/06/03-09:38:02:359https://my.cbg.163.com/cgi/api/get_equip_detail
2019-06-03 09:38:07,495 INFO (HttpsClientUtil.java:74)- 2019/06/03-09:38:07:495https://my.cbg.163.com/cgi/api/query
2019-06-03 09:38:12,570 INFO (HttpsClientUtil.java:74)- 2019/06/03-09:38:12:570https://my.cbg.163.com/cgi/api/get_equip_detail
2019-06-03 09:38:17,675 INFO (HttpsClientUtil.java:74)- 2019/06/03-09:38:17:675https://my.cbg.163.com/cgi/api/get_equip_detail
2019-06-03 09:38:22,825 INFO (HttpsClientUtil.java:74)- 2019/06/03-09:38:22:825https://my.cbg.163.com/cgi/api/get_equip_detail
2019-06-03 09:38:27,927 INFO (HttpsClientUtil.java:74)- 2019/06/03-09:38:27:927https://my.cbg.163.com/cgi/api/add_collect
2019-06-03 09:38:32,996 INFO (HttpsClientUtil.java:74)- 2019/06/03-09:38:32:996https://my.cbg.163.com/cgi/api/get_equip_detail
2019-06-03 09:38:38,142 INFO (HttpsClientUtil.java:74)- 2019/06/03-09:38:38:142https://my.cbg.163.com/cgi/api/get_equip_detail
2019-06-03 09:38:43,327 INFO (HttpsClientUtil.java:74)- 2019/06/03-09:38:43:327https://my.cbg.163.com/cgi/api/get_equip_detail
2019-06-03 09:38:48,421 INFO (HttpsClientUtil.java:74)- 2019/06/03-09:38:48:421https://my.cbg.163.com/cgi/api/add_collect
2019-06-03 09:38:53,494 INFO (HttpsClientUtil.java:74)- 2019/06/03-09:38:53:494https://my.cbg.163.com/cgi/api/get_equip_detail
2019-06-03 09:38:58,620 INFO (HttpsClientUtil.java:74)- 2019/06/03-09:38:58:620https://my.cbg.163.com/cgi/api/get_equip_detail
2019-06-03 09:39:03,719 INFO (HttpsClientUtil.java:74)- 2019/06/03-09:39:03:719https://my.cbg.163.com/cgi/api/get_equip_detail
2019-06-03 09:39:08,861 INFO (HttpsClientUtil.java:74)- 2019/06/03-09:39:08:861https://my.cbg.163.com/cgi/api/get_equip_detail
2019-06-03 09:39:13,999 INFO (HttpsClientUtil.java:74)- 2019/06/03-09:39:13:999https://my.cbg.163.com/cgi/api/get_equip_detail
2019-06-03 09:39:19,170 INFO (HttpsClientUtil.java:74)- 2019/06/03-09:39:19:170https://my.cbg.163.com/cgi/api/get_equip_detail
2019-06-03 09:39:24,235 INFO (HttpsClientUtil.java:74)- 2019/06/03-09:39:24:235https://my.cbg.163.com/cgi/api/get_equip_detail
2019-06-03 09:39:32,505 INFO (HttpsClientUtil.java:74)- 2019/06/03-09:39:32:505https://my.cbg.163.com/cgi/api/get_equip_detail
2019-06-03 09:39:37,647 INFO (HttpsClientUtil.java:74)- 2019/06/03-09:39:37:647https://my.cbg.163.com/cgi/api/get_equip_detail
2019-06-03 09:39:42,761 INFO (HttpsClientUtil.java:74)- 2019/06/03-09:39:42:761https://my.cbg.163.com/cgi/api/query
2019-06-03 09:39:47,857 INFO (HttpsClientUtil.java:74)- 2019/06/03-09:39:47:857https://my.cbg.163.com/cgi/api/get_equip_detail
2019-06-03 09:39:52,933 INFO (HttpsClientUtil.java:74)- 2019/06/03-09:39:52:933https://my.cbg.163.com/cgi/api/add_collect
2019-06-03 09:39:57,986 INFO (HttpsClientUtil.java:74)- 2019/06/03-09:39:57:986https://my.cbg.163.com/cgi/api/get_equip_detail
2019-06-03 09:40:03,178 INFO (HttpsClientUtil.java:74)- 2019/06/03-09:40:03:178https://my.cbg.163.com/cgi/api/get_equip_detail
2019-06-03 09:40:08,313 INFO (HttpsClientUtil.java:74)- 2019/06/03-09:40:08:313https://my.cbg.163.com/cgi/api/get_equip_detail
2019-06-03 09:40:13,415 INFO (HttpsClientUtil.java:74)- 2019/06/03-09:40:13:415https://my.cbg.163.com/cgi/api/add_collect
2019-06-03 09:40:18,477 INFO (HttpsClientUtil.java:74)- 2019/06/03-09:40:18:477https://my.cbg.163.com/cgi/api/get_equip_detail
2019-06-03 09:40:23,574 INFO (HttpsClientUtil.java:74)- 2019/06/03-09:40:23:574https://my.cbg.163.com/cgi/api/get_equip_detail
2019-06-03 09:40:28,673 INFO (HttpsClientUtil.java:74)- 2019/06/03-09:40:28:673https://my.cbg.163.com/cgi/api/get_equip_detail
2019-06-03 09:40:33,805 INFO (HttpsClientUtil.java:74)- 2019/06/03-09:40:33:805https://my.cbg.163.com/cgi/api/get_equip_detail
2019-06-03 09:40:39,090 INFO (HttpsClientUtil.java:74)- 2019/06/03-09:40:39:090https://my.cbg.163.com/cgi/api/get_equip_detail
2019-06-03 09:40:44,242 INFO (HttpsClientUtil.java:74)- 2019/06/03-09:40:44:242https://my.cbg.163.com/cgi/api/get_equip_detail
2019-06-03 09:40:49,390 INFO (HttpsClientUtil.java:74)- 2019/06/03-09:40:49:390https://my.cbg.163.com/cgi/api/get_equip_detail
2019-06-03 09:40:54,505 INFO (HttpsClientUtil.java:74)- 2019/06/03-09:40:54:505https://my.cbg.163.com/cgi/api/get_equip_detail
2019-06-03 09:40:59,864 INFO (HttpsClientUtil.java:74)- 2019/06/03-09:40:59:864https://my.cbg.163.com/cgi/api/get_equip_detail
2019-06-03 09:41:04,988 INFO (HttpsClientUtil.java:74)- 2019/06/03-09:41:04:988https://my.cbg.163.com/cgi/api/get_equip_detail
2019-06-03 09:41:10,168 INFO (HttpsClientUtil.java:74)- 2019/06/03-09:41:10:168https://my.cbg.163.com/cgi/api/get_equip_detail
2019-06-03 09:41:15,448 INFO (HttpsClientUtil.java:74)- 2019/06/03-09:41:15:448https://my.cbg.163.com/cgi/api/query
2019-06-03 09:41:20,591 INFO (HttpsClientUtil.java:74)- 2019/06/03-09:41:20:591https://my.cbg.163.com/cgi/api/get_equip_detail
2019-06-03 09:41:25,797 INFO (HttpsClientUtil.java:74)- 2019/06/03-09:41:25:797https://my.cbg.163.com/cgi/api/get_equip_detail
2019-06-03 09:41:30,946 INFO (HttpsClientUtil.java:74)- 2019/06/03-09:41:30:946https://my.cbg.163.com/cgi/api/get_equip_detail
2019-06-03 09:41:36,082 INFO (HttpsClientUtil.java:74)- 2019/06/03-09:41:36:082https://my.cbg.163.com/cgi/api/get_equip_detail
2019-06-03 09:41:41,179 INFO (HttpsClientUtil.java:74)- 2019/06/03-09:41:41:179https://my.cbg.163.com/cgi/api/get_equip_detail
2019-06-03 09:41:46,299 INFO (HttpsClientUtil.java:74)- 2019/06/03-09:41:46:299https://my.cbg.163.com/cgi/api/get_equip_detail
2019-06-03 09:41:51,570 INFO (HttpsClientUtil.java:74)- 2019/06/03-09:41:51:570https://my.cbg.163.com/cgi/api/get_equip_detail
2019-06-03 09:41:56,712 INFO (HttpsClientUtil.java:74)- 2019/06/03-09:41:56:712https://my.cbg.163.com/cgi/api/get_equip_detail
2019-06-03 09:42:01,788 INFO (HttpsClientUtil.java:74)- 2019/06/03-09:42:01:788https://my.cbg.163.com/cgi/api/get_equip_detail
2019-06-03 09:42:06,868 INFO (HttpsClientUtil.java:74)- 2019/06/03-09:42:06:868https://my.cbg.163.com/cgi/api/get_equip_detail
2019-06-03 09:42:11,984 INFO (HttpsClientUtil.java:74)- 2019/06/03-09:42:11:984https://my.cbg.163.com/cgi/api/get_equip_detail
2019-06-03 09:42:17,219 INFO (HttpsClientUtil.java:74)- 2019/06/03-09:42:17:219https://my.cbg.163.com/cgi/api/get_equip_detail
2019-06-03 13:21:03,750 INFO (HttpsClientUtil.java:74)- 2019/06/03-13:21:03:750https://my.cbg.163.com/cgi/api/query
2019-06-03 13:21:08,892 INFO (HttpsClientUtil.java:74)- 2019/06/03-13:21:08:892https://my.cbg.163.com/cgi/api/get_equip_detail
2019-06-03 13:21:13,979 INFO (HttpsClientUtil.java:74)- 2019/06/03-13:21:13:979https://my.cbg.163.com/cgi/api/get_equip_detail
2019-06-03 13:21:19,074 INFO (HttpsClientUtil.java:74)- 2019/06/03-13:21:19:074https://my.cbg.163.com/cgi/api/get_equip_detail
2019-06-03 13:21:24,200 INFO (HttpsClientUtil.java:74)- 2019/06/03-13:21:24:200https://my.cbg.163.com/cgi/api/get_equip_detail
2019-06-03 13:21:29,291 INFO (HttpsClientUtil.java:74)- 2019/06/03-13:21:29:291https://my.cbg.163.com/cgi/api/get_equip_detail
2019-06-03 13:21:34,384 INFO (HttpsClientUtil.java:74)- 2019/06/03-13:21:34:384https://my.cbg.163.com/cgi/api/get_equip_detail
2019-06-03 13:21:39,466 INFO (HttpsClientUtil.java:74)- 2019/06/03-13:21:39:466https://my.cbg.163.com/cgi/api/get_equip_detail
2019-06-03 13:21:44,551 INFO (HttpsClientUtil.java:74)- 2019/06/03-13:21:44:551https://my.cbg.163.com/cgi/api/get_equip_detail
2019-06-03 13:21:49,677 INFO (HttpsClientUtil.java:74)- 2019/06/03-13:21:49:677https://my.cbg.163.com/cgi/api/get_equip_detail
2019-06-03 13:21:54,747 INFO (HttpsClientUtil.java:74)- 2019/06/03-13:21:54:747https://my.cbg.163.com/cgi/api/add_collect
2019-06-03 13:21:59,810 INFO (HttpsClientUtil.java:74)- 2019/06/03-13:21:59:810https://my.cbg.163.com/cgi/api/get_equip_detail
2019-06-03 13:22:04,945 INFO (HttpsClientUtil.java:74)- 2019/06/03-13:22:04:945https://my.cbg.163.com/cgi/api/get_equip_detail
2019-06-03 13:22:10,028 INFO (HttpsClientUtil.java:74)- 2019/06/03-13:22:10:028https://my.cbg.163.com/cgi/api/get_equip_detail
2019-06-03 13:22:15,095 INFO (HttpsClientUtil.java:74)- 2019/06/03-13:22:15:095https://my.cbg.163.com/cgi/api/get_equip_detail
2019-06-03 13:22:20,183 INFO (HttpsClientUtil.java:74)- 2019/06/03-13:22:20:183https://my.cbg.163.com/cgi/api/get_equip_detail
2019-06-03 13:22:25,301 INFO (HttpsClientUtil.java:74)- 2019/06/03-13:22:25:301https://my.cbg.163.com/cgi/api/get_equip_detail
2019-06-03 13:22:30,407 INFO (HttpsClientUtil.java:74)- 2019/06/03-13:22:30:407https://my.cbg.163.com/cgi/api/query
2019-06-03 13:22:35,474 INFO (HttpsClientUtil.java:74)- 2019/06/03-13:22:35:474https://my.cbg.163.com/cgi/api/get_equip_detail
2019-06-03 13:22:40,583 INFO (HttpsClientUtil.java:74)- 2019/06/03-13:22:40:583https://my.cbg.163.com/cgi/api/get_equip_detail
2019-06-03 13:22:45,689 INFO (HttpsClientUtil.java:74)- 2019/06/03-13:22:45:689https://my.cbg.163.com/cgi/api/get_equip_detail
2019-06-03 13:22:50,810 INFO (HttpsClientUtil.java:74)- 2019/06/03-13:22:50:810https://my.cbg.163.com/cgi/api/get_equip_detail
2019-06-03 13:22:55,928 INFO (HttpsClientUtil.java:74)- 2019/06/03-13:22:55:928https://my.cbg.163.com/cgi/api/get_equip_detail
2019-06-03 13:23:01,026 INFO (HttpsClientUtil.java:74)- 2019/06/03-13:23:01:026https://my.cbg.163.com/cgi/api/get_equip_detail
2019-06-03 13:23:06,150 INFO (HttpsClientUtil.java:74)- 2019/06/03-13:23:06:150https://my.cbg.163.com/cgi/api/get_equip_detail
2019-06-03 13:23:11,248 INFO (HttpsClientUtil.java:74)- 2019/06/03-13:23:11:248https://my.cbg.163.com/cgi/api/get_equip_detail
2019-06-03 13:23:16,341 INFO (HttpsClientUtil.java:74)- 2019/06/03-13:23:16:341https://my.cbg.163.com/cgi/api/get_equip_detail
2019-06-03 13:23:21,444 INFO (HttpsClientUtil.java:74)- 2019/06/03-13:23:21:444https://my.cbg.163.com/cgi/api/get_equip_detail
2019-06-03 13:23:26,552 INFO (HttpsClientUtil.java:74)- 2019/06/03-13:23:26:551https://my.cbg.163.com/cgi/api/get_equip_detail
2019-06-03 13:23:31,648 INFO (HttpsClientUtil.java:74)- 2019/06/03-13:23:31:648https://my.cbg.163.com/cgi/api/get_equip_detail
2019-06-03 13:23:36,741 INFO (HttpsClientUtil.java:74)- 2019/06/03-13:23:36:741https://my.cbg.163.com/cgi/api/get_equip_detail
2019-06-03 13:23:41,855 INFO (HttpsClientUtil.java:74)- 2019/06/03-13:23:41:855https://my.cbg.163.com/cgi/api/get_equip_detail
2019-06-03 13:23:46,943 INFO (HttpsClientUtil.java:74)- 2019/06/03-13:23:46:943https://my.cbg.163.com/cgi/api/get_equip_detail
2019-06-03 13:23:52,058 INFO (HttpsClientUtil.java:74)- 2019/06/03-13:23:52:058https://my.cbg.163.com/cgi/api/query
2019-06-03 13:23:57,132 INFO (HttpsClientUtil.java:74)- 2019/06/03-13:23:57:132https://my.cbg.163.com/cgi/api/get_equip_detail
2019-06-03 13:24:02,205 INFO (HttpsClientUtil.java:74)- 2019/06/03-13:24:02:205https://my.cbg.163.com/cgi/api/get_equip_detail
2019-06-03 13:24:07,360 INFO (HttpsClientUtil.java:74)- 2019/06/03-13:24:07:360https://my.cbg.163.com/cgi/api/get_equip_detail
2019-06-03 13:24:12,427 INFO (HttpsClientUtil.java:74)- 2019/06/03-13:24:12:427https://my.cbg.163.com/cgi/api/get_equip_detail
2019-06-03 13:24:17,527 INFO (HttpsClientUtil.java:74)- 2019/06/03-13:24:17:527https://my.cbg.163.com/cgi/api/get_equip_detail
2019-06-03 13:24:22,603 INFO (HttpsClientUtil.java:74)- 2019/06/03-13:24:22:603https://my.cbg.163.com/cgi/api/get_equip_detail
2019-06-03 13:24:27,702 INFO (HttpsClientUtil.java:74)- 2019/06/03-13:24:27:702https://my.cbg.163.com/cgi/api/get_equip_detail
2019-06-03 13:24:32,774 INFO (HttpsClientUtil.java:74)- 2019/06/03-13:24:32:774https://my.cbg.163.com/cgi/api/get_equip_detail
2019-06-03 13:24:38,182 INFO (HttpsClientUtil.java:74)- 2019/06/03-13:24:38:182https://my.cbg.163.com/cgi/api/add_collect
2019-06-03 13:24:43,225 INFO (HttpsClientUtil.java:74)- 2019/06/03-13:24:43:225https://my.cbg.163.com/cgi/api/get_equip_detail
2019-06-03 13:24:48,303 INFO (HttpsClientUtil.java:74)- 2019/06/03-13:24:48:303https://my.cbg.163.com/cgi/api/get_equip_detail
2019-06-03 13:24:53,358 INFO (HttpsClientUtil.java:74)- 2019/06/03-13:24:53:358https://my.cbg.163.com/cgi/api/get_equip_detail
2019-06-03 13:24:58,433 INFO (HttpsClientUtil.java:74)- 2019/06/03-13:24:58:433https://my.cbg.163.com/cgi/api/get_equip_detail
2019-06-03 13:25:03,522 INFO (HttpsClientUtil.java:74)- 2019/06/03-13:25:03:522https://my.cbg.163.com/cgi/api/get_equip_detail
2019-06-03 13:25:08,612 INFO (HttpsClientUtil.java:74)- 2019/06/03-13:25:08:612https://my.cbg.163.com/cgi/api/get_equip_detail
2019-06-03 13:25:13,709 INFO (HttpsClientUtil.java:74)- 2019/06/03-13:25:13:709https://my.cbg.163.com/cgi/api/get_equip_detail
2019-06-03 13:25:18,776 INFO (HttpsClientUtil.java:74)- 2019/06/03-13:25:18:776https://my.cbg.163.com/cgi/api/query
2019-06-03 13:25:23,832 INFO (HttpsClientUtil.java:74)- 2019/06/03-13:25:23:832https://my.cbg.163.com/cgi/api/get_equip_detail
2019-06-03 13:25:28,930 INFO (HttpsClientUtil.java:74)- 2019/06/03-13:25:28:930https://my.cbg.163.com/cgi/api/get_equip_detail
2019-06-03 13:25:33,994 INFO (HttpsClientUtil.java:74)- 2019/06/03-13:25:33:994https://my.cbg.163.com/cgi/api/get_equip_detail
2019-06-03 13:25:39,112 INFO (HttpsClientUtil.java:74)- 2019/06/03-13:25:39:112https://my.cbg.163.com/cgi/api/get_equip_detail
2019-06-03 13:25:44,151 INFO (HttpsClientUtil.java:74)- 2019/06/03-13:25:44:151https://my.cbg.163.com/cgi/api/get_equip_detail
2019-06-03 13:25:49,211 INFO (HttpsClientUtil.java:74)- 2019/06/03-13:25:49:211https://my.cbg.163.com/cgi/api/get_equip_detail
2019-06-03 13:25:54,319 INFO (HttpsClientUtil.java:74)- 2019/06/03-13:25:54:319https://my.cbg.163.com/cgi/api/get_equip_detail
2019-06-03 13:25:59,415 INFO (HttpsClientUtil.java:74)- 2019/06/03-13:25:59:415https://my.cbg.163.com/cgi/api/get_equip_detail
2019-06-03 13:26:04,524 INFO (HttpsClientUtil.java:74)- 2019/06/03-13:26:04:524https://my.cbg.163.com/cgi/api/get_equip_detail
2019-06-03 13:26:09,609 INFO (HttpsClientUtil.java:74)- 2019/06/03-13:26:09:609https://my.cbg.163.com/cgi/api/get_equip_detail
2019-06-03 13:26:14,674 INFO (HttpsClientUtil.java:74)- 2019/06/03-13:26:14:674https://my.cbg.163.com/cgi/api/get_equip_detail
2019-06-03 13:26:19,750 INFO (HttpsClientUtil.java:74)- 2019/06/03-13:26:19:750https://my.cbg.163.com/cgi/api/get_equip_detail
2019-06-03 13:26:24,836 INFO (HttpsClientUtil.java:74)- 2019/06/03-13:26:24:836https://my.cbg.163.com/cgi/api/get_equip_detail
2019-06-03 13:26:29,913 INFO (HttpsClientUtil.java:74)- 2019/06/03-13:26:29:913https://my.cbg.163.com/cgi/api/get_equip_detail
2019-06-03 13:26:34,990 INFO (HttpsClientUtil.java:74)- 2019/06/03-13:26:34:990https://my.cbg.163.com/cgi/api/get_equip_detail
2019-06-03 13:26:40,082 INFO (HttpsClientUtil.java:74)- 2019/06/03-13:26:40:082https://my.cbg.163.com/cgi/api/query
2019-06-03 13:26:45,148 INFO (HttpsClientUtil.java:74)- 2019/06/03-13:26:45:148https://my.cbg.163.com/cgi/api/get_equip_detail
2019-06-03 13:26:50,278 INFO (HttpsClientUtil.java:74)- 2019/06/03-13:26:50:278https://my.cbg.163.com/cgi/api/get_equip_detail
2019-06-03 13:26:55,372 INFO (HttpsClientUtil.java:74)- 2019/06/03-13:26:55:372https://my.cbg.163.com/cgi/api/get_equip_detail
2019-06-03 13:27:00,446 INFO (HttpsClientUtil.java:74)- 2019/06/03-13:27:00:446https://my.cbg.163.com/cgi/api/get_equip_detail
2019-06-03 13:27:05,521 INFO (HttpsClientUtil.java:74)- 2019/06/03-13:27:05:521https://my.cbg.163.com/cgi/api/get_equip_detail
2019-06-03 13:27:10,585 INFO (HttpsClientUtil.java:74)- 2019/06/03-13:27:10:585https://my.cbg.163.com/cgi/api/get_equip_detail
2019-06-03 13:27:15,666 INFO (HttpsClientUtil.java:74)- 2019/06/03-13:27:15:666https://my.cbg.163.com/cgi/api/get_equip_detail
2019-06-03 13:27:20,726 INFO (HttpsClientUtil.java:74)- 2019/06/03-13:27:20:726https://my.cbg.163.com/cgi/api/add_collect
2019-06-03 13:27:25,779 INFO (HttpsClientUtil.java:74)- 2019/06/03-13:27:25:779https://my.cbg.163.com/cgi/api/get_equip_detail
2019-06-03 13:27:30,869 INFO (HttpsClientUtil.java:74)- 2019/06/03-13:27:30:869https://my.cbg.163.com/cgi/api/get_equip_detail
2019-06-03 13:27:35,983 INFO (HttpsClientUtil.java:74)- 2019/06/03-13:27:35:983https://my.cbg.163.com/cgi/api/get_equip_detail
2019-06-03 13:27:41,078 INFO (HttpsClientUtil.java:74)- 2019/06/03-13:27:41:078https://my.cbg.163.com/cgi/api/add_collect
2019-06-03 13:27:46,131 INFO (HttpsClientUtil.java:74)- 2019/06/03-13:27:46:131https://my.cbg.163.com/cgi/api/get_equip_detail
2019-06-03 13:27:51,200 INFO (HttpsClientUtil.java:74)- 2019/06/03-13:27:51:200https://my.cbg.163.com/cgi/api/add_collect
2019-06-03 13:27:56,243 INFO (HttpsClientUtil.java:74)- 2019/06/03-13:27:56:243https://my.cbg.163.com/cgi/api/get_equip_detail
2019-06-03 13:28:01,797 INFO (HttpsClientUtil.java:74)- 2019/06/03-13:28:01:797https://my.cbg.163.com/cgi/api/get_equip_detail
2019-06-03 13:28:06,914 INFO (HttpsClientUtil.java:74)- 2019/06/03-13:28:06:914https://my.cbg.163.com/cgi/api/add_collect
2019-06-03 13:28:11,967 INFO (HttpsClientUtil.java:74)- 2019/06/03-13:28:11:967https://my.cbg.163.com/cgi/api/get_equip_detail
2019-06-03 13:28:17,029 INFO (HttpsClientUtil.java:74)- 2019/06/03-13:28:17:029https://my.cbg.163.com/cgi/api/get_equip_detail
2019-06-03 13:28:22,134 INFO (HttpsClientUtil.java:74)- 2019/06/03-13:28:22:134https://my.cbg.163.com/cgi/api/query
2019-06-03 13:28:27,203 INFO (HttpsClientUtil.java:74)- 2019/06/03-13:28:27:203https://my.cbg.163.com/cgi/api/get_equip_detail
2019-06-03 13:28:32,296 INFO (HttpsClientUtil.java:74)- 2019/06/03-13:28:32:296https://my.cbg.163.com/cgi/api/get_equip_detail
2019-06-03 13:28:37,385 INFO (HttpsClientUtil.java:74)- 2019/06/03-13:28:37:385https://my.cbg.163.com/cgi/api/get_equip_detail
2019-06-03 13:28:42,458 INFO (HttpsClientUtil.java:74)- 2019/06/03-13:28:42:458https://my.cbg.163.com/cgi/api/get_equip_detail
2019-06-03 13:28:47,520 INFO (HttpsClientUtil.java:74)- 2019/06/03-13:28:47:520https://my.cbg.163.com/cgi/api/add_collect
2019-06-03 13:28:52,569 INFO (HttpsClientUtil.java:74)- 2019/06/03-13:28:52:569https://my.cbg.163.com/cgi/api/get_equip_detail
2019-06-03 13:28:57,680 INFO (HttpsClientUtil.java:74)- 2019/06/03-13:28:57:680https://my.cbg.163.com/cgi/api/get_equip_detail
2019-06-03 13:29:02,751 INFO (HttpsClientUtil.java:74)- 2019/06/03-13:29:02:751https://my.cbg.163.com/cgi/api/get_equip_detail
2019-06-03 13:29:07,854 INFO (HttpsClientUtil.java:74)- 2019/06/03-13:29:07:854https://my.cbg.163.com/cgi/api/get_equip_detail
2019-06-03 13:29:12,904 INFO (HttpsClientUtil.java:74)- 2019/06/03-13:29:12:904https://my.cbg.163.com/cgi/api/get_equip_detail
2019-06-03 13:29:17,966 INFO (HttpsClientUtil.java:74)- 2019/06/03-13:29:17:966https://my.cbg.163.com/cgi/api/get_equip_detail
2019-06-03 13:29:23,056 INFO (HttpsClientUtil.java:74)- 2019/06/03-13:29:23:056https://my.cbg.163.com/cgi/api/get_equip_detail
2019-06-03 13:29:28,136 INFO (HttpsClientUtil.java:74)- 2019/06/03-13:29:28:136https://my.cbg.163.com/cgi/api/get_equip_detail
2019-06-03 13:29:33,216 INFO (HttpsClientUtil.java:74)- 2019/06/03-13:29:33:216https://my.cbg.163.com/cgi/api/get_equip_detail
2019-06-03 13:29:38,304 INFO (HttpsClientUtil.java:74)- 2019/06/03-13:29:38:304https://my.cbg.163.com/cgi/api/get_equip_detail
2019-06-03 13:29:43,367 INFO (HttpsClientUtil.java:74)- 2019/06/03-13:29:43:367https://my.cbg.163.com/cgi/api/add_collect
2019-06-03 13:29:48,416 INFO (HttpsClientUtil.java:74)- 2019/06/03-13:29:48:416https://my.cbg.163.com/cgi/api/get_equip_detail
2019-06-03 13:29:53,506 INFO (HttpsClientUtil.java:74)- 2019/06/03-13:29:53:506https://my.cbg.163.com/cgi/api/add_collect
2019-06-03 13:29:58,557 INFO (HttpsClientUtil.java:74)- 2019/06/03-13:29:58:557https://my.cbg.163.com/cgi/api/query
2019-06-03 13:30:03,653 INFO (HttpsClientUtil.java:74)- 2019/06/03-13:30:03:653https://my.cbg.163.com/cgi/api/get_equip_detail
2019-06-03 13:30:08,753 INFO (HttpsClientUtil.java:74)- 2019/06/03-13:30:08:753https://my.cbg.163.com/cgi/api/get_equip_detail
2019-06-03 13:30:13,805 INFO (HttpsClientUtil.java:74)- 2019/06/03-13:30:13:805https://my.cbg.163.com/cgi/api/get_equip_detail
2019-06-03 13:30:18,888 INFO (HttpsClientUtil.java:74)- 2019/06/03-13:30:18:888https://my.cbg.163.com/cgi/api/get_equip_detail
2019-06-03 13:30:23,954 INFO (HttpsClientUtil.java:74)- 2019/06/03-13:30:23:954https://my.cbg.163.com/cgi/api/get_equip_detail
2019-06-03 13:30:29,045 INFO (HttpsClientUtil.java:74)- 2019/06/03-13:30:29:044https://my.cbg.163.com/cgi/api/get_equip_detail
2019-06-03 13:30:34,164 INFO (HttpsClientUtil.java:74)- 2019/06/03-13:30:34:164https://my.cbg.163.com/cgi/api/get_equip_detail
2019-06-03 13:30:39,231 INFO (HttpsClientUtil.java:74)- 2019/06/03-13:30:39:231https://my.cbg.163.com/cgi/api/get_equip_detail
2019-06-03 13:30:44,306 INFO (HttpsClientUtil.java:74)- 2019/06/03-13:30:44:306https://my.cbg.163.com/cgi/api/get_equip_detail
2019-06-03 13:30:49,400 INFO (HttpsClientUtil.java:74)- 2019/06/03-13:30:49:400https://my.cbg.163.com/cgi/api/get_equip_detail
2019-06-03 13:30:54,470 INFO (HttpsClientUtil.java:74)- 2019/06/03-13:30:54:470https://my.cbg.163.com/cgi/api/get_equip_detail
2019-06-03 13:30:59,574 INFO (HttpsClientUtil.java:74)- 2019/06/03-13:30:59:574https://my.cbg.163.com/cgi/api/get_equip_detail
2019-06-03 13:31:04,622 INFO (HttpsClientUtil.java:74)- 2019/06/03-13:31:04:622https://my.cbg.163.com/cgi/api/get_equip_detail
2019-06-03 13:31:09,696 INFO (HttpsClientUtil.java:74)- 2019/06/03-13:31:09:696https://my.cbg.163.com/cgi/api/get_equip_detail
2019-06-03 13:31:14,811 INFO (HttpsClientUtil.java:74)- 2019/06/03-13:31:14:811https://my.cbg.163.com/cgi/api/get_equip_detail
2019-06-03 13:31:19,883 INFO (HttpsClientUtil.java:74)- 2019/06/03-13:31:19:883https://my.cbg.163.com/cgi/api/query
2019-06-03 13:31:24,942 INFO (HttpsClientUtil.java:74)- 2019/06/03-13:31:24:942https://my.cbg.163.com/cgi/api/get_equip_detail
2019-06-03 13:31:30,029 INFO (HttpsClientUtil.java:74)- 2019/06/03-13:31:30:029https://my.cbg.163.com/cgi/api/get_equip_detail
2019-06-03 15:32:40,324 INFO (HttpsClientUtil.java:74)- 2019/06/03-15:32:40:324https://my.cbg.163.com/cgi/api/query
2019-06-03 15:32:45,758 INFO (HttpsClientUtil.java:74)- 2019/06/03-15:32:45:758https://my.cbg.163.com/cgi/api/get_equip_detail
2019-06-03 15:32:50,973 INFO (HttpsClientUtil.java:74)- 2019/06/03-15:32:50:973https://my.cbg.163.com/cgi/api/add_collect
2019-06-03 15:32:56,047 INFO (HttpsClientUtil.java:74)- 2019/06/03-15:32:56:047https://my.cbg.163.com/cgi/api/get_equip_detail
2019-06-03 15:33:01,264 INFO (HttpsClientUtil.java:74)- 2019/06/03-15:33:01:264https://my.cbg.163.com/cgi/api/add_collect
2019-06-03 15:33:06,343 INFO (HttpsClientUtil.java:74)- 2019/06/03-15:33:06:343https://my.cbg.163.com/cgi/api/get_equip_detail
2019-06-03 15:33:11,500 INFO (HttpsClientUtil.java:74)- 2019/06/03-15:33:11:499https://my.cbg.163.com/cgi/api/get_equip_detail
2019-06-03 15:33:16,589 INFO (HttpsClientUtil.java:74)- 2019/06/03-15:33:16:589https://my.cbg.163.com/cgi/api/get_equip_detail
2019-06-03 15:33:21,699 INFO (HttpsClientUtil.java:74)- 2019/06/03-15:33:21:699https://my.cbg.163.com/cgi/api/get_equip_detail
2019-06-03 15:33:26,784 INFO (HttpsClientUtil.java:74)- 2019/06/03-15:33:26:784https://my.cbg.163.com/cgi/api/get_equip_detail
2019-06-03 15:33:31,935 INFO (HttpsClientUtil.java:74)- 2019/06/03-15:33:31:935https://my.cbg.163.com/cgi/api/get_equip_detail
2019-06-03 15:33:37,100 INFO (HttpsClientUtil.java:74)- 2019/06/03-15:33:37:100https://my.cbg.163.com/cgi/api/add_collect
2019-06-03 15:33:42,135 INFO (HttpsClientUtil.java:74)- 2019/06/03-15:33:42:135https://my.cbg.163.com/cgi/api/get_equip_detail
2019-06-03 15:33:47,304 INFO (HttpsClientUtil.java:74)- 2019/06/03-15:33:47:304https://my.cbg.163.com/cgi/api/get_equip_detail
2019-06-03 15:33:52,445 INFO (HttpsClientUtil.java:74)- 2019/06/03-15:33:52:445https://my.cbg.163.com/cgi/api/get_equip_detail
2019-06-03 15:33:57,638 INFO (HttpsClientUtil.java:74)- 2019/06/03-15:33:57:638https://my.cbg.163.com/cgi/api/get_equip_detail
2019-06-03 15:34:02,873 INFO (HttpsClientUtil.java:74)- 2019/06/03-15:34:02:873https://my.cbg.163.com/cgi/api/get_equip_detail
2019-06-03 15:34:08,052 INFO (HttpsClientUtil.java:74)- 2019/06/03-15:34:08:052https://my.cbg.163.com/cgi/api/get_equip_detail
2019-06-03 15:34:13,205 INFO (HttpsClientUtil.java:74)- 2019/06/03-15:34:13:205https://my.cbg.163.com/cgi/api/get_equip_detail
2019-06-03 15:34:18,350 INFO (HttpsClientUtil.java:74)- 2019/06/03-15:34:18:350https://my.cbg.163.com/cgi/api/query
2019-06-03 15:34:23,426 INFO (HttpsClientUtil.java:74)- 2019/06/03-15:34:23:426https://my.cbg.163.com/cgi/api/get_equip_detail
2019-06-03 15:34:28,557 INFO (HttpsClientUtil.java:74)- 2019/06/03-15:34:28:557https://my.cbg.163.com/cgi/api/get_equip_detail
2019-06-03 15:34:33,663 INFO (HttpsClientUtil.java:74)- 2019/06/03-15:34:33:662https://my.cbg.163.com/cgi/api/get_equip_detail
2019-06-03 15:34:38,762 INFO (HttpsClientUtil.java:74)- 2019/06/03-15:34:38:762https://my.cbg.163.com/cgi/api/get_equip_detail
2019-06-03 15:34:43,985 INFO (HttpsClientUtil.java:74)- 2019/06/03-15:34:43:985https://my.cbg.163.com/cgi/api/get_equip_detail
2019-06-03 15:34:49,122 INFO (HttpsClientUtil.java:74)- 2019/06/03-15:34:49:122https://my.cbg.163.com/cgi/api/get_equip_detail
2019-06-03 15:34:54,234 INFO (HttpsClientUtil.java:74)- 2019/06/03-15:34:54:234https://my.cbg.163.com/cgi/api/get_equip_detail
2019-06-03 15:34:59,366 INFO (HttpsClientUtil.java:74)- 2019/06/03-15:34:59:366https://my.cbg.163.com/cgi/api/get_equip_detail
2019-06-03 15:35:04,479 INFO (HttpsClientUtil.java:74)- 2019/06/03-15:35:04:479https://my.cbg.163.com/cgi/api/get_equip_detail
2019-06-03 15:35:09,621 INFO (HttpsClientUtil.java:74)- 2019/06/03-15:35:09:621https://my.cbg.163.com/cgi/api/get_equip_detail
2019-06-03 15:35:14,723 INFO (HttpsClientUtil.java:74)- 2019/06/03-15:35:14:723https://my.cbg.163.com/cgi/api/get_equip_detail
2019-06-03 15:35:19,818 INFO (HttpsClientUtil.java:74)- 2019/06/03-15:35:19:818https://my.cbg.163.com/cgi/api/get_equip_detail
2019-06-03 15:35:24,914 INFO (HttpsClientUtil.java:74)- 2019/06/03-15:35:24:914https://my.cbg.163.com/cgi/api/get_equip_detail
2019-06-03 15:35:30,258 INFO (HttpsClientUtil.java:74)- 2019/06/03-15:35:30:258https://my.cbg.163.com/cgi/api/get_equip_detail
2019-06-03 15:35:35,453 INFO (HttpsClientUtil.java:74)- 2019/06/03-15:35:35:453https://my.cbg.163.com/cgi/api/get_equip_detail
2019-06-03 15:35:40,626 INFO (HttpsClientUtil.java:74)- 2019/06/03-15:35:40:626https://my.cbg.163.com/cgi/api/query
2019-06-03 15:35:45,725 INFO (HttpsClientUtil.java:74)- 2019/06/03-15:35:45:725https://my.cbg.163.com/cgi/api/get_equip_detail
2019-06-03 15:35:50,814 INFO (HttpsClientUtil.java:74)- 2019/06/03-15:35:50:814https://my.cbg.163.com/cgi/api/get_equip_detail
2019-06-03 15:35:55,916 INFO (HttpsClientUtil.java:74)- 2019/06/03-15:35:55:916https://my.cbg.163.com/cgi/api/add_collect
2019-06-03 15:36:00,967 INFO (HttpsClientUtil.java:74)- 2019/06/03-15:36:00:967https://my.cbg.163.com/cgi/api/get_equip_detail
2019-06-03 15:36:06,074 INFO (HttpsClientUtil.java:74)- 2019/06/03-15:36:06:074https://my.cbg.163.com/cgi/api/get_equip_detail
2019-06-03 15:36:11,160 INFO (HttpsClientUtil.java:74)- 2019/06/03-15:36:11:160https://my.cbg.163.com/cgi/api/get_equip_detail
2019-06-03 15:36:16,264 INFO (HttpsClientUtil.java:74)- 2019/06/03-15:36:16:264https://my.cbg.163.com/cgi/api/get_equip_detail
2019-06-03 15:36:21,368 INFO (HttpsClientUtil.java:74)- 2019/06/03-15:36:21:368https://my.cbg.163.com/cgi/api/add_collect
2019-06-03 15:36:26,417 INFO (HttpsClientUtil.java:74)- 2019/06/03-15:36:26:417https://my.cbg.163.com/cgi/api/get_equip_detail
2019-06-03 15:36:31,490 INFO (HttpsClientUtil.java:74)- 2019/06/03-15:36:31:490https://my.cbg.163.com/cgi/api/get_equip_detail
2019-06-03 15:36:36,601 INFO (HttpsClientUtil.java:74)- 2019/06/03-15:36:36:601https://my.cbg.163.com/cgi/api/get_equip_detail
2019-06-03 15:36:41,672 INFO (HttpsClientUtil.java:74)- 2019/06/03-15:36:41:672https://my.cbg.163.com/cgi/api/get_equip_detail
2019-06-03 15:36:46,805 INFO (HttpsClientUtil.java:74)- 2019/06/03-15:36:46:805https://my.cbg.163.com/cgi/api/get_equip_detail
2019-06-03 15:36:51,902 INFO (HttpsClientUtil.java:74)- 2019/06/03-15:36:51:902https://my.cbg.163.com/cgi/api/get_equip_detail
2019-06-03 15:36:57,041 INFO (HttpsClientUtil.java:74)- 2019/06/03-15:36:57:041https://my.cbg.163.com/cgi/api/get_equip_detail
2019-06-03 15:37:02,160 INFO (HttpsClientUtil.java:74)- 2019/06/03-15:37:02:160https://my.cbg.163.com/cgi/api/get_equip_detail
2019-06-03 15:37:07,241 INFO (HttpsClientUtil.java:74)- 2019/06/03-15:37:07:241https://my.cbg.163.com/cgi/api/get_equip_detail
2019-06-03 15:37:12,347 INFO (HttpsClientUtil.java:74)- 2019/06/03-15:37:12:347https://my.cbg.163.com/cgi/api/query
2019-06-03 15:37:17,430 INFO (HttpsClientUtil.java:74)- 2019/06/03-15:37:17:430https://my.cbg.163.com/cgi/api/get_equip_detail
2019-06-03 15:37:22,511 INFO (HttpsClientUtil.java:74)- 2019/06/03-15:37:22:511https://my.cbg.163.com/cgi/api/add_collect
2019-06-03 15:37:27,566 INFO (HttpsClientUtil.java:74)- 2019/06/03-15:37:27:566https://my.cbg.163.com/cgi/api/get_equip_detail
2019-06-03 15:37:32,673 INFO (HttpsClientUtil.java:74)- 2019/06/03-15:37:32:673https://my.cbg.163.com/cgi/api/get_equip_detail
2019-06-03 15:37:37,781 INFO (HttpsClientUtil.java:74)- 2019/06/03-15:37:37:781https://my.cbg.163.com/cgi/api/get_equip_detail
2019-06-03 15:37:42,887 INFO (HttpsClientUtil.java:74)- 2019/06/03-15:37:42:887https://my.cbg.163.com/cgi/api/get_equip_detail
2019-06-03 15:37:47,949 INFO (HttpsClientUtil.java:74)- 2019/06/03-15:37:47:949https://my.cbg.163.com/cgi/api/get_equip_detail
2019-06-03 15:37:53,043 INFO (HttpsClientUtil.java:74)- 2019/06/03-15:37:53:043https://my.cbg.163.com/cgi/api/add_collect
2019-06-03 15:37:58,099 INFO (HttpsClientUtil.java:74)- 2019/06/03-15:37:58:099https://my.cbg.163.com/cgi/api/get_equip_detail
2019-06-03 15:38:03,243 INFO (HttpsClientUtil.java:74)- 2019/06/03-15:38:03:243https://my.cbg.163.com/cgi/api/add_collect
2019-06-03 15:38:08,292 INFO (HttpsClientUtil.java:74)- 2019/06/03-15:38:08:292https://my.cbg.163.com/cgi/api/get_equip_detail
2019-06-03 15:38:13,480 INFO (HttpsClientUtil.java:74)- 2019/06/03-15:38:13:480https://my.cbg.163.com/cgi/api/get_equip_detail
2019-06-03 15:38:18,577 INFO (HttpsClientUtil.java:74)- 2019/06/03-15:38:18:577https://my.cbg.163.com/cgi/api/get_equip_detail
2019-06-03 15:38:23,682 INFO (HttpsClientUtil.java:74)- 2019/06/03-15:38:23:682https://my.cbg.163.com/cgi/api/get_equip_detail
2019-06-03 15:38:28,801 INFO (HttpsClientUtil.java:74)- 2019/06/03-15:38:28:801https://my.cbg.163.com/cgi/api/get_equip_detail
2019-06-03 15:38:33,915 INFO (HttpsClientUtil.java:74)- 2019/06/03-15:38:33:915https://my.cbg.163.com/cgi/api/get_equip_detail
2019-06-03 15:38:38,987 INFO (HttpsClientUtil.java:74)- 2019/06/03-15:38:38:987https://my.cbg.163.com/cgi/api/get_equip_detail
2019-06-03 15:38:44,129 INFO (HttpsClientUtil.java:74)- 2019/06/03-15:38:44:129https://my.cbg.163.com/cgi/api/get_equip_detail
2019-06-03 15:38:49,253 INFO (HttpsClientUtil.java:74)- 2019/06/03-15:38:49:253https://my.cbg.163.com/cgi/api/query
2019-06-03 15:38:54,327 INFO (HttpsClientUtil.java:74)- 2019/06/03-15:38:54:327https://my.cbg.163.com/cgi/api/get_equip_detail
2019-06-03 15:38:59,454 INFO (HttpsClientUtil.java:74)- 2019/06/03-15:38:59:454https://my.cbg.163.com/cgi/api/get_equip_detail
2019-06-03 15:39:04,581 INFO (HttpsClientUtil.java:74)- 2019/06/03-15:39:04:581https://my.cbg.163.com/cgi/api/get_equip_detail
2019-06-03 15:39:09,683 INFO (HttpsClientUtil.java:74)- 2019/06/03-15:39:09:683https://my.cbg.163.com/cgi/api/get_equip_detail
2019-06-03 15:39:14,757 INFO (HttpsClientUtil.java:74)- 2019/06/03-15:39:14:757https://my.cbg.163.com/cgi/api/get_equip_detail
2019-06-03 15:39:19,862 INFO (HttpsClientUtil.java:74)- 2019/06/03-15:39:19:862https://my.cbg.163.com/cgi/api/get_equip_detail
2019-06-03 15:39:24,935 INFO (HttpsClientUtil.java:74)- 2019/06/03-15:39:24:935https://my.cbg.163.com/cgi/api/get_equip_detail
2019-06-03 15:39:30,026 INFO (HttpsClientUtil.java:74)- 2019/06/03-15:39:30:026https://my.cbg.163.com/cgi/api/get_equip_detail
2019-06-03 15:39:35,147 INFO (HttpsClientUtil.java:74)- 2019/06/03-15:39:35:147https://my.cbg.163.com/cgi/api/get_equip_detail
2019-06-03 15:39:40,260 INFO (HttpsClientUtil.java:74)- 2019/06/03-15:39:40:260https://my.cbg.163.com/cgi/api/get_equip_detail
2019-06-03 15:39:45,355 INFO (HttpsClientUtil.java:74)- 2019/06/03-15:39:45:355https://my.cbg.163.com/cgi/api/get_equip_detail
2019-06-03 15:39:50,425 INFO (HttpsClientUtil.java:74)- 2019/06/03-15:39:50:425https://my.cbg.163.com/cgi/api/get_equip_detail
2019-06-03 15:39:55,526 INFO (HttpsClientUtil.java:74)- 2019/06/03-15:39:55:526https://my.cbg.163.com/cgi/api/get_equip_detail
2019-06-03 15:40:00,595 INFO (HttpsClientUtil.java:74)- 2019/06/03-15:40:00:595https://my.cbg.163.com/cgi/api/get_equip_detail
2019-06-03 15:40:05,695 INFO (HttpsClientUtil.java:74)- 2019/06/03-15:40:05:695https://my.cbg.163.com/cgi/api/get_equip_detail
2019-06-03 15:40:10,784 INFO (HttpsClientUtil.java:74)- 2019/06/03-15:40:10:784https://my.cbg.163.com/cgi/api/query
2019-06-03 15:40:15,853 INFO (HttpsClientUtil.java:74)- 2019/06/03-15:40:15:853https://my.cbg.163.com/cgi/api/get_equip_detail
2019-06-03 15:40:20,977 INFO (HttpsClientUtil.java:74)- 2019/06/03-15:40:20:977https://my.cbg.163.com/cgi/api/get_equip_detail
2019-06-03 15:40:26,063 INFO (HttpsClientUtil.java:74)- 2019/06/03-15:40:26:063https://my.cbg.163.com/cgi/api/get_equip_detail
2019-06-03 15:40:31,148 INFO (HttpsClientUtil.java:74)- 2019/06/03-15:40:31:148https://my.cbg.163.com/cgi/api/get_equip_detail
2019-06-03 15:40:36,243 INFO (HttpsClientUtil.java:74)- 2019/06/03-15:40:36:243https://my.cbg.163.com/cgi/api/get_equip_detail
2019-06-03 15:40:41,389 INFO (HttpsClientUtil.java:74)- 2019/06/03-15:40:41:389https://my.cbg.163.com/cgi/api/get_equip_detail
2019-06-03 15:40:46,553 INFO (HttpsClientUtil.java:74)- 2019/06/03-15:40:46:551https://my.cbg.163.com/cgi/api/get_equip_detail
2019-06-03 15:40:51,622 INFO (HttpsClientUtil.java:74)- 2019/06/03-15:40:51:622https://my.cbg.163.com/cgi/api/get_equip_detail
2019-06-03 15:40:56,715 INFO (HttpsClientUtil.java:74)- 2019/06/03-15:40:56:715https://my.cbg.163.com/cgi/api/get_equip_detail
2019-06-03 15:41:02,826 INFO (HttpsClientUtil.java:74)- 2019/06/03-15:41:02:826https://my.cbg.163.com/cgi/api/get_equip_detail
2019-06-03 15:41:08,004 INFO (HttpsClientUtil.java:74)- 2019/06/03-15:41:08:004https://my.cbg.163.com/cgi/api/get_equip_detail
2019-06-03 15:41:13,425 INFO (HttpsClientUtil.java:74)- 2019/06/03-15:41:13:425https://my.cbg.163.com/cgi/api/get_equip_detail
2019-06-03 15:41:18,564 INFO (HttpsClientUtil.java:74)- 2019/06/03-15:41:18:564https://my.cbg.163.com/cgi/api/get_equip_detail
2019-06-03 15:41:23,691 INFO (HttpsClientUtil.java:74)- 2019/06/03-15:41:23:691https://my.cbg.163.com/cgi/api/get_equip_detail
2019-06-03 15:41:28,780 INFO (HttpsClientUtil.java:74)- 2019/06/03-15:41:28:780https://my.cbg.163.com/cgi/api/get_equip_detail
2019-06-03 15:41:33,871 INFO (HttpsClientUtil.java:74)- 2019/06/03-15:41:33:871https://my.cbg.163.com/cgi/api/query
2019-06-03 15:41:38,936 INFO (HttpsClientUtil.java:74)- 2019/06/03-15:41:38:936https://my.cbg.163.com/cgi/api/get_equip_detail
2019-06-03 15:41:44,117 INFO (HttpsClientUtil.java:74)- 2019/06/03-15:41:44:117https://my.cbg.163.com/cgi/api/get_equip_detail
2019-06-03 15:41:49,177 INFO (HttpsClientUtil.java:74)- 2019/06/03-15:41:49:177https://my.cbg.163.com/cgi/api/add_collect
2019-06-03 15:41:54,228 INFO (HttpsClientUtil.java:74)- 2019/06/03-15:41:54:228https://my.cbg.163.com/cgi/api/get_equip_detail
2019-06-03 15:41:59,333 INFO (HttpsClientUtil.java:74)- 2019/06/03-15:41:59:333https://my.cbg.163.com/cgi/api/get_equip_detail
2019-06-03 15:42:04,441 INFO (HttpsClientUtil.java:74)- 2019/06/03-15:42:04:441https://my.cbg.163.com/cgi/api/get_equip_detail
2019-06-03 15:42:09,609 INFO (HttpsClientUtil.java:74)- 2019/06/03-15:42:09:609https://my.cbg.163.com/cgi/api/get_equip_detail
2019-06-03 15:42:14,732 INFO (HttpsClientUtil.java:74)- 2019/06/03-15:42:14:732https://my.cbg.163.com/cgi/api/get_equip_detail
2019-06-03 15:42:19,891 INFO (HttpsClientUtil.java:74)- 2019/06/03-15:42:19:891https://my.cbg.163.com/cgi/api/get_equip_detail
2019-06-03 15:42:25,092 INFO (HttpsClientUtil.java:74)- 2019/06/03-15:42:25:092https://my.cbg.163.com/cgi/api/get_equip_detail
2019-06-03 15:42:30,212 INFO (HttpsClientUtil.java:74)- 2019/06/03-15:42:30:212https://my.cbg.163.com/cgi/api/get_equip_detail
2019-06-03 15:42:35,383 INFO (HttpsClientUtil.java:74)- 2019/06/03-15:42:35:383https://my.cbg.163.com/cgi/api/get_equip_detail
2019-06-03 15:42:40,467 INFO (HttpsClientUtil.java:74)- 2019/06/03-15:42:40:466https://my.cbg.163.com/cgi/api/get_equip_detail
2019-06-03 15:42:45,569 INFO (HttpsClientUtil.java:74)- 2019/06/03-15:42:45:569https://my.cbg.163.com/cgi/api/get_equip_detail
