2019-06-10 09:35:14,470 INFO (StartupInfoLogger.java:50)- Starting PaymhApplication on WINDOWS-IC8VOTH with PID 7828 (E:\projects\paymh-ip\target\classes started by chenjc23273 in E:\projects\paymh-ip)
2019-06-10 09:35:14,484 INFO (SpringApplication.java:675)- No active profile set, falling back to default profiles: default
2019-06-10 09:35:15,763 INFO (StartupInfoLogger.java:59)- Started PaymhApplication in 1.833 seconds (JVM running for 3.247)
2019-06-10 09:35:15,767 INFO (PayService.java:66)- 2019/06/10-09:35:15:767------Http初始化之前
2019-06-10 09:35:16,520 INFO (PayService.java:83)- 2019/06/10-09:35:16:520------Http初始化之后
2019-06-10 10:00:22,951 INFO (HttpsClientUtil.java:74)- 2019/06/10-10:00:22:951https://my.cbg.163.com/cgi/api/query
2019-06-10 10:00:36,734 INFO (HttpsClientUtil.java:74)- 2019/06/10-10:00:36:734https://my.cbg.163.com/cgi/api/get_equip_detail
2019-06-10 10:00:42,433 INFO (HttpsClientUtil.java:74)- 2019/06/10-10:00:42:433https://my.cbg.163.com/cgi/api/add_collect
2019-06-10 10:00:47,503 INFO (HttpsClientUtil.java:74)- 2019/06/10-10:00:47:503https://my.cbg.163.com/cgi/api/get_equip_detail
2019-06-10 10:00:52,804 INFO (HttpsClientUtil.java:74)- 2019/06/10-10:00:52:804https://my.cbg.163.com/cgi/api/get_equip_detail
2019-06-10 10:00:59,718 INFO (HttpsClientUtil.java:74)- 2019/06/10-10:00:59:718https://my.cbg.163.com/cgi/api/get_equip_detail
2019-06-10 10:01:05,923 INFO (HttpsClientUtil.java:74)- 2019/06/10-10:01:05:923https://my.cbg.163.com/cgi/api/get_equip_detail
2019-06-10 10:01:13,036 INFO (HttpsClientUtil.java:74)- 2019/06/10-10:01:13:036https://my.cbg.163.com/cgi/api/get_equip_detail
2019-06-10 10:01:19,175 INFO (HttpsClientUtil.java:74)- 2019/06/10-10:01:19:175https://my.cbg.163.com/cgi/api/get_equip_detail
2019-06-10 10:01:25,696 INFO (HttpsClientUtil.java:74)- 2019/06/10-10:01:25:696https://my.cbg.163.com/cgi/api/get_equip_detail
2019-06-10 10:01:32,517 INFO (HttpsClientUtil.java:74)- 2019/06/10-10:01:32:517https://my.cbg.163.com/cgi/api/get_equip_detail
2019-06-10 10:01:37,867 INFO (HttpsClientUtil.java:74)- 2019/06/10-10:01:37:867https://my.cbg.163.com/cgi/api/get_equip_detail
2019-06-10 10:01:43,755 INFO (HttpsClientUtil.java:74)- 2019/06/10-10:01:43:755https://my.cbg.163.com/cgi/api/get_equip_detail
2019-06-10 10:01:50,139 INFO (HttpsClientUtil.java:74)- 2019/06/10-10:01:50:139https://my.cbg.163.com/cgi/api/get_equip_detail
2019-06-10 10:01:55,429 INFO (HttpsClientUtil.java:74)- 2019/06/10-10:01:55:429https://my.cbg.163.com/cgi/api/get_equip_detail
2019-06-10 10:02:00,788 INFO (HttpsClientUtil.java:74)- 2019/06/10-10:02:00:788https://my.cbg.163.com/cgi/api/get_equip_detail
2019-06-10 10:02:06,614 INFO (HttpsClientUtil.java:74)- 2019/06/10-10:02:06:614https://my.cbg.163.com/cgi/api/get_equip_detail
2019-06-10 10:02:11,732 INFO (HttpsClientUtil.java:74)- 2019/06/10-10:02:11:732https://my.cbg.163.com/cgi/api/query
2019-06-10 10:02:16,796 INFO (HttpsClientUtil.java:74)- 2019/06/10-10:02:16:796https://my.cbg.163.com/cgi/api/get_equip_detail
2019-06-10 10:02:22,323 INFO (HttpsClientUtil.java:74)- 2019/06/10-10:02:22:323https://my.cbg.163.com/cgi/api/get_equip_detail
2019-06-10 10:02:28,066 INFO (HttpsClientUtil.java:74)- 2019/06/10-10:02:28:066https://my.cbg.163.com/cgi/api/get_equip_detail
2019-06-10 10:02:33,297 INFO (HttpsClientUtil.java:74)- 2019/06/10-10:02:33:297https://my.cbg.163.com/cgi/api/get_equip_detail
2019-06-10 10:02:38,486 INFO (HttpsClientUtil.java:74)- 2019/06/10-10:02:38:486https://my.cbg.163.com/cgi/api/get_equip_detail
2019-06-10 10:02:43,909 INFO (HttpsClientUtil.java:74)- 2019/06/10-10:02:43:909https://my.cbg.163.com/cgi/api/get_equip_detail
2019-06-10 10:02:49,023 INFO (HttpsClientUtil.java:74)- 2019/06/10-10:02:49:023https://my.cbg.163.com/cgi/api/get_equip_detail
2019-06-10 10:02:54,120 INFO (HttpsClientUtil.java:74)- 2019/06/10-10:02:54:120https://my.cbg.163.com/cgi/api/get_equip_detail
2019-06-10 10:02:59,499 INFO (HttpsClientUtil.java:74)- 2019/06/10-10:02:59:499https://my.cbg.163.com/cgi/api/get_equip_detail
2019-06-10 10:03:04,661 INFO (HttpsClientUtil.java:74)- 2019/06/10-10:03:04:661https://my.cbg.163.com/cgi/api/get_equip_detail
2019-06-10 10:03:10,227 INFO (HttpsClientUtil.java:74)- 2019/06/10-10:03:10:227https://my.cbg.163.com/cgi/api/add_collect
2019-06-10 10:03:15,286 INFO (HttpsClientUtil.java:74)- 2019/06/10-10:03:15:286https://my.cbg.163.com/cgi/api/get_equip_detail
2019-06-10 10:03:20,693 INFO (HttpsClientUtil.java:74)- 2019/06/10-10:03:20:693https://my.cbg.163.com/cgi/api/get_equip_detail
2019-06-10 10:03:26,192 INFO (HttpsClientUtil.java:74)- 2019/06/10-10:03:26:192https://my.cbg.163.com/cgi/api/get_equip_detail
2019-06-10 10:03:31,293 INFO (HttpsClientUtil.java:74)- 2019/06/10-10:03:31:293https://my.cbg.163.com/cgi/api/get_equip_detail
2019-06-10 10:03:36,664 INFO (HttpsClientUtil.java:74)- 2019/06/10-10:03:36:664https://my.cbg.163.com/cgi/api/get_equip_detail
2019-06-10 10:03:41,942 INFO (HttpsClientUtil.java:74)- 2019/06/10-10:03:41:942https://my.cbg.163.com/cgi/api/query
2019-06-10 10:03:47,081 INFO (HttpsClientUtil.java:74)- 2019/06/10-10:03:47:081https://my.cbg.163.com/cgi/api/get_equip_detail
2019-06-10 10:03:52,614 INFO (HttpsClientUtil.java:74)- 2019/06/10-10:03:52:614https://my.cbg.163.com/cgi/api/get_equip_detail
2019-06-10 10:03:58,468 INFO (HttpsClientUtil.java:74)- 2019/06/10-10:03:58:468https://my.cbg.163.com/cgi/api/get_equip_detail
2019-06-10 10:04:03,792 INFO (HttpsClientUtil.java:74)- 2019/06/10-10:04:03:792https://my.cbg.163.com/cgi/api/get_equip_detail
2019-06-10 10:04:09,030 INFO (HttpsClientUtil.java:74)- 2019/06/10-10:04:09:030https://my.cbg.163.com/cgi/api/add_collect
2019-06-10 10:04:14,092 INFO (HttpsClientUtil.java:74)- 2019/06/10-10:04:14:092https://my.cbg.163.com/cgi/api/get_equip_detail
2019-06-10 10:04:19,453 INFO (HttpsClientUtil.java:74)- 2019/06/10-10:04:19:453https://my.cbg.163.com/cgi/api/get_equip_detail
2019-06-10 10:04:25,323 INFO (HttpsClientUtil.java:74)- 2019/06/10-10:04:25:323https://my.cbg.163.com/cgi/api/get_equip_detail
2019-06-10 10:04:30,572 INFO (HttpsClientUtil.java:74)- 2019/06/10-10:04:30:572https://my.cbg.163.com/cgi/api/get_equip_detail
2019-06-10 10:04:36,018 INFO (HttpsClientUtil.java:74)- 2019/06/10-10:04:36:018https://my.cbg.163.com/cgi/api/get_equip_detail
2019-06-10 10:04:48,252 INFO (HttpsClientUtil.java:74)- 2019/06/10-10:04:48:252https://my.cbg.163.com/cgi/api/get_equip_detail
2019-06-10 10:04:53,452 INFO (HttpsClientUtil.java:74)- 2019/06/10-10:04:53:452https://my.cbg.163.com/cgi/api/get_equip_detail
2019-06-10 10:04:58,564 INFO (HttpsClientUtil.java:74)- 2019/06/10-10:04:58:564https://my.cbg.163.com/cgi/api/get_equip_detail
2019-06-10 10:05:03,678 INFO (HttpsClientUtil.java:74)- 2019/06/10-10:05:03:678https://my.cbg.163.com/cgi/api/get_equip_detail
2019-06-10 10:05:08,812 INFO (HttpsClientUtil.java:74)- 2019/06/10-10:05:08:812https://my.cbg.163.com/cgi/api/get_equip_detail
2019-06-10 10:05:14,023 INFO (HttpsClientUtil.java:74)- 2019/06/10-10:05:14:023https://my.cbg.163.com/cgi/api/get_equip_detail
2019-06-10 10:05:19,253 INFO (HttpsClientUtil.java:74)- 2019/06/10-10:05:19:253https://my.cbg.163.com/cgi/api/query
2019-06-10 10:05:24,349 INFO (HttpsClientUtil.java:74)- 2019/06/10-10:05:24:349https://my.cbg.163.com/cgi/api/get_equip_detail
2019-06-10 10:05:29,456 INFO (HttpsClientUtil.java:74)- 2019/06/10-10:05:29:456https://my.cbg.163.com/cgi/api/get_equip_detail
2019-06-10 10:05:34,562 INFO (HttpsClientUtil.java:74)- 2019/06/10-10:05:34:562https://my.cbg.163.com/cgi/api/get_equip_detail
2019-06-10 10:05:39,704 INFO (HttpsClientUtil.java:74)- 2019/06/10-10:05:39:704https://my.cbg.163.com/cgi/api/get_equip_detail
2019-06-10 10:05:44,941 INFO (HttpsClientUtil.java:74)- 2019/06/10-10:05:44:941https://my.cbg.163.com/cgi/api/get_equip_detail
2019-06-10 10:05:50,113 INFO (HttpsClientUtil.java:74)- 2019/06/10-10:05:50:113https://my.cbg.163.com/cgi/api/get_equip_detail
2019-06-10 10:05:55,244 INFO (HttpsClientUtil.java:74)- 2019/06/10-10:05:55:244https://my.cbg.163.com/cgi/api/get_equip_detail
2019-06-10 10:06:00,357 INFO (HttpsClientUtil.java:74)- 2019/06/10-10:06:00:357https://my.cbg.163.com/cgi/api/get_equip_detail
2019-06-10 10:06:05,656 INFO (HttpsClientUtil.java:74)- 2019/06/10-10:06:05:656https://my.cbg.163.com/cgi/api/get_equip_detail
2019-06-10 10:06:11,180 INFO (HttpsClientUtil.java:74)- 2019/06/10-10:06:11:180https://my.cbg.163.com/cgi/api/get_equip_detail
2019-06-10 10:06:16,268 INFO (HttpsClientUtil.java:74)- 2019/06/10-10:06:16:268https://my.cbg.163.com/cgi/api/get_equip_detail
2019-06-10 10:06:21,530 INFO (HttpsClientUtil.java:74)- 2019/06/10-10:06:21:530https://my.cbg.163.com/cgi/api/get_equip_detail
2019-06-10 10:06:26,749 INFO (HttpsClientUtil.java:74)- 2019/06/10-10:06:26:749https://my.cbg.163.com/cgi/api/get_equip_detail
2019-06-10 10:06:32,083 INFO (HttpsClientUtil.java:74)- 2019/06/10-10:06:32:083https://my.cbg.163.com/cgi/api/get_equip_detail
2019-06-10 10:06:38,067 INFO (HttpsClientUtil.java:74)- 2019/06/10-10:06:38:067https://my.cbg.163.com/cgi/api/get_equip_detail
2019-06-10 10:06:43,298 INFO (HttpsClientUtil.java:74)- 2019/06/10-10:06:43:298https://my.cbg.163.com/cgi/api/query
2019-06-10 10:06:48,532 INFO (HttpsClientUtil.java:74)- 2019/06/10-10:06:48:532https://my.cbg.163.com/cgi/api/get_equip_detail
2019-06-10 10:06:53,882 INFO (HttpsClientUtil.java:74)- 2019/06/10-10:06:53:882https://my.cbg.163.com/cgi/api/get_equip_detail
2019-06-10 10:06:59,176 INFO (HttpsClientUtil.java:74)- 2019/06/10-10:06:59:176https://my.cbg.163.com/cgi/api/get_equip_detail
2019-06-10 10:07:05,147 INFO (HttpsClientUtil.java:74)- 2019/06/10-10:07:05:147https://my.cbg.163.com/cgi/api/get_equip_detail
2019-06-10 10:07:10,290 INFO (HttpsClientUtil.java:74)- 2019/06/10-10:07:10:290https://my.cbg.163.com/cgi/api/add_collect
2019-06-10 10:07:15,355 INFO (HttpsClientUtil.java:74)- 2019/06/10-10:07:15:355https://my.cbg.163.com/cgi/api/get_equip_detail
2019-06-10 10:07:20,574 INFO (HttpsClientUtil.java:74)- 2019/06/10-10:07:20:574https://my.cbg.163.com/cgi/api/get_equip_detail
2019-06-10 10:07:25,914 INFO (HttpsClientUtil.java:74)- 2019/06/10-10:07:25:914https://my.cbg.163.com/cgi/api/get_equip_detail
2019-06-10 10:07:31,000 INFO (HttpsClientUtil.java:74)- 2019/06/10-10:07:31:000https://my.cbg.163.com/cgi/api/add_collect
2019-06-10 10:07:36,051 INFO (HttpsClientUtil.java:74)- 2019/06/10-10:07:36:051https://my.cbg.163.com/cgi/api/get_equip_detail
2019-06-10 10:07:41,447 INFO (HttpsClientUtil.java:74)- 2019/06/10-10:07:41:447https://my.cbg.163.com/cgi/api/add_collect
2019-06-10 10:07:46,510 INFO (HttpsClientUtil.java:74)- 2019/06/10-10:07:46:510https://my.cbg.163.com/cgi/api/get_equip_detail
2019-06-10 10:07:51,735 INFO (HttpsClientUtil.java:74)- 2019/06/10-10:07:51:735https://my.cbg.163.com/cgi/api/get_equip_detail
2019-06-10 10:07:56,955 INFO (HttpsClientUtil.java:74)- 2019/06/10-10:07:56:955https://my.cbg.163.com/cgi/api/add_collect
2019-06-10 10:08:02,236 INFO (HttpsClientUtil.java:74)- 2019/06/10-10:08:02:236https://my.cbg.163.com/cgi/api/get_equip_detail
2019-06-10 10:08:08,589 INFO (HttpsClientUtil.java:74)- 2019/06/10-10:08:08:589https://my.cbg.163.com/cgi/api/get_equip_detail
2019-06-10 10:08:14,270 INFO (HttpsClientUtil.java:74)- 2019/06/10-10:08:14:270https://my.cbg.163.com/cgi/api/get_equip_detail
2019-06-10 10:08:19,705 INFO (HttpsClientUtil.java:74)- 2019/06/10-10:08:19:705https://my.cbg.163.com/cgi/api/get_equip_detail
2019-06-10 10:08:25,153 INFO (HttpsClientUtil.java:74)- 2019/06/10-10:08:25:153https://my.cbg.163.com/cgi/api/get_equip_detail
2019-06-10 10:08:30,254 INFO (HttpsClientUtil.java:74)- 2019/06/10-10:08:30:254https://my.cbg.163.com/cgi/api/query
2019-06-10 10:08:35,367 INFO (HttpsClientUtil.java:74)- 2019/06/10-10:08:35:367https://my.cbg.163.com/cgi/api/get_equip_detail
2019-06-10 10:08:40,506 INFO (HttpsClientUtil.java:74)- 2019/06/10-10:08:40:506https://my.cbg.163.com/cgi/api/get_equip_detail
2019-06-10 10:08:46,056 INFO (HttpsClientUtil.java:74)- 2019/06/10-10:08:46:056https://my.cbg.163.com/cgi/api/get_equip_detail
2019-06-10 10:08:51,161 INFO (HttpsClientUtil.java:74)- 2019/06/10-10:08:51:161https://my.cbg.163.com/cgi/api/get_equip_detail
2019-06-10 10:08:56,536 INFO (HttpsClientUtil.java:74)- 2019/06/10-10:08:56:536https://my.cbg.163.com/cgi/api/get_equip_detail
2019-06-10 15:43:22,816 INFO (HttpsClientUtil.java:74)- 2019/06/10-15:43:22:816https://my.cbg.163.com/cgi/api/query
2019-06-10 15:43:27,962 INFO (HttpsClientUtil.java:74)- 2019/06/10-15:43:27:962https://my.cbg.163.com/cgi/api/get_equip_detail
2019-06-10 15:43:33,131 INFO (HttpsClientUtil.java:74)- 2019/06/10-15:43:33:131https://my.cbg.163.com/cgi/api/get_equip_detail
2019-06-10 15:43:38,238 INFO (HttpsClientUtil.java:74)- 2019/06/10-15:43:38:238https://my.cbg.163.com/cgi/api/get_equip_detail
2019-06-10 15:43:43,384 INFO (HttpsClientUtil.java:74)- 2019/06/10-15:43:43:384https://my.cbg.163.com/cgi/api/get_equip_detail
2019-06-10 15:43:48,506 INFO (HttpsClientUtil.java:74)- 2019/06/10-15:43:48:506https://my.cbg.163.com/cgi/api/get_equip_detail
2019-06-10 15:43:53,636 INFO (HttpsClientUtil.java:74)- 2019/06/10-15:43:53:636https://my.cbg.163.com/cgi/api/get_equip_detail
2019-06-10 15:43:58,703 INFO (HttpsClientUtil.java:74)- 2019/06/10-15:43:58:703https://my.cbg.163.com/cgi/api/get_equip_detail
2019-06-10 15:44:03,798 INFO (HttpsClientUtil.java:74)- 2019/06/10-15:44:03:798https://my.cbg.163.com/cgi/api/get_equip_detail
2019-06-10 15:44:08,895 INFO (HttpsClientUtil.java:74)- 2019/06/10-15:44:08:895https://my.cbg.163.com/cgi/api/get_equip_detail
2019-06-10 15:44:13,991 INFO (HttpsClientUtil.java:74)- 2019/06/10-15:44:13:991https://my.cbg.163.com/cgi/api/get_equip_detail
2019-06-10 15:44:19,080 INFO (HttpsClientUtil.java:74)- 2019/06/10-15:44:19:080https://my.cbg.163.com/cgi/api/get_equip_detail
2019-06-10 15:44:24,177 INFO (HttpsClientUtil.java:74)- 2019/06/10-15:44:24:177https://my.cbg.163.com/cgi/api/get_equip_detail
2019-06-10 15:44:29,287 INFO (HttpsClientUtil.java:74)- 2019/06/10-15:44:29:287https://my.cbg.163.com/cgi/api/get_equip_detail
2019-06-10 15:44:34,401 INFO (HttpsClientUtil.java:74)- 2019/06/10-15:44:34:401https://my.cbg.163.com/cgi/api/get_equip_detail
2019-06-10 15:44:39,486 INFO (HttpsClientUtil.java:74)- 2019/06/10-15:44:39:486https://my.cbg.163.com/cgi/api/get_equip_detail
2019-06-10 15:44:44,564 INFO (HttpsClientUtil.java:74)- 2019/06/10-15:44:44:564https://my.cbg.163.com/cgi/api/query
2019-06-10 15:44:49,626 INFO (HttpsClientUtil.java:74)- 2019/06/10-15:44:49:626https://my.cbg.163.com/cgi/api/get_equip_detail
2019-06-10 15:44:54,701 INFO (HttpsClientUtil.java:74)- 2019/06/10-15:44:54:701https://my.cbg.163.com/cgi/api/get_equip_detail
2019-06-10 15:44:59,815 INFO (HttpsClientUtil.java:74)- 2019/06/10-15:44:59:815https://my.cbg.163.com/cgi/api/get_equip_detail
2019-06-10 15:45:04,890 INFO (HttpsClientUtil.java:74)- 2019/06/10-15:45:04:890https://my.cbg.163.com/cgi/api/get_equip_detail
2019-06-10 15:45:09,971 INFO (HttpsClientUtil.java:74)- 2019/06/10-15:45:09:971https://my.cbg.163.com/cgi/api/get_equip_detail
2019-06-10 15:45:15,065 INFO (HttpsClientUtil.java:74)- 2019/06/10-15:45:15:065https://my.cbg.163.com/cgi/api/get_equip_detail
2019-06-10 15:45:20,164 INFO (HttpsClientUtil.java:74)- 2019/06/10-15:45:20:164https://my.cbg.163.com/cgi/api/get_equip_detail
2019-06-10 15:45:25,242 INFO (HttpsClientUtil.java:74)- 2019/06/10-15:45:25:242https://my.cbg.163.com/cgi/api/get_equip_detail
2019-06-10 15:45:30,333 INFO (HttpsClientUtil.java:74)- 2019/06/10-15:45:30:333https://my.cbg.163.com/cgi/api/get_equip_detail
2019-06-10 15:45:35,420 INFO (HttpsClientUtil.java:74)- 2019/06/10-15:45:35:420https://my.cbg.163.com/cgi/api/get_equip_detail
2019-06-10 15:45:40,534 INFO (HttpsClientUtil.java:74)- 2019/06/10-15:45:40:534https://my.cbg.163.com/cgi/api/get_equip_detail
2019-06-10 15:45:45,638 INFO (HttpsClientUtil.java:74)- 2019/06/10-15:45:45:638https://my.cbg.163.com/cgi/api/get_equip_detail
2019-06-10 15:45:50,720 INFO (HttpsClientUtil.java:74)- 2019/06/10-15:45:50:720https://my.cbg.163.com/cgi/api/get_equip_detail
2019-06-10 15:45:55,816 INFO (HttpsClientUtil.java:74)- 2019/06/10-15:45:55:816https://my.cbg.163.com/cgi/api/get_equip_detail
2019-06-10 15:46:00,909 INFO (HttpsClientUtil.java:74)- 2019/06/10-15:46:00:909https://my.cbg.163.com/cgi/api/get_equip_detail
2019-06-10 15:46:06,014 INFO (HttpsClientUtil.java:74)- 2019/06/10-15:46:06:014https://my.cbg.163.com/cgi/api/query
2019-06-10 15:46:11,095 INFO (HttpsClientUtil.java:74)- 2019/06/10-15:46:11:095https://my.cbg.163.com/cgi/api/get_equip_detail
2019-06-10 15:46:16,175 INFO (HttpsClientUtil.java:74)- 2019/06/10-15:46:16:175https://my.cbg.163.com/cgi/api/get_equip_detail
2019-06-10 15:46:21,316 INFO (HttpsClientUtil.java:74)- 2019/06/10-15:46:21:316https://my.cbg.163.com/cgi/api/get_equip_detail
2019-06-10 15:46:26,433 INFO (HttpsClientUtil.java:74)- 2019/06/10-15:46:26:433https://my.cbg.163.com/cgi/api/get_equip_detail
2019-06-10 15:46:31,565 INFO (HttpsClientUtil.java:74)- 2019/06/10-15:46:31:565https://my.cbg.163.com/cgi/api/get_equip_detail
2019-06-10 15:46:36,738 INFO (HttpsClientUtil.java:74)- 2019/06/10-15:46:36:738https://my.cbg.163.com/cgi/api/get_equip_detail
2019-06-10 15:46:41,847 INFO (HttpsClientUtil.java:74)- 2019/06/10-15:46:41:847https://my.cbg.163.com/cgi/api/get_equip_detail
2019-06-10 15:46:46,937 INFO (HttpsClientUtil.java:74)- 2019/06/10-15:46:46:937https://my.cbg.163.com/cgi/api/get_equip_detail
2019-06-10 15:46:52,064 INFO (HttpsClientUtil.java:74)- 2019/06/10-15:46:52:064https://my.cbg.163.com/cgi/api/get_equip_detail
2019-06-10 15:46:57,126 INFO (HttpsClientUtil.java:74)- 2019/06/10-15:46:57:126https://my.cbg.163.com/cgi/api/get_equip_detail
2019-06-10 15:47:02,199 INFO (HttpsClientUtil.java:74)- 2019/06/10-15:47:02:199https://my.cbg.163.com/cgi/api/get_equip_detail
2019-06-10 15:47:07,285 INFO (HttpsClientUtil.java:74)- 2019/06/10-15:47:07:285https://my.cbg.163.com/cgi/api/get_equip_detail
2019-06-10 15:47:12,407 INFO (HttpsClientUtil.java:74)- 2019/06/10-15:47:12:407https://my.cbg.163.com/cgi/api/get_equip_detail
2019-06-10 15:47:17,484 INFO (HttpsClientUtil.java:74)- 2019/06/10-15:47:17:484https://my.cbg.163.com/cgi/api/get_equip_detail
2019-06-10 15:47:22,550 INFO (HttpsClientUtil.java:74)- 2019/06/10-15:47:22:550https://my.cbg.163.com/cgi/api/get_equip_detail
2019-06-10 15:47:27,641 INFO (HttpsClientUtil.java:74)- 2019/06/10-15:47:27:641https://my.cbg.163.com/cgi/api/query
2019-06-10 15:47:32,728 INFO (HttpsClientUtil.java:74)- 2019/06/10-15:47:32:728https://my.cbg.163.com/cgi/api/get_equip_detail
2019-06-10 15:47:37,790 INFO (HttpsClientUtil.java:74)- 2019/06/10-15:47:37:790https://my.cbg.163.com/cgi/api/add_collect
2019-06-10 15:47:42,839 INFO (HttpsClientUtil.java:74)- 2019/06/10-15:47:42:839https://my.cbg.163.com/cgi/api/get_equip_detail
2019-06-10 15:47:47,937 INFO (HttpsClientUtil.java:74)- 2019/06/10-15:47:47:937https://my.cbg.163.com/cgi/api/get_equip_detail
2019-06-10 15:47:53,033 INFO (HttpsClientUtil.java:74)- 2019/06/10-15:47:53:033https://my.cbg.163.com/cgi/api/add_collect
2019-06-10 15:47:58,085 INFO (HttpsClientUtil.java:74)- 2019/06/10-15:47:58:085https://my.cbg.163.com/cgi/api/get_equip_detail
2019-06-10 15:48:03,172 INFO (HttpsClientUtil.java:74)- 2019/06/10-15:48:03:172https://my.cbg.163.com/cgi/api/get_equip_detail
2019-06-10 15:48:08,289 INFO (HttpsClientUtil.java:74)- 2019/06/10-15:48:08:289https://my.cbg.163.com/cgi/api/get_equip_detail
2019-06-10 15:48:13,381 INFO (HttpsClientUtil.java:74)- 2019/06/10-15:48:13:381https://my.cbg.163.com/cgi/api/get_equip_detail
2019-06-10 15:48:18,448 INFO (HttpsClientUtil.java:74)- 2019/06/10-15:48:18:448https://my.cbg.163.com/cgi/api/get_equip_detail
2019-06-10 15:48:23,551 INFO (HttpsClientUtil.java:74)- 2019/06/10-15:48:23:551https://my.cbg.163.com/cgi/api/get_equip_detail
2019-06-10 15:48:28,625 INFO (HttpsClientUtil.java:74)- 2019/06/10-15:48:28:625https://my.cbg.163.com/cgi/api/get_equip_detail
2019-06-10 15:48:33,737 INFO (HttpsClientUtil.java:74)- 2019/06/10-15:48:33:737https://my.cbg.163.com/cgi/api/get_equip_detail
2019-06-10 15:48:38,832 INFO (HttpsClientUtil.java:74)- 2019/06/10-15:48:38:832https://my.cbg.163.com/cgi/api/get_equip_detail
2019-06-10 15:48:43,933 INFO (HttpsClientUtil.java:74)- 2019/06/10-15:48:43:933https://my.cbg.163.com/cgi/api/get_equip_detail
2019-06-10 15:48:49,054 INFO (HttpsClientUtil.java:74)- 2019/06/10-15:48:49:054https://my.cbg.163.com/cgi/api/get_equip_detail
2019-06-10 15:48:54,178 INFO (HttpsClientUtil.java:74)- 2019/06/10-15:48:54:178https://my.cbg.163.com/cgi/api/get_equip_detail
2019-06-10 15:48:59,356 INFO (HttpsClientUtil.java:74)- 2019/06/10-15:48:59:356https://my.cbg.163.com/cgi/api/query
2019-06-10 15:49:04,462 INFO (HttpsClientUtil.java:74)- 2019/06/10-15:49:04:462https://my.cbg.163.com/cgi/api/get_equip_detail
2019-06-10 15:49:09,600 INFO (HttpsClientUtil.java:74)- 2019/06/10-15:49:09:600https://my.cbg.163.com/cgi/api/get_equip_detail
2019-06-10 15:49:14,688 INFO (HttpsClientUtil.java:74)- 2019/06/10-15:49:14:688https://my.cbg.163.com/cgi/api/get_equip_detail
2019-06-10 15:49:19,754 INFO (HttpsClientUtil.java:74)- 2019/06/10-15:49:19:754https://my.cbg.163.com/cgi/api/add_collect
2019-06-10 15:49:24,802 INFO (HttpsClientUtil.java:74)- 2019/06/10-15:49:24:802https://my.cbg.163.com/cgi/api/get_equip_detail
2019-06-10 15:49:29,871 INFO (HttpsClientUtil.java:74)- 2019/06/10-15:49:29:871https://my.cbg.163.com/cgi/api/get_equip_detail
2019-06-10 15:49:34,927 INFO (HttpsClientUtil.java:74)- 2019/06/10-15:49:34:927https://my.cbg.163.com/cgi/api/add_collect
2019-06-10 15:49:39,975 INFO (HttpsClientUtil.java:74)- 2019/06/10-15:49:39:975https://my.cbg.163.com/cgi/api/get_equip_detail
2019-06-10 15:49:45,054 INFO (HttpsClientUtil.java:74)- 2019/06/10-15:49:45:054https://my.cbg.163.com/cgi/api/get_equip_detail
2019-06-10 15:49:50,242 INFO (HttpsClientUtil.java:74)- 2019/06/10-15:49:50:242https://my.cbg.163.com/cgi/api/get_equip_detail
2019-06-10 15:49:55,296 INFO (HttpsClientUtil.java:74)- 2019/06/10-15:49:55:296https://my.cbg.163.com/cgi/api/get_equip_detail
2019-06-10 15:50:00,371 INFO (HttpsClientUtil.java:74)- 2019/06/10-15:50:00:371https://my.cbg.163.com/cgi/api/get_equip_detail
2019-06-10 15:50:05,496 INFO (HttpsClientUtil.java:74)- 2019/06/10-15:50:05:496https://my.cbg.163.com/cgi/api/get_equip_detail
2019-06-10 15:50:10,568 INFO (HttpsClientUtil.java:74)- 2019/06/10-15:50:10:568https://my.cbg.163.com/cgi/api/get_equip_detail
2019-06-10 15:50:15,657 INFO (HttpsClientUtil.java:74)- 2019/06/10-15:50:15:657https://my.cbg.163.com/cgi/api/get_equip_detail
2019-06-10 15:50:20,760 INFO (HttpsClientUtil.java:74)- 2019/06/10-15:50:20:760https://my.cbg.163.com/cgi/api/get_equip_detail
2019-06-10 15:50:25,846 INFO (HttpsClientUtil.java:74)- 2019/06/10-15:50:25:846https://my.cbg.163.com/cgi/api/get_equip_detail
2019-06-10 15:50:30,931 INFO (HttpsClientUtil.java:74)- 2019/06/10-15:50:30:931https://my.cbg.163.com/cgi/api/query
2019-06-10 15:50:35,985 INFO (HttpsClientUtil.java:74)- 2019/06/10-15:50:35:985https://my.cbg.163.com/cgi/api/get_equip_detail
2019-06-10 15:50:41,051 INFO (HttpsClientUtil.java:74)- 2019/06/10-15:50:41:051https://my.cbg.163.com/cgi/api/get_equip_detail
2019-06-10 15:50:46,115 INFO (HttpsClientUtil.java:74)- 2019/06/10-15:50:46:115https://my.cbg.163.com/cgi/api/get_equip_detail
2019-06-10 15:50:51,174 INFO (HttpsClientUtil.java:74)- 2019/06/10-15:50:51:174https://my.cbg.163.com/cgi/api/get_equip_detail
2019-06-10 15:50:56,267 INFO (HttpsClientUtil.java:74)- 2019/06/10-15:50:56:267https://my.cbg.163.com/cgi/api/get_equip_detail
2019-06-10 15:51:01,355 INFO (HttpsClientUtil.java:74)- 2019/06/10-15:51:01:355https://my.cbg.163.com/cgi/api/get_equip_detail
2019-06-10 15:51:06,461 INFO (HttpsClientUtil.java:74)- 2019/06/10-15:51:06:461https://my.cbg.163.com/cgi/api/get_equip_detail
2019-06-10 15:51:11,511 INFO (HttpsClientUtil.java:74)- 2019/06/10-15:51:11:511https://my.cbg.163.com/cgi/api/get_equip_detail
2019-06-10 15:51:16,597 INFO (HttpsClientUtil.java:74)- 2019/06/10-15:51:16:597https://my.cbg.163.com/cgi/api/get_equip_detail
2019-06-10 15:51:21,654 INFO (HttpsClientUtil.java:74)- 2019/06/10-15:51:21:654https://my.cbg.163.com/cgi/api/get_equip_detail
2019-06-10 15:51:26,716 INFO (HttpsClientUtil.java:74)- 2019/06/10-15:51:26:716https://my.cbg.163.com/cgi/api/get_equip_detail
2019-06-10 15:51:31,802 INFO (HttpsClientUtil.java:74)- 2019/06/10-15:51:31:802https://my.cbg.163.com/cgi/api/get_equip_detail
2019-06-10 15:51:36,890 INFO (HttpsClientUtil.java:74)- 2019/06/10-15:51:36:890https://my.cbg.163.com/cgi/api/get_equip_detail
2019-06-10 15:51:42,013 INFO (HttpsClientUtil.java:74)- 2019/06/10-15:51:42:013https://my.cbg.163.com/cgi/api/get_equip_detail
2019-06-10 15:51:47,064 INFO (HttpsClientUtil.java:74)- 2019/06/10-15:51:47:064https://my.cbg.163.com/cgi/api/add_collect
2019-06-10 15:51:52,105 INFO (HttpsClientUtil.java:74)- 2019/06/10-15:51:52:105https://my.cbg.163.com/cgi/api/get_equip_detail
2019-06-10 15:51:57,158 INFO (HttpsClientUtil.java:74)- 2019/06/10-15:51:57:158https://my.cbg.163.com/cgi/api/add_collect
2019-06-10 15:52:02,198 INFO (HttpsClientUtil.java:74)- 2019/06/10-15:52:02:198https://my.cbg.163.com/cgi/api/query
