2019-05-27 09:37:58,022 INFO (StartupInfoLogger.java:50)- Starting PaymhApplication on WINDOWS-MGSUBV3 with PID 10140 (E:\projects\paymh-ip\target\classes started by chenjc23273 in E:\projects\paymh-ip)
2019-05-27 09:37:58,111 INFO (SpringApplication.java:675)- No active profile set, falling back to default profiles: default
2019-05-27 09:38:01,854 INFO (StartupInfoLogger.java:59)- Started PaymhApplication in 5.167 seconds (JVM running for 10.105)
2019-05-27 09:38:01,859 INFO (PayService.java:66)- 2019/05/27-09:38:01:859------Http初始化之前
2019-05-27 09:38:06,586 INFO (PayService.java:83)- 2019/05/27-09:38:06:586------Http初始化之后
2019-05-27 09:42:16,219 INFO (HttpsClientUtil.java:74)- 2019/05/27-09:42:16:218https://my.cbg.163.com/cgi/api/query
2019-05-27 09:42:21,938 INFO (HttpsClientUtil.java:74)- 2019/05/27-09:42:21:938https://my.cbg.163.com/cgi/api/get_equip_detail
2019-05-27 09:42:27,119 INFO (HttpsClientUtil.java:74)- 2019/05/27-09:42:27:119https://my.cbg.163.com/cgi/api/get_equip_detail
2019-05-27 09:42:32,260 INFO (HttpsClientUtil.java:74)- 2019/05/27-09:42:32:260https://my.cbg.163.com/cgi/api/get_equip_detail
2019-05-27 09:42:37,353 INFO (HttpsClientUtil.java:74)- 2019/05/27-09:42:37:353https://my.cbg.163.com/cgi/api/get_equip_detail
2019-05-27 09:42:42,461 INFO (HttpsClientUtil.java:74)- 2019/05/27-09:42:42:461https://my.cbg.163.com/cgi/api/get_equip_detail
2019-05-27 09:42:47,552 INFO (HttpsClientUtil.java:74)- 2019/05/27-09:42:47:552https://my.cbg.163.com/cgi/api/get_equip_detail
2019-05-27 09:42:52,646 INFO (HttpsClientUtil.java:74)- 2019/05/27-09:42:52:646https://my.cbg.163.com/cgi/api/add_collect
2019-05-27 09:42:57,695 INFO (HttpsClientUtil.java:74)- 2019/05/27-09:42:57:695https://my.cbg.163.com/cgi/api/get_equip_detail
2019-05-27 09:43:02,787 INFO (HttpsClientUtil.java:74)- 2019/05/27-09:43:02:787https://my.cbg.163.com/cgi/api/get_equip_detail
2019-05-27 09:43:07,889 INFO (HttpsClientUtil.java:74)- 2019/05/27-09:43:07:889https://my.cbg.163.com/cgi/api/get_equip_detail
2019-05-27 09:43:13,003 INFO (HttpsClientUtil.java:74)- 2019/05/27-09:43:13:003https://my.cbg.163.com/cgi/api/get_equip_detail
2019-05-27 09:43:18,120 INFO (HttpsClientUtil.java:74)- 2019/05/27-09:43:18:120https://my.cbg.163.com/cgi/api/get_equip_detail
2019-05-27 09:43:23,179 INFO (HttpsClientUtil.java:74)- 2019/05/27-09:43:23:179https://my.cbg.163.com/cgi/api/get_equip_detail
2019-05-27 09:43:28,276 INFO (HttpsClientUtil.java:74)- 2019/05/27-09:43:28:276https://my.cbg.163.com/cgi/api/get_equip_detail
2019-05-27 09:43:33,386 INFO (HttpsClientUtil.java:74)- 2019/05/27-09:43:33:386https://my.cbg.163.com/cgi/api/get_equip_detail
2019-05-27 09:43:38,500 INFO (HttpsClientUtil.java:74)- 2019/05/27-09:43:38:500https://my.cbg.163.com/cgi/api/get_equip_detail
2019-05-27 09:43:43,592 INFO (HttpsClientUtil.java:74)- 2019/05/27-09:43:43:592https://my.cbg.163.com/cgi/api/query
2019-05-27 09:43:48,672 INFO (HttpsClientUtil.java:74)- 2019/05/27-09:43:48:672https://my.cbg.163.com/cgi/api/get_equip_detail
2019-05-27 09:43:53,783 INFO (HttpsClientUtil.java:74)- 2019/05/27-09:43:53:783https://my.cbg.163.com/cgi/api/get_equip_detail
2019-05-27 09:43:58,878 INFO (HttpsClientUtil.java:74)- 2019/05/27-09:43:58:878https://my.cbg.163.com/cgi/api/add_collect
2019-05-27 09:44:03,927 INFO (HttpsClientUtil.java:74)- 2019/05/27-09:44:03:927https://my.cbg.163.com/cgi/api/get_equip_detail
2019-05-27 09:44:08,994 INFO (HttpsClientUtil.java:74)- 2019/05/27-09:44:08:994https://my.cbg.163.com/cgi/api/add_collect
2019-05-27 09:44:14,043 INFO (HttpsClientUtil.java:74)- 2019/05/27-09:44:14:043https://my.cbg.163.com/cgi/api/get_equip_detail
2019-05-27 09:44:19,142 INFO (HttpsClientUtil.java:74)- 2019/05/27-09:44:19:141https://my.cbg.163.com/cgi/api/get_equip_detail
2019-05-27 09:44:24,211 INFO (HttpsClientUtil.java:74)- 2019/05/27-09:44:24:211https://my.cbg.163.com/cgi/api/get_equip_detail
2019-05-27 09:44:29,270 INFO (HttpsClientUtil.java:74)- 2019/05/27-09:44:29:270https://my.cbg.163.com/cgi/api/get_equip_detail
2019-05-27 09:44:34,367 INFO (HttpsClientUtil.java:74)- 2019/05/27-09:44:34:367https://my.cbg.163.com/cgi/api/get_equip_detail
2019-05-27 09:44:39,470 INFO (HttpsClientUtil.java:74)- 2019/05/27-09:44:39:470https://my.cbg.163.com/cgi/api/get_equip_detail
2019-05-27 09:44:44,769 INFO (HttpsClientUtil.java:74)- 2019/05/27-09:44:44:769https://my.cbg.163.com/cgi/api/get_equip_detail
2019-05-27 09:44:49,869 INFO (HttpsClientUtil.java:74)- 2019/05/27-09:44:49:869https://my.cbg.163.com/cgi/api/get_equip_detail
2019-05-27 09:44:54,925 INFO (HttpsClientUtil.java:74)- 2019/05/27-09:44:54:925https://my.cbg.163.com/cgi/api/get_equip_detail
2019-05-27 09:45:00,027 INFO (HttpsClientUtil.java:74)- 2019/05/27-09:45:00:027https://my.cbg.163.com/cgi/api/get_equip_detail
2019-05-27 09:45:05,202 INFO (HttpsClientUtil.java:74)- 2019/05/27-09:45:05:202https://my.cbg.163.com/cgi/api/get_equip_detail
2019-05-27 09:45:10,315 INFO (HttpsClientUtil.java:74)- 2019/05/27-09:45:10:315https://my.cbg.163.com/cgi/api/add_collect
2019-05-27 09:45:15,358 INFO (HttpsClientUtil.java:74)- 2019/05/27-09:45:15:358https://my.cbg.163.com/cgi/api/get_equip_detail
2019-05-27 09:45:20,439 INFO (HttpsClientUtil.java:74)- 2019/05/27-09:45:20:439https://my.cbg.163.com/cgi/api/query
2019-05-27 09:45:25,497 INFO (HttpsClientUtil.java:74)- 2019/05/27-09:45:25:497https://my.cbg.163.com/cgi/api/get_equip_detail
2019-05-27 09:45:30,610 INFO (HttpsClientUtil.java:74)- 2019/05/27-09:45:30:610https://my.cbg.163.com/cgi/api/get_equip_detail
2019-05-27 09:45:35,672 INFO (HttpsClientUtil.java:74)- 2019/05/27-09:45:35:672https://my.cbg.163.com/cgi/api/get_equip_detail
2019-05-27 09:45:40,782 INFO (HttpsClientUtil.java:74)- 2019/05/27-09:45:40:782https://my.cbg.163.com/cgi/api/get_equip_detail
2019-05-27 09:45:45,850 INFO (HttpsClientUtil.java:74)- 2019/05/27-09:45:45:850https://my.cbg.163.com/cgi/api/get_equip_detail
2019-05-27 09:45:50,926 INFO (HttpsClientUtil.java:74)- 2019/05/27-09:45:50:926https://my.cbg.163.com/cgi/api/add_collect
2019-05-27 09:45:55,976 INFO (HttpsClientUtil.java:74)- 2019/05/27-09:45:55:976https://my.cbg.163.com/cgi/api/get_equip_detail
2019-05-27 09:46:01,067 INFO (HttpsClientUtil.java:74)- 2019/05/27-09:46:01:067https://my.cbg.163.com/cgi/api/get_equip_detail
2019-05-27 09:46:06,128 INFO (HttpsClientUtil.java:74)- 2019/05/27-09:46:06:128https://my.cbg.163.com/cgi/api/get_equip_detail
2019-05-27 09:46:11,203 INFO (HttpsClientUtil.java:74)- 2019/05/27-09:46:11:203https://my.cbg.163.com/cgi/api/add_collect
2019-05-27 09:46:16,252 INFO (HttpsClientUtil.java:74)- 2019/05/27-09:46:16:252https://my.cbg.163.com/cgi/api/get_equip_detail
2019-05-27 09:46:21,358 INFO (HttpsClientUtil.java:74)- 2019/05/27-09:46:21:358https://my.cbg.163.com/cgi/api/get_equip_detail
2019-05-27 09:46:26,459 INFO (HttpsClientUtil.java:74)- 2019/05/27-09:46:26:459https://my.cbg.163.com/cgi/api/get_equip_detail
2019-05-27 09:46:31,528 INFO (HttpsClientUtil.java:74)- 2019/05/27-09:46:31:528https://my.cbg.163.com/cgi/api/get_equip_detail
2019-05-27 09:46:36,603 INFO (HttpsClientUtil.java:74)- 2019/05/27-09:46:36:603https://my.cbg.163.com/cgi/api/get_equip_detail
2019-05-27 09:46:41,667 INFO (HttpsClientUtil.java:74)- 2019/05/27-09:46:41:667https://my.cbg.163.com/cgi/api/add_collect
2019-05-27 09:46:46,712 INFO (HttpsClientUtil.java:74)- 2019/05/27-09:46:46:712https://my.cbg.163.com/cgi/api/get_equip_detail
2019-05-27 09:46:51,800 INFO (HttpsClientUtil.java:74)- 2019/05/27-09:46:51:800https://my.cbg.163.com/cgi/api/get_equip_detail
2019-05-27 09:46:56,905 INFO (HttpsClientUtil.java:74)- 2019/05/27-09:46:56:905https://my.cbg.163.com/cgi/api/query
2019-05-27 09:47:01,990 INFO (HttpsClientUtil.java:74)- 2019/05/27-09:47:01:990https://my.cbg.163.com/cgi/api/get_equip_detail
2019-05-27 09:47:07,039 INFO (HttpsClientUtil.java:74)- 2019/05/27-09:47:07:039https://my.cbg.163.com/cgi/api/get_equip_detail
2019-05-27 09:47:12,203 INFO (HttpsClientUtil.java:74)- 2019/05/27-09:47:12:202https://my.cbg.163.com/cgi/api/add_collect
2019-05-27 09:47:17,249 INFO (HttpsClientUtil.java:74)- 2019/05/27-09:47:17:249https://my.cbg.163.com/cgi/api/get_equip_detail
2019-05-27 09:47:22,305 INFO (HttpsClientUtil.java:74)- 2019/05/27-09:47:22:305https://my.cbg.163.com/cgi/api/get_equip_detail
2019-05-27 09:47:27,360 INFO (HttpsClientUtil.java:74)- 2019/05/27-09:47:27:360https://my.cbg.163.com/cgi/api/get_equip_detail
2019-05-27 09:47:32,463 INFO (HttpsClientUtil.java:74)- 2019/05/27-09:47:32:462https://my.cbg.163.com/cgi/api/get_equip_detail
2019-05-27 09:47:37,576 INFO (HttpsClientUtil.java:74)- 2019/05/27-09:47:37:576https://my.cbg.163.com/cgi/api/get_equip_detail
2019-05-27 09:47:42,682 INFO (HttpsClientUtil.java:74)- 2019/05/27-09:47:42:682https://my.cbg.163.com/cgi/api/get_equip_detail
2019-05-27 09:47:47,790 INFO (HttpsClientUtil.java:74)- 2019/05/27-09:47:47:790https://my.cbg.163.com/cgi/api/get_equip_detail
2019-05-27 09:47:52,879 INFO (HttpsClientUtil.java:74)- 2019/05/27-09:47:52:879https://my.cbg.163.com/cgi/api/get_equip_detail
2019-05-27 09:47:58,037 INFO (HttpsClientUtil.java:74)- 2019/05/27-09:47:58:037https://my.cbg.163.com/cgi/api/get_equip_detail
2019-05-27 09:48:03,109 INFO (HttpsClientUtil.java:74)- 2019/05/27-09:48:03:109https://my.cbg.163.com/cgi/api/get_equip_detail
2019-05-27 09:48:08,184 INFO (HttpsClientUtil.java:74)- 2019/05/27-09:48:08:184https://my.cbg.163.com/cgi/api/add_collect
2019-05-27 09:48:13,235 INFO (HttpsClientUtil.java:74)- 2019/05/27-09:48:13:235https://my.cbg.163.com/cgi/api/get_equip_detail
2019-05-27 09:48:18,281 INFO (HttpsClientUtil.java:74)- 2019/05/27-09:48:18:281https://my.cbg.163.com/cgi/api/get_equip_detail
2019-05-27 09:48:23,386 INFO (HttpsClientUtil.java:74)- 2019/05/27-09:48:23:386https://my.cbg.163.com/cgi/api/get_equip_detail
2019-05-27 09:48:28,450 INFO (HttpsClientUtil.java:74)- 2019/05/27-09:48:28:450https://my.cbg.163.com/cgi/api/query
2019-05-27 09:48:33,513 INFO (HttpsClientUtil.java:74)- 2019/05/27-09:48:33:513https://my.cbg.163.com/cgi/api/get_equip_detail
2019-05-27 09:48:38,580 INFO (HttpsClientUtil.java:74)- 2019/05/27-09:48:38:580https://my.cbg.163.com/cgi/api/get_equip_detail
2019-05-27 09:48:43,669 INFO (HttpsClientUtil.java:74)- 2019/05/27-09:48:43:669https://my.cbg.163.com/cgi/api/get_equip_detail
2019-05-27 09:48:48,743 INFO (HttpsClientUtil.java:74)- 2019/05/27-09:48:48:743https://my.cbg.163.com/cgi/api/get_equip_detail
2019-05-27 09:48:53,799 INFO (HttpsClientUtil.java:74)- 2019/05/27-09:48:53:799https://my.cbg.163.com/cgi/api/get_equip_detail
2019-05-27 09:48:58,883 INFO (HttpsClientUtil.java:74)- 2019/05/27-09:48:58:883https://my.cbg.163.com/cgi/api/get_equip_detail
2019-05-27 09:49:03,969 INFO (HttpsClientUtil.java:74)- 2019/05/27-09:49:03:969https://my.cbg.163.com/cgi/api/get_equip_detail
2019-05-27 09:49:09,057 INFO (HttpsClientUtil.java:74)- 2019/05/27-09:49:09:057https://my.cbg.163.com/cgi/api/get_equip_detail
2019-05-27 09:49:14,148 INFO (HttpsClientUtil.java:74)- 2019/05/27-09:49:14:148https://my.cbg.163.com/cgi/api/get_equip_detail
2019-05-27 09:49:19,230 INFO (HttpsClientUtil.java:74)- 2019/05/27-09:49:19:230https://my.cbg.163.com/cgi/api/get_equip_detail
2019-05-27 09:49:24,286 INFO (HttpsClientUtil.java:74)- 2019/05/27-09:49:24:286https://my.cbg.163.com/cgi/api/get_equip_detail
2019-05-27 09:49:29,382 INFO (HttpsClientUtil.java:74)- 2019/05/27-09:49:29:382https://my.cbg.163.com/cgi/api/get_equip_detail
2019-05-27 09:49:34,450 INFO (HttpsClientUtil.java:74)- 2019/05/27-09:49:34:450https://my.cbg.163.com/cgi/api/get_equip_detail
2019-05-27 09:49:39,510 INFO (HttpsClientUtil.java:74)- 2019/05/27-09:49:39:510https://my.cbg.163.com/cgi/api/get_equip_detail
2019-05-27 09:49:44,592 INFO (HttpsClientUtil.java:74)- 2019/05/27-09:49:44:592https://my.cbg.163.com/cgi/api/get_equip_detail
2019-05-27 09:49:49,705 INFO (HttpsClientUtil.java:74)- 2019/05/27-09:49:49:705https://my.cbg.163.com/cgi/api/query
2019-05-27 09:49:54,774 INFO (HttpsClientUtil.java:74)- 2019/05/27-09:49:54:774https://my.cbg.163.com/cgi/api/get_equip_detail
2019-05-27 09:49:59,841 INFO (HttpsClientUtil.java:74)- 2019/05/27-09:49:59:841https://my.cbg.163.com/cgi/api/add_collect
2019-05-27 09:50:04,888 INFO (HttpsClientUtil.java:74)- 2019/05/27-09:50:04:888https://my.cbg.163.com/cgi/api/get_equip_detail
2019-05-27 09:50:09,990 INFO (HttpsClientUtil.java:74)- 2019/05/27-09:50:09:990https://my.cbg.163.com/cgi/api/add_collect
2019-05-27 09:50:15,043 INFO (HttpsClientUtil.java:74)- 2019/05/27-09:50:15:043https://my.cbg.163.com/cgi/api/get_equip_detail
2019-05-27 09:50:20,122 INFO (HttpsClientUtil.java:74)- 2019/05/27-09:50:20:122https://my.cbg.163.com/cgi/api/get_equip_detail
2019-05-27 09:50:25,204 INFO (HttpsClientUtil.java:74)- 2019/05/27-09:50:25:204https://my.cbg.163.com/cgi/api/get_equip_detail
2019-05-27 09:50:30,315 INFO (HttpsClientUtil.java:74)- 2019/05/27-09:50:30:315https://my.cbg.163.com/cgi/api/add_collect
2019-05-27 09:50:35,364 INFO (HttpsClientUtil.java:74)- 2019/05/27-09:50:35:364https://my.cbg.163.com/cgi/api/get_equip_detail
2019-05-27 09:50:40,432 INFO (HttpsClientUtil.java:74)- 2019/05/27-09:50:40:432https://my.cbg.163.com/cgi/api/get_equip_detail
2019-05-27 09:50:45,510 INFO (HttpsClientUtil.java:74)- 2019/05/27-09:50:45:510https://my.cbg.163.com/cgi/api/add_collect
2019-05-27 09:50:50,562 INFO (HttpsClientUtil.java:74)- 2019/05/27-09:50:50:562https://my.cbg.163.com/cgi/api/get_equip_detail
2019-05-27 09:50:55,618 INFO (HttpsClientUtil.java:74)- 2019/05/27-09:50:55:618https://my.cbg.163.com/cgi/api/get_equip_detail
2019-05-27 09:51:00,704 INFO (HttpsClientUtil.java:74)- 2019/05/27-09:51:00:704https://my.cbg.163.com/cgi/api/get_equip_detail
2019-05-27 09:51:05,822 INFO (HttpsClientUtil.java:74)- 2019/05/27-09:51:05:822https://my.cbg.163.com/cgi/api/get_equip_detail
2019-05-27 12:23:27,772 INFO (HttpsClientUtil.java:74)- 2019/05/27-12:23:27:772https://my.cbg.163.com/cgi/api/query
2019-05-27 12:23:32,910 INFO (HttpsClientUtil.java:74)- 2019/05/27-12:23:32:909https://my.cbg.163.com/cgi/api/get_equip_detail
2019-05-27 12:23:38,006 INFO (HttpsClientUtil.java:74)- 2019/05/27-12:23:38:006https://my.cbg.163.com/cgi/api/get_equip_detail
2019-05-27 12:23:43,099 INFO (HttpsClientUtil.java:74)- 2019/05/27-12:23:43:099https://my.cbg.163.com/cgi/api/get_equip_detail
2019-05-27 12:23:48,194 INFO (HttpsClientUtil.java:74)- 2019/05/27-12:23:48:194https://my.cbg.163.com/cgi/api/get_equip_detail
2019-05-27 12:23:53,301 INFO (HttpsClientUtil.java:74)- 2019/05/27-12:23:53:301https://my.cbg.163.com/cgi/api/get_equip_detail
2019-05-27 12:23:58,360 INFO (HttpsClientUtil.java:74)- 2019/05/27-12:23:58:360https://my.cbg.163.com/cgi/api/get_equip_detail
2019-05-27 12:24:03,469 INFO (HttpsClientUtil.java:74)- 2019/05/27-12:24:03:469https://my.cbg.163.com/cgi/api/get_equip_detail
2019-05-27 12:24:08,599 INFO (HttpsClientUtil.java:74)- 2019/05/27-12:24:08:599https://my.cbg.163.com/cgi/api/add_collect
2019-05-27 12:24:13,655 INFO (HttpsClientUtil.java:74)- 2019/05/27-12:24:13:655https://my.cbg.163.com/cgi/api/get_equip_detail
2019-05-27 12:24:18,752 INFO (HttpsClientUtil.java:74)- 2019/05/27-12:24:18:752https://my.cbg.163.com/cgi/api/add_collect
2019-05-27 12:24:23,818 INFO (HttpsClientUtil.java:74)- 2019/05/27-12:24:23:818https://my.cbg.163.com/cgi/api/get_equip_detail
2019-05-27 12:24:28,900 INFO (HttpsClientUtil.java:74)- 2019/05/27-12:24:28:900https://my.cbg.163.com/cgi/api/get_equip_detail
2019-05-27 12:24:34,101 INFO (HttpsClientUtil.java:74)- 2019/05/27-12:24:34:101https://my.cbg.163.com/cgi/api/get_equip_detail
2019-05-27 12:24:39,193 INFO (HttpsClientUtil.java:74)- 2019/05/27-12:24:39:193https://my.cbg.163.com/cgi/api/get_equip_detail
2019-05-27 12:24:44,291 INFO (HttpsClientUtil.java:74)- 2019/05/27-12:24:44:291https://my.cbg.163.com/cgi/api/get_equip_detail
2019-05-27 12:24:49,363 INFO (HttpsClientUtil.java:74)- 2019/05/27-12:24:49:363https://my.cbg.163.com/cgi/api/get_equip_detail
2019-05-27 12:24:54,487 INFO (HttpsClientUtil.java:74)- 2019/05/27-12:24:54:487https://my.cbg.163.com/cgi/api/get_equip_detail
2019-05-27 12:24:59,608 INFO (HttpsClientUtil.java:74)- 2019/05/27-12:24:59:608https://my.cbg.163.com/cgi/api/query
2019-05-27 12:25:04,668 INFO (HttpsClientUtil.java:74)- 2019/05/27-12:25:04:668https://my.cbg.163.com/cgi/api/get_equip_detail
2019-05-27 12:25:09,779 INFO (HttpsClientUtil.java:74)- 2019/05/27-12:25:09:779https://my.cbg.163.com/cgi/api/get_equip_detail
2019-05-27 12:25:14,844 INFO (HttpsClientUtil.java:74)- 2019/05/27-12:25:14:843https://my.cbg.163.com/cgi/api/get_equip_detail
2019-05-27 12:25:19,962 INFO (HttpsClientUtil.java:74)- 2019/05/27-12:25:19:962https://my.cbg.163.com/cgi/api/get_equip_detail
2019-05-27 12:25:25,079 INFO (HttpsClientUtil.java:74)- 2019/05/27-12:25:25:079https://my.cbg.163.com/cgi/api/get_equip_detail
2019-05-27 12:25:30,175 INFO (HttpsClientUtil.java:74)- 2019/05/27-12:25:30:175https://my.cbg.163.com/cgi/api/get_equip_detail
2019-05-27 12:25:35,265 INFO (HttpsClientUtil.java:74)- 2019/05/27-12:25:35:265https://my.cbg.163.com/cgi/api/get_equip_detail
2019-05-27 12:25:40,383 INFO (HttpsClientUtil.java:74)- 2019/05/27-12:25:40:383https://my.cbg.163.com/cgi/api/get_equip_detail
2019-05-27 12:25:45,505 INFO (HttpsClientUtil.java:74)- 2019/05/27-12:25:45:505https://my.cbg.163.com/cgi/api/get_equip_detail
2019-05-27 12:25:50,589 INFO (HttpsClientUtil.java:74)- 2019/05/27-12:25:50:589https://my.cbg.163.com/cgi/api/add_collect
2019-05-27 12:25:55,638 INFO (HttpsClientUtil.java:74)- 2019/05/27-12:25:55:638https://my.cbg.163.com/cgi/api/get_equip_detail
2019-05-27 12:26:00,723 INFO (HttpsClientUtil.java:74)- 2019/05/27-12:26:00:723https://my.cbg.163.com/cgi/api/get_equip_detail
2019-05-27 12:26:05,815 INFO (HttpsClientUtil.java:74)- 2019/05/27-12:26:05:815https://my.cbg.163.com/cgi/api/get_equip_detail
2019-05-27 12:26:10,878 INFO (HttpsClientUtil.java:74)- 2019/05/27-12:26:10:878https://my.cbg.163.com/cgi/api/add_collect
2019-05-27 12:26:15,919 INFO (HttpsClientUtil.java:74)- 2019/05/27-12:26:15:919https://my.cbg.163.com/cgi/api/get_equip_detail
2019-05-27 12:26:21,016 INFO (HttpsClientUtil.java:74)- 2019/05/27-12:26:21:016https://my.cbg.163.com/cgi/api/get_equip_detail
2019-05-27 12:26:26,129 INFO (HttpsClientUtil.java:74)- 2019/05/27-12:26:26:129https://my.cbg.163.com/cgi/api/get_equip_detail
2019-05-27 12:26:31,196 INFO (HttpsClientUtil.java:74)- 2019/05/27-12:26:31:196https://my.cbg.163.com/cgi/api/query
2019-05-27 12:26:36,250 INFO (HttpsClientUtil.java:74)- 2019/05/27-12:26:36:250https://my.cbg.163.com/cgi/api/get_equip_detail
2019-05-27 12:26:41,310 INFO (HttpsClientUtil.java:74)- 2019/05/27-12:26:41:310https://my.cbg.163.com/cgi/api/get_equip_detail
2019-05-27 12:26:46,402 INFO (HttpsClientUtil.java:74)- 2019/05/27-12:26:46:402https://my.cbg.163.com/cgi/api/get_equip_detail
2019-05-27 12:26:51,510 INFO (HttpsClientUtil.java:74)- 2019/05/27-12:26:51:510https://my.cbg.163.com/cgi/api/get_equip_detail
2019-05-27 12:26:56,598 INFO (HttpsClientUtil.java:74)- 2019/05/27-12:26:56:598https://my.cbg.163.com/cgi/api/add_collect
2019-05-27 12:27:01,650 INFO (HttpsClientUtil.java:74)- 2019/05/27-12:27:01:650https://my.cbg.163.com/cgi/api/get_equip_detail
2019-05-27 12:27:06,712 INFO (HttpsClientUtil.java:74)- 2019/05/27-12:27:06:712https://my.cbg.163.com/cgi/api/get_equip_detail
2019-05-27 12:27:11,811 INFO (HttpsClientUtil.java:74)- 2019/05/27-12:27:11:811https://my.cbg.163.com/cgi/api/get_equip_detail
2019-05-27 12:27:16,900 INFO (HttpsClientUtil.java:74)- 2019/05/27-12:27:16:900https://my.cbg.163.com/cgi/api/add_collect
2019-05-27 12:27:21,948 INFO (HttpsClientUtil.java:74)- 2019/05/27-12:27:21:948https://my.cbg.163.com/cgi/api/get_equip_detail
2019-05-27 12:27:27,049 INFO (HttpsClientUtil.java:74)- 2019/05/27-12:27:27:049https://my.cbg.163.com/cgi/api/get_equip_detail
2019-05-27 12:27:32,112 INFO (HttpsClientUtil.java:74)- 2019/05/27-12:27:32:112https://my.cbg.163.com/cgi/api/add_collect
2019-05-27 12:27:37,161 INFO (HttpsClientUtil.java:74)- 2019/05/27-12:27:37:161https://my.cbg.163.com/cgi/api/get_equip_detail
2019-05-27 12:27:42,253 INFO (HttpsClientUtil.java:74)- 2019/05/27-12:27:42:253https://my.cbg.163.com/cgi/api/get_equip_detail
2019-05-27 12:27:47,340 INFO (HttpsClientUtil.java:74)- 2019/05/27-12:27:47:340https://my.cbg.163.com/cgi/api/get_equip_detail
2019-05-27 12:27:52,410 INFO (HttpsClientUtil.java:74)- 2019/05/27-12:27:52:410https://my.cbg.163.com/cgi/api/get_equip_detail
2019-05-27 12:27:57,529 INFO (HttpsClientUtil.java:74)- 2019/05/27-12:27:57:529https://my.cbg.163.com/cgi/api/get_equip_detail
2019-05-27 12:28:02,592 INFO (HttpsClientUtil.java:74)- 2019/05/27-12:28:02:592https://my.cbg.163.com/cgi/api/add_collect
2019-05-27 12:28:07,630 INFO (HttpsClientUtil.java:74)- 2019/05/27-12:28:07:630https://my.cbg.163.com/cgi/api/get_equip_detail
2019-05-27 12:28:12,691 INFO (HttpsClientUtil.java:74)- 2019/05/27-12:28:12:691https://my.cbg.163.com/cgi/api/add_collect
2019-05-27 12:28:17,741 INFO (HttpsClientUtil.java:74)- 2019/05/27-12:28:17:741https://my.cbg.163.com/cgi/api/query
2019-05-27 12:28:22,802 INFO (HttpsClientUtil.java:74)- 2019/05/27-12:28:22:802https://my.cbg.163.com/cgi/api/get_equip_detail
2019-05-27 12:28:27,862 INFO (HttpsClientUtil.java:74)- 2019/05/27-12:28:27:862https://my.cbg.163.com/cgi/api/add_collect
2019-05-27 12:28:32,883 INFO (HttpsClientUtil.java:74)- 2019/05/27-12:28:32:883https://my.cbg.163.com/cgi/api/get_equip_detail
2019-05-27 12:28:37,971 INFO (HttpsClientUtil.java:74)- 2019/05/27-12:28:37:971https://my.cbg.163.com/cgi/api/get_equip_detail
2019-05-27 12:28:43,066 INFO (HttpsClientUtil.java:74)- 2019/05/27-12:28:43:066https://my.cbg.163.com/cgi/api/get_equip_detail
2019-05-27 12:28:48,176 INFO (HttpsClientUtil.java:74)- 2019/05/27-12:28:48:176https://my.cbg.163.com/cgi/api/add_collect
2019-05-27 12:28:53,253 INFO (HttpsClientUtil.java:74)- 2019/05/27-12:28:53:253https://my.cbg.163.com/cgi/api/get_equip_detail
2019-05-27 12:28:58,344 INFO (HttpsClientUtil.java:74)- 2019/05/27-12:28:58:344https://my.cbg.163.com/cgi/api/get_equip_detail
2019-05-27 12:29:03,454 INFO (HttpsClientUtil.java:74)- 2019/05/27-12:29:03:454https://my.cbg.163.com/cgi/api/get_equip_detail
2019-05-27 12:29:08,558 INFO (HttpsClientUtil.java:74)- 2019/05/27-12:29:08:558https://my.cbg.163.com/cgi/api/get_equip_detail
2019-05-27 12:29:13,677 INFO (HttpsClientUtil.java:74)- 2019/05/27-12:29:13:677https://my.cbg.163.com/cgi/api/get_equip_detail
2019-05-27 12:29:18,740 INFO (HttpsClientUtil.java:74)- 2019/05/27-12:29:18:740https://my.cbg.163.com/cgi/api/get_equip_detail
2019-05-27 12:29:23,829 INFO (HttpsClientUtil.java:74)- 2019/05/27-12:29:23:829https://my.cbg.163.com/cgi/api/get_equip_detail
2019-05-27 12:29:28,897 INFO (HttpsClientUtil.java:74)- 2019/05/27-12:29:28:897https://my.cbg.163.com/cgi/api/get_equip_detail
2019-05-27 12:29:33,975 INFO (HttpsClientUtil.java:74)- 2019/05/27-12:29:33:975https://my.cbg.163.com/cgi/api/add_collect
2019-05-27 12:29:39,023 INFO (HttpsClientUtil.java:74)- 2019/05/27-12:29:39:023https://my.cbg.163.com/cgi/api/get_equip_detail
2019-05-27 12:29:44,113 INFO (HttpsClientUtil.java:74)- 2019/05/27-12:29:44:113https://my.cbg.163.com/cgi/api/get_equip_detail
2019-05-27 12:29:49,185 INFO (HttpsClientUtil.java:74)- 2019/05/27-12:29:49:185https://my.cbg.163.com/cgi/api/get_equip_detail
2019-05-27 12:29:54,281 INFO (HttpsClientUtil.java:74)- 2019/05/27-12:29:54:281https://my.cbg.163.com/cgi/api/query
2019-05-27 12:29:59,338 INFO (HttpsClientUtil.java:74)- 2019/05/27-12:29:59:338https://my.cbg.163.com/cgi/api/get_equip_detail
2019-05-27 12:30:04,613 INFO (HttpsClientUtil.java:74)- 2019/05/27-12:30:04:613https://my.cbg.163.com/cgi/api/get_equip_detail
2019-05-27 12:30:09,719 INFO (HttpsClientUtil.java:74)- 2019/05/27-12:30:09:719https://my.cbg.163.com/cgi/api/get_equip_detail
2019-05-27 12:30:14,791 INFO (HttpsClientUtil.java:74)- 2019/05/27-12:30:14:791https://my.cbg.163.com/cgi/api/get_equip_detail
2019-05-27 12:30:19,880 INFO (HttpsClientUtil.java:74)- 2019/05/27-12:30:19:880https://my.cbg.163.com/cgi/api/get_equip_detail
2019-05-27 12:30:24,997 INFO (HttpsClientUtil.java:74)- 2019/05/27-12:30:24:997https://my.cbg.163.com/cgi/api/get_equip_detail
2019-05-27 12:30:30,070 INFO (HttpsClientUtil.java:74)- 2019/05/27-12:30:30:070https://my.cbg.163.com/cgi/api/get_equip_detail
2019-05-27 12:30:35,138 INFO (HttpsClientUtil.java:74)- 2019/05/27-12:30:35:138https://my.cbg.163.com/cgi/api/add_collect
2019-05-27 12:30:40,201 INFO (HttpsClientUtil.java:74)- 2019/05/27-12:30:40:201https://my.cbg.163.com/cgi/api/get_equip_detail
2019-05-27 12:30:45,283 INFO (HttpsClientUtil.java:74)- 2019/05/27-12:30:45:283https://my.cbg.163.com/cgi/api/add_collect
2019-05-27 12:30:50,334 INFO (HttpsClientUtil.java:74)- 2019/05/27-12:30:50:334https://my.cbg.163.com/cgi/api/get_equip_detail
2019-05-27 12:30:55,426 INFO (HttpsClientUtil.java:74)- 2019/05/27-12:30:55:426https://my.cbg.163.com/cgi/api/get_equip_detail
2019-05-27 12:31:00,473 INFO (HttpsClientUtil.java:74)- 2019/05/27-12:31:00:473https://my.cbg.163.com/cgi/api/get_equip_detail
2019-05-27 12:31:05,583 INFO (HttpsClientUtil.java:74)- 2019/05/27-12:31:05:583https://my.cbg.163.com/cgi/api/get_equip_detail
2019-05-27 12:31:10,679 INFO (HttpsClientUtil.java:74)- 2019/05/27-12:31:10:679https://my.cbg.163.com/cgi/api/get_equip_detail
2019-05-27 12:31:15,771 INFO (HttpsClientUtil.java:74)- 2019/05/27-12:31:15:771https://my.cbg.163.com/cgi/api/get_equip_detail
2019-05-27 12:31:20,881 INFO (HttpsClientUtil.java:74)- 2019/05/27-12:31:20:881https://my.cbg.163.com/cgi/api/get_equip_detail
2019-05-27 12:31:25,952 INFO (HttpsClientUtil.java:74)- 2019/05/27-12:31:25:952https://my.cbg.163.com/cgi/api/query
2019-05-27 12:31:31,007 INFO (HttpsClientUtil.java:74)- 2019/05/27-12:31:31:007https://my.cbg.163.com/cgi/api/get_equip_detail
2019-05-27 12:31:36,092 INFO (HttpsClientUtil.java:74)- 2019/05/27-12:31:36:092https://my.cbg.163.com/cgi/api/get_equip_detail
2019-05-27 12:31:41,172 INFO (HttpsClientUtil.java:74)- 2019/05/27-12:31:41:172https://my.cbg.163.com/cgi/api/get_equip_detail
2019-05-27 12:31:46,294 INFO (HttpsClientUtil.java:74)- 2019/05/27-12:31:46:294https://my.cbg.163.com/cgi/api/get_equip_detail
2019-05-27 12:31:51,370 INFO (HttpsClientUtil.java:74)- 2019/05/27-12:31:51:370https://my.cbg.163.com/cgi/api/get_equip_detail
2019-05-27 12:31:56,442 INFO (HttpsClientUtil.java:74)- 2019/05/27-12:31:56:442https://my.cbg.163.com/cgi/api/get_equip_detail
2019-05-27 12:32:01,569 INFO (HttpsClientUtil.java:74)- 2019/05/27-12:32:01:569https://my.cbg.163.com/cgi/api/get_equip_detail
2019-05-27 12:32:06,637 INFO (HttpsClientUtil.java:74)- 2019/05/27-12:32:06:637https://my.cbg.163.com/cgi/api/get_equip_detail
2019-05-27 12:32:11,734 INFO (HttpsClientUtil.java:74)- 2019/05/27-12:32:11:734https://my.cbg.163.com/cgi/api/get_equip_detail
2019-05-27 12:32:16,804 INFO (HttpsClientUtil.java:74)- 2019/05/27-12:32:16:804https://my.cbg.163.com/cgi/api/get_equip_detail
2019-05-27 12:32:21,900 INFO (HttpsClientUtil.java:74)- 2019/05/27-12:32:21:900https://my.cbg.163.com/cgi/api/get_equip_detail
2019-05-27 12:32:26,989 INFO (HttpsClientUtil.java:74)- 2019/05/27-12:32:26:989https://my.cbg.163.com/cgi/api/get_equip_detail
2019-05-27 12:32:32,075 INFO (HttpsClientUtil.java:74)- 2019/05/27-12:32:32:075https://my.cbg.163.com/cgi/api/get_equip_detail
2019-05-27 12:32:37,151 INFO (HttpsClientUtil.java:74)- 2019/05/27-12:32:37:151https://my.cbg.163.com/cgi/api/get_equip_detail
2019-05-27 12:32:42,239 INFO (HttpsClientUtil.java:74)- 2019/05/27-12:32:42:239https://my.cbg.163.com/cgi/api/get_equip_detail
2019-05-27 12:32:47,308 INFO (HttpsClientUtil.java:74)- 2019/05/27-12:32:47:308https://my.cbg.163.com/cgi/api/query
2019-05-27 12:32:52,361 INFO (HttpsClientUtil.java:74)- 2019/05/27-12:32:52:361https://my.cbg.163.com/cgi/api/get_equip_detail
2019-05-27 12:32:57,476 INFO (HttpsClientUtil.java:74)- 2019/05/27-12:32:57:476https://my.cbg.163.com/cgi/api/add_collect
2019-05-27 12:33:02,532 INFO (HttpsClientUtil.java:74)- 2019/05/27-12:33:02:532https://my.cbg.163.com/cgi/api/get_equip_detail
2019-05-27 12:33:07,633 INFO (HttpsClientUtil.java:74)- 2019/05/27-12:33:07:633https://my.cbg.163.com/cgi/api/get_equip_detail
2019-05-27 12:33:12,698 INFO (HttpsClientUtil.java:74)- 2019/05/27-12:33:12:698https://my.cbg.163.com/cgi/api/get_equip_detail
2019-05-27 12:33:17,813 INFO (HttpsClientUtil.java:74)- 2019/05/27-12:33:17:813https://my.cbg.163.com/cgi/api/get_equip_detail
2019-05-27 12:33:22,918 INFO (HttpsClientUtil.java:74)- 2019/05/27-12:33:22:918https://my.cbg.163.com/cgi/api/get_equip_detail
2019-05-27 12:33:28,038 INFO (HttpsClientUtil.java:74)- 2019/05/27-12:33:28:038https://my.cbg.163.com/cgi/api/get_equip_detail
2019-05-27 12:33:33,117 INFO (HttpsClientUtil.java:74)- 2019/05/27-12:33:33:117https://my.cbg.163.com/cgi/api/get_equip_detail
2019-05-27 15:41:17,618 INFO (HttpsClientUtil.java:74)- 2019/05/27-15:41:17:618https://my.cbg.163.com/cgi/api/query
2019-05-27 15:41:23,258 INFO (HttpsClientUtil.java:74)- 2019/05/27-15:41:23:258https://my.cbg.163.com/cgi/api/get_equip_detail
2019-05-27 15:41:28,398 INFO (HttpsClientUtil.java:74)- 2019/05/27-15:41:28:398https://my.cbg.163.com/cgi/api/get_equip_detail
2019-05-27 15:41:33,492 INFO (HttpsClientUtil.java:74)- 2019/05/27-15:41:33:492https://my.cbg.163.com/cgi/api/get_equip_detail
2019-05-27 15:41:38,582 INFO (HttpsClientUtil.java:74)- 2019/05/27-15:41:38:582https://my.cbg.163.com/cgi/api/get_equip_detail
2019-05-27 15:41:43,680 INFO (HttpsClientUtil.java:74)- 2019/05/27-15:41:43:680https://my.cbg.163.com/cgi/api/get_equip_detail
2019-05-27 15:41:48,794 INFO (HttpsClientUtil.java:74)- 2019/05/27-15:41:48:794https://my.cbg.163.com/cgi/api/get_equip_detail
2019-05-27 15:41:53,896 INFO (HttpsClientUtil.java:74)- 2019/05/27-15:41:53:896https://my.cbg.163.com/cgi/api/get_equip_detail
2019-05-27 15:41:59,026 INFO (HttpsClientUtil.java:74)- 2019/05/27-15:41:59:026https://my.cbg.163.com/cgi/api/get_equip_detail
2019-05-27 15:42:04,103 INFO (HttpsClientUtil.java:74)- 2019/05/27-15:42:04:103https://my.cbg.163.com/cgi/api/get_equip_detail
2019-05-27 15:42:09,237 INFO (HttpsClientUtil.java:74)- 2019/05/27-15:42:09:237https://my.cbg.163.com/cgi/api/get_equip_detail
2019-05-27 15:42:14,388 INFO (HttpsClientUtil.java:74)- 2019/05/27-15:42:14:388https://my.cbg.163.com/cgi/api/get_equip_detail
2019-05-27 15:42:19,477 INFO (HttpsClientUtil.java:74)- 2019/05/27-15:42:19:477https://my.cbg.163.com/cgi/api/get_equip_detail
2019-05-27 15:42:24,691 INFO (HttpsClientUtil.java:74)- 2019/05/27-15:42:24:691https://my.cbg.163.com/cgi/api/get_equip_detail
2019-05-27 15:42:29,797 INFO (HttpsClientUtil.java:74)- 2019/05/27-15:42:29:797https://my.cbg.163.com/cgi/api/get_equip_detail
2019-05-27 15:42:34,925 INFO (HttpsClientUtil.java:74)- 2019/05/27-15:42:34:925https://my.cbg.163.com/cgi/api/get_equip_detail
2019-05-27 15:42:40,007 INFO (HttpsClientUtil.java:74)- 2019/05/27-15:42:40:007https://my.cbg.163.com/cgi/api/query
2019-05-27 15:42:45,069 INFO (HttpsClientUtil.java:74)- 2019/05/27-15:42:45:069https://my.cbg.163.com/cgi/api/get_equip_detail
2019-05-27 15:42:50,159 INFO (HttpsClientUtil.java:74)- 2019/05/27-15:42:50:159https://my.cbg.163.com/cgi/api/get_equip_detail
2019-05-27 15:42:55,249 INFO (HttpsClientUtil.java:74)- 2019/05/27-15:42:55:249https://my.cbg.163.com/cgi/api/get_equip_detail
2019-05-27 15:43:00,416 INFO (HttpsClientUtil.java:74)- 2019/05/27-15:43:00:416https://my.cbg.163.com/cgi/api/get_equip_detail
2019-05-27 15:43:05,503 INFO (HttpsClientUtil.java:74)- 2019/05/27-15:43:05:503https://my.cbg.163.com/cgi/api/get_equip_detail
2019-05-27 15:43:10,610 INFO (HttpsClientUtil.java:74)- 2019/05/27-15:43:10:610https://my.cbg.163.com/cgi/api/get_equip_detail
2019-05-27 15:43:15,709 INFO (HttpsClientUtil.java:74)- 2019/05/27-15:43:15:709https://my.cbg.163.com/cgi/api/get_equip_detail
2019-05-27 15:43:20,758 INFO (HttpsClientUtil.java:74)- 2019/05/27-15:43:20:758https://my.cbg.163.com/cgi/api/get_equip_detail
2019-05-27 15:43:25,819 INFO (HttpsClientUtil.java:74)- 2019/05/27-15:43:25:819https://my.cbg.163.com/cgi/api/get_equip_detail
2019-05-27 15:43:30,892 INFO (HttpsClientUtil.java:74)- 2019/05/27-15:43:30:892https://my.cbg.163.com/cgi/api/get_equip_detail
2019-05-27 15:43:36,006 INFO (HttpsClientUtil.java:74)- 2019/05/27-15:43:36:006https://my.cbg.163.com/cgi/api/get_equip_detail
2019-05-27 15:43:41,072 INFO (HttpsClientUtil.java:74)- 2019/05/27-15:43:41:072https://my.cbg.163.com/cgi/api/get_equip_detail
2019-05-27 15:43:46,265 INFO (HttpsClientUtil.java:74)- 2019/05/27-15:43:46:265https://my.cbg.163.com/cgi/api/get_equip_detail
2019-05-27 15:43:51,368 INFO (HttpsClientUtil.java:74)- 2019/05/27-15:43:51:368https://my.cbg.163.com/cgi/api/get_equip_detail
2019-05-27 15:43:56,472 INFO (HttpsClientUtil.java:74)- 2019/05/27-15:43:56:472https://my.cbg.163.com/cgi/api/get_equip_detail
2019-05-27 15:44:01,554 INFO (HttpsClientUtil.java:74)- 2019/05/27-15:44:01:554https://my.cbg.163.com/cgi/api/query
2019-05-27 15:44:06,609 INFO (HttpsClientUtil.java:74)- 2019/05/27-15:44:06:609https://my.cbg.163.com/cgi/api/get_equip_detail
2019-05-27 15:44:11,725 INFO (HttpsClientUtil.java:74)- 2019/05/27-15:44:11:725https://my.cbg.163.com/cgi/api/get_equip_detail
2019-05-27 15:44:16,813 INFO (HttpsClientUtil.java:74)- 2019/05/27-15:44:16:813https://my.cbg.163.com/cgi/api/get_equip_detail
2019-05-27 15:44:21,899 INFO (HttpsClientUtil.java:74)- 2019/05/27-15:44:21:899https://my.cbg.163.com/cgi/api/get_equip_detail
2019-05-27 15:44:26,958 INFO (HttpsClientUtil.java:74)- 2019/05/27-15:44:26:958https://my.cbg.163.com/cgi/api/add_collect
2019-05-27 15:44:31,986 INFO (HttpsClientUtil.java:74)- 2019/05/27-15:44:31:986https://my.cbg.163.com/cgi/api/get_equip_detail
2019-05-27 15:44:37,059 INFO (HttpsClientUtil.java:74)- 2019/05/27-15:44:37:059https://my.cbg.163.com/cgi/api/get_equip_detail
2019-05-27 15:44:42,163 INFO (HttpsClientUtil.java:74)- 2019/05/27-15:44:42:163https://my.cbg.163.com/cgi/api/get_equip_detail
2019-05-27 15:44:47,226 INFO (HttpsClientUtil.java:74)- 2019/05/27-15:44:47:225https://my.cbg.163.com/cgi/api/get_equip_detail
2019-05-27 15:44:52,306 INFO (HttpsClientUtil.java:74)- 2019/05/27-15:44:52:306https://my.cbg.163.com/cgi/api/get_equip_detail
2019-05-27 15:44:57,428 INFO (HttpsClientUtil.java:74)- 2019/05/27-15:44:57:428https://my.cbg.163.com/cgi/api/get_equip_detail
2019-05-27 15:45:02,600 INFO (HttpsClientUtil.java:74)- 2019/05/27-15:45:02:600https://my.cbg.163.com/cgi/api/get_equip_detail
2019-05-27 15:45:08,412 INFO (HttpsClientUtil.java:74)- 2019/05/27-15:45:08:412https://my.cbg.163.com/cgi/api/get_equip_detail
2019-05-27 15:45:13,548 INFO (HttpsClientUtil.java:74)- 2019/05/27-15:45:13:548https://my.cbg.163.com/cgi/api/get_equip_detail
2019-05-27 15:45:18,690 INFO (HttpsClientUtil.java:74)- 2019/05/27-15:45:18:690https://my.cbg.163.com/cgi/api/get_equip_detail
2019-05-27 15:45:23,779 INFO (HttpsClientUtil.java:74)- 2019/05/27-15:45:23:779https://my.cbg.163.com/cgi/api/add_collect
2019-05-27 15:45:28,823 INFO (HttpsClientUtil.java:74)- 2019/05/27-15:45:28:823https://my.cbg.163.com/cgi/api/get_equip_detail
2019-05-27 15:45:33,908 INFO (HttpsClientUtil.java:74)- 2019/05/27-15:45:33:908https://my.cbg.163.com/cgi/api/query
2019-05-27 15:45:39,000 INFO (HttpsClientUtil.java:74)- 2019/05/27-15:45:39:000https://my.cbg.163.com/cgi/api/get_equip_detail
2019-05-27 15:45:44,153 INFO (HttpsClientUtil.java:74)- 2019/05/27-15:45:44:153https://my.cbg.163.com/cgi/api/get_equip_detail
2019-05-27 15:45:49,242 INFO (HttpsClientUtil.java:74)- 2019/05/27-15:45:49:242https://my.cbg.163.com/cgi/api/add_collect
2019-05-27 15:45:54,299 INFO (HttpsClientUtil.java:74)- 2019/05/27-15:45:54:299https://my.cbg.163.com/cgi/api/get_equip_detail
2019-05-27 15:45:59,397 INFO (HttpsClientUtil.java:74)- 2019/05/27-15:45:59:397https://my.cbg.163.com/cgi/api/get_equip_detail
2019-05-27 15:46:04,531 INFO (HttpsClientUtil.java:74)- 2019/05/27-15:46:04:531https://my.cbg.163.com/cgi/api/get_equip_detail
2019-05-27 15:46:09,715 INFO (HttpsClientUtil.java:74)- 2019/05/27-15:46:09:715https://my.cbg.163.com/cgi/api/get_equip_detail
2019-05-27 15:46:14,800 INFO (HttpsClientUtil.java:74)- 2019/05/27-15:46:14:800https://my.cbg.163.com/cgi/api/get_equip_detail
2019-05-27 15:46:19,930 INFO (HttpsClientUtil.java:74)- 2019/05/27-15:46:19:930https://my.cbg.163.com/cgi/api/get_equip_detail
2019-05-27 15:46:25,031 INFO (HttpsClientUtil.java:74)- 2019/05/27-15:46:25:031https://my.cbg.163.com/cgi/api/get_equip_detail
2019-05-27 15:46:30,123 INFO (HttpsClientUtil.java:74)- 2019/05/27-15:46:30:123https://my.cbg.163.com/cgi/api/get_equip_detail
2019-05-27 15:46:35,186 INFO (HttpsClientUtil.java:74)- 2019/05/27-15:46:35:186https://my.cbg.163.com/cgi/api/get_equip_detail
2019-05-27 15:46:40,289 INFO (HttpsClientUtil.java:74)- 2019/05/27-15:46:40:289https://my.cbg.163.com/cgi/api/get_equip_detail
2019-05-27 15:46:45,462 INFO (HttpsClientUtil.java:74)- 2019/05/27-15:46:45:462https://my.cbg.163.com/cgi/api/get_equip_detail
2019-05-27 15:46:50,557 INFO (HttpsClientUtil.java:74)- 2019/05/27-15:46:50:557https://my.cbg.163.com/cgi/api/get_equip_detail
2019-05-27 15:46:55,665 INFO (HttpsClientUtil.java:74)- 2019/05/27-15:46:55:665https://my.cbg.163.com/cgi/api/get_equip_detail
2019-05-27 15:47:00,734 INFO (HttpsClientUtil.java:74)- 2019/05/27-15:47:00:734https://my.cbg.163.com/cgi/api/query
2019-05-27 15:47:05,798 INFO (HttpsClientUtil.java:74)- 2019/05/27-15:47:05:798https://my.cbg.163.com/cgi/api/get_equip_detail
2019-05-27 15:47:10,893 INFO (HttpsClientUtil.java:74)- 2019/05/27-15:47:10:893https://my.cbg.163.com/cgi/api/get_equip_detail
2019-05-27 15:47:15,974 INFO (HttpsClientUtil.java:74)- 2019/05/27-15:47:15:974https://my.cbg.163.com/cgi/api/get_equip_detail
2019-05-27 15:47:21,074 INFO (HttpsClientUtil.java:74)- 2019/05/27-15:47:21:074https://my.cbg.163.com/cgi/api/get_equip_detail
2019-05-27 15:47:26,207 INFO (HttpsClientUtil.java:74)- 2019/05/27-15:47:26:207https://my.cbg.163.com/cgi/api/get_equip_detail
2019-05-27 15:47:31,261 INFO (HttpsClientUtil.java:74)- 2019/05/27-15:47:31:261https://my.cbg.163.com/cgi/api/get_equip_detail
2019-05-27 15:47:36,398 INFO (HttpsClientUtil.java:74)- 2019/05/27-15:47:36:398https://my.cbg.163.com/cgi/api/get_equip_detail
2019-05-27 15:47:41,490 INFO (HttpsClientUtil.java:74)- 2019/05/27-15:47:41:490https://my.cbg.163.com/cgi/api/get_equip_detail
2019-05-27 15:47:46,583 INFO (HttpsClientUtil.java:74)- 2019/05/27-15:47:46:583https://my.cbg.163.com/cgi/api/get_equip_detail
2019-05-27 15:47:51,685 INFO (HttpsClientUtil.java:74)- 2019/05/27-15:47:51:685https://my.cbg.163.com/cgi/api/get_equip_detail
2019-05-27 15:47:56,755 INFO (HttpsClientUtil.java:74)- 2019/05/27-15:47:56:755https://my.cbg.163.com/cgi/api/get_equip_detail
2019-05-27 15:48:01,840 INFO (HttpsClientUtil.java:74)- 2019/05/27-15:48:01:840https://my.cbg.163.com/cgi/api/get_equip_detail
2019-05-27 15:48:07,007 INFO (HttpsClientUtil.java:74)- 2019/05/27-15:48:07:007https://my.cbg.163.com/cgi/api/get_equip_detail
2019-05-27 15:48:12,295 INFO (HttpsClientUtil.java:74)- 2019/05/27-15:48:12:295https://my.cbg.163.com/cgi/api/get_equip_detail
2019-05-27 15:48:17,459 INFO (HttpsClientUtil.java:74)- 2019/05/27-15:48:17:459https://my.cbg.163.com/cgi/api/get_equip_detail
2019-05-27 15:48:22,591 INFO (HttpsClientUtil.java:74)- 2019/05/27-15:48:22:591https://my.cbg.163.com/cgi/api/query
2019-05-27 15:48:27,655 INFO (HttpsClientUtil.java:74)- 2019/05/27-15:48:27:655https://my.cbg.163.com/cgi/api/get_equip_detail
2019-05-27 15:48:33,112 INFO (HttpsClientUtil.java:74)- 2019/05/27-15:48:33:112https://my.cbg.163.com/cgi/api/get_equip_detail
2019-05-27 15:48:38,330 INFO (HttpsClientUtil.java:74)- 2019/05/27-15:48:38:330https://my.cbg.163.com/cgi/api/get_equip_detail
2019-05-27 15:48:43,526 INFO (HttpsClientUtil.java:74)- 2019/05/27-15:48:43:526https://my.cbg.163.com/cgi/api/get_equip_detail
2019-05-27 15:48:48,651 INFO (HttpsClientUtil.java:74)- 2019/05/27-15:48:48:651https://my.cbg.163.com/cgi/api/get_equip_detail
2019-05-27 15:48:53,889 INFO (HttpsClientUtil.java:74)- 2019/05/27-15:48:53:889https://my.cbg.163.com/cgi/api/get_equip_detail
2019-05-27 15:48:58,978 INFO (HttpsClientUtil.java:74)- 2019/05/27-15:48:58:978https://my.cbg.163.com/cgi/api/get_equip_detail
2019-05-27 15:49:04,204 INFO (HttpsClientUtil.java:74)- 2019/05/27-15:49:04:204https://my.cbg.163.com/cgi/api/get_equip_detail
2019-05-27 15:49:09,324 INFO (HttpsClientUtil.java:74)- 2019/05/27-15:49:09:324https://my.cbg.163.com/cgi/api/get_equip_detail
2019-05-27 15:49:14,463 INFO (HttpsClientUtil.java:74)- 2019/05/27-15:49:14:463https://my.cbg.163.com/cgi/api/get_equip_detail
2019-05-27 15:49:19,568 INFO (HttpsClientUtil.java:74)- 2019/05/27-15:49:19:568https://my.cbg.163.com/cgi/api/get_equip_detail
2019-05-27 15:49:24,676 INFO (HttpsClientUtil.java:74)- 2019/05/27-15:49:24:676https://my.cbg.163.com/cgi/api/get_equip_detail
2019-05-27 15:49:29,766 INFO (HttpsClientUtil.java:74)- 2019/05/27-15:49:29:766https://my.cbg.163.com/cgi/api/add_collect
2019-05-27 15:49:34,815 INFO (HttpsClientUtil.java:74)- 2019/05/27-15:49:34:815https://my.cbg.163.com/cgi/api/get_equip_detail
2019-05-27 15:49:39,907 INFO (HttpsClientUtil.java:74)- 2019/05/27-15:49:39:907https://my.cbg.163.com/cgi/api/add_collect
2019-05-27 15:49:44,963 INFO (HttpsClientUtil.java:74)- 2019/05/27-15:49:44:963https://my.cbg.163.com/cgi/api/get_equip_detail
2019-05-27 15:49:50,054 INFO (HttpsClientUtil.java:74)- 2019/05/27-15:49:50:054https://my.cbg.163.com/cgi/api/add_collect
2019-05-27 15:49:55,107 INFO (HttpsClientUtil.java:74)- 2019/05/27-15:49:55:107https://my.cbg.163.com/cgi/api/get_equip_detail
2019-05-27 15:50:00,183 INFO (HttpsClientUtil.java:74)- 2019/05/27-15:50:00:183https://my.cbg.163.com/cgi/api/query
2019-05-27 15:50:05,277 INFO (HttpsClientUtil.java:74)- 2019/05/27-15:50:05:277https://my.cbg.163.com/cgi/api/get_equip_detail
2019-05-27 15:50:10,329 INFO (HttpsClientUtil.java:74)- 2019/05/27-15:50:10:329https://my.cbg.163.com/cgi/api/get_equip_detail
2019-05-27 15:50:15,474 INFO (HttpsClientUtil.java:74)- 2019/05/27-15:50:15:474https://my.cbg.163.com/cgi/api/get_equip_detail
2019-05-27 15:50:20,661 INFO (HttpsClientUtil.java:74)- 2019/05/27-15:50:20:661https://my.cbg.163.com/cgi/api/get_equip_detail
2019-05-27 15:50:25,791 INFO (HttpsClientUtil.java:74)- 2019/05/27-15:50:25:791https://my.cbg.163.com/cgi/api/get_equip_detail
2019-05-27 15:50:30,896 INFO (HttpsClientUtil.java:74)- 2019/05/27-15:50:30:896https://my.cbg.163.com/cgi/api/get_equip_detail
2019-05-27 15:50:36,069 INFO (HttpsClientUtil.java:74)- 2019/05/27-15:50:36:069https://my.cbg.163.com/cgi/api/get_equip_detail
2019-05-27 15:50:41,448 INFO (HttpsClientUtil.java:74)- 2019/05/27-15:50:41:448https://my.cbg.163.com/cgi/api/get_equip_detail
2019-05-27 15:50:46,603 INFO (HttpsClientUtil.java:74)- 2019/05/27-15:50:46:603https://my.cbg.163.com/cgi/api/add_collect
2019-05-27 15:50:51,654 INFO (HttpsClientUtil.java:74)- 2019/05/27-15:50:51:654https://my.cbg.163.com/cgi/api/get_equip_detail
2019-05-27 15:50:56,782 INFO (HttpsClientUtil.java:74)- 2019/05/27-15:50:56:782https://my.cbg.163.com/cgi/api/get_equip_detail
2019-05-27 15:51:01,905 INFO (HttpsClientUtil.java:74)- 2019/05/27-15:51:01:905https://my.cbg.163.com/cgi/api/get_equip_detail
2019-05-27 15:51:07,074 INFO (HttpsClientUtil.java:74)- 2019/05/27-15:51:07:074https://my.cbg.163.com/cgi/api/get_equip_detail
2019-05-27 15:51:12,387 INFO (HttpsClientUtil.java:74)- 2019/05/27-15:51:12:387https://my.cbg.163.com/cgi/api/get_equip_detail
2019-05-27 15:51:17,494 INFO (HttpsClientUtil.java:74)- 2019/05/27-15:51:17:494https://my.cbg.163.com/cgi/api/get_equip_detail
2019-05-27 16:42:54,466 INFO (HttpsClientUtil.java:74)- 2019/05/27-16:42:54:466https://my.cbg.163.com/cgi/api/query
2019-05-27 16:42:59,731 INFO (HttpsClientUtil.java:74)- 2019/05/27-16:42:59:731https://my.cbg.163.com/cgi/api/get_equip_detail
2019-05-27 16:43:04,825 INFO (HttpsClientUtil.java:74)- 2019/05/27-16:43:04:825https://my.cbg.163.com/cgi/api/get_equip_detail
2019-05-27 16:43:09,909 INFO (HttpsClientUtil.java:74)- 2019/05/27-16:43:09:909https://my.cbg.163.com/cgi/api/get_equip_detail
2019-05-27 16:43:15,177 INFO (HttpsClientUtil.java:74)- 2019/05/27-16:43:15:177https://my.cbg.163.com/cgi/api/get_equip_detail
2019-05-27 16:43:20,276 INFO (HttpsClientUtil.java:74)- 2019/05/27-16:43:20:276https://my.cbg.163.com/cgi/api/get_equip_detail
2019-05-27 16:43:25,380 INFO (HttpsClientUtil.java:74)- 2019/05/27-16:43:25:380https://my.cbg.163.com/cgi/api/get_equip_detail
2019-05-27 16:43:30,498 INFO (HttpsClientUtil.java:74)- 2019/05/27-16:43:30:498https://my.cbg.163.com/cgi/api/get_equip_detail
2019-05-27 16:43:35,623 INFO (HttpsClientUtil.java:74)- 2019/05/27-16:43:35:623https://my.cbg.163.com/cgi/api/get_equip_detail
2019-05-27 16:43:40,787 INFO (HttpsClientUtil.java:74)- 2019/05/27-16:43:40:787https://my.cbg.163.com/cgi/api/get_equip_detail
2019-05-27 16:43:45,886 INFO (HttpsClientUtil.java:74)- 2019/05/27-16:43:45:886https://my.cbg.163.com/cgi/api/get_equip_detail
2019-05-27 16:43:50,989 INFO (HttpsClientUtil.java:74)- 2019/05/27-16:43:50:989https://my.cbg.163.com/cgi/api/get_equip_detail
2019-05-27 16:43:56,204 INFO (HttpsClientUtil.java:74)- 2019/05/27-16:43:56:204https://my.cbg.163.com/cgi/api/get_equip_detail
2019-05-27 16:44:01,471 INFO (HttpsClientUtil.java:74)- 2019/05/27-16:44:01:471https://my.cbg.163.com/cgi/api/get_equip_detail
2019-05-27 16:44:06,839 INFO (HttpsClientUtil.java:74)- 2019/05/27-16:44:06:839https://my.cbg.163.com/cgi/api/get_equip_detail
2019-05-27 16:44:11,939 INFO (HttpsClientUtil.java:74)- 2019/05/27-16:44:11:939https://my.cbg.163.com/cgi/api/get_equip_detail
2019-05-27 16:44:17,082 INFO (HttpsClientUtil.java:74)- 2019/05/27-16:44:17:082https://my.cbg.163.com/cgi/api/query
2019-05-27 16:44:22,168 INFO (HttpsClientUtil.java:74)- 2019/05/27-16:44:22:168https://my.cbg.163.com/cgi/api/get_equip_detail
2019-05-27 16:44:27,459 INFO (HttpsClientUtil.java:74)- 2019/05/27-16:44:27:459https://my.cbg.163.com/cgi/api/get_equip_detail
2019-05-27 16:44:32,571 INFO (HttpsClientUtil.java:74)- 2019/05/27-16:44:32:571https://my.cbg.163.com/cgi/api/get_equip_detail
2019-05-27 16:44:37,713 INFO (HttpsClientUtil.java:74)- 2019/05/27-16:44:37:713https://my.cbg.163.com/cgi/api/get_equip_detail
2019-05-27 16:44:42,896 INFO (HttpsClientUtil.java:74)- 2019/05/27-16:44:42:896https://my.cbg.163.com/cgi/api/get_equip_detail
2019-05-27 16:44:48,043 INFO (HttpsClientUtil.java:74)- 2019/05/27-16:44:48:043https://my.cbg.163.com/cgi/api/get_equip_detail
2019-05-27 16:44:53,272 INFO (HttpsClientUtil.java:74)- 2019/05/27-16:44:53:272https://my.cbg.163.com/cgi/api/get_equip_detail
2019-05-27 16:44:58,355 INFO (HttpsClientUtil.java:74)- 2019/05/27-16:44:58:355https://my.cbg.163.com/cgi/api/add_collect
2019-05-27 16:45:03,410 INFO (HttpsClientUtil.java:74)- 2019/05/27-16:45:03:410https://my.cbg.163.com/cgi/api/get_equip_detail
2019-05-27 16:45:08,569 INFO (HttpsClientUtil.java:74)- 2019/05/27-16:45:08:569https://my.cbg.163.com/cgi/api/get_equip_detail
2019-05-27 16:45:13,696 INFO (HttpsClientUtil.java:74)- 2019/05/27-16:45:13:696https://my.cbg.163.com/cgi/api/get_equip_detail
2019-05-27 16:45:18,980 INFO (HttpsClientUtil.java:74)- 2019/05/27-16:45:18:980https://my.cbg.163.com/cgi/api/get_equip_detail
2019-05-27 16:45:24,331 INFO (HttpsClientUtil.java:74)- 2019/05/27-16:45:24:331https://my.cbg.163.com/cgi/api/get_equip_detail
2019-05-27 16:45:29,571 INFO (HttpsClientUtil.java:74)- 2019/05/27-16:45:29:571https://my.cbg.163.com/cgi/api/get_equip_detail
2019-05-27 16:45:34,647 INFO (HttpsClientUtil.java:74)- 2019/05/27-16:45:34:647https://my.cbg.163.com/cgi/api/get_equip_detail
2019-05-27 16:45:39,736 INFO (HttpsClientUtil.java:74)- 2019/05/27-16:45:39:736https://my.cbg.163.com/cgi/api/get_equip_detail
2019-05-27 16:45:44,858 INFO (HttpsClientUtil.java:74)- 2019/05/27-16:45:44:858https://my.cbg.163.com/cgi/api/query
2019-05-27 16:45:49,936 INFO (HttpsClientUtil.java:74)- 2019/05/27-16:45:49:936https://my.cbg.163.com/cgi/api/get_equip_detail
2019-05-27 16:45:55,049 INFO (HttpsClientUtil.java:74)- 2019/05/27-16:45:55:049https://my.cbg.163.com/cgi/api/get_equip_detail
2019-05-27 16:46:00,135 INFO (HttpsClientUtil.java:74)- 2019/05/27-16:46:00:135https://my.cbg.163.com/cgi/api/get_equip_detail
2019-05-27 16:46:05,199 INFO (HttpsClientUtil.java:74)- 2019/05/27-16:46:05:199https://my.cbg.163.com/cgi/api/add_collect
2019-05-27 16:46:10,246 INFO (HttpsClientUtil.java:74)- 2019/05/27-16:46:10:246https://my.cbg.163.com/cgi/api/get_equip_detail
2019-05-27 16:46:15,334 INFO (HttpsClientUtil.java:74)- 2019/05/27-16:46:15:334https://my.cbg.163.com/cgi/api/get_equip_detail
2019-05-27 16:46:20,416 INFO (HttpsClientUtil.java:74)- 2019/05/27-16:46:20:416https://my.cbg.163.com/cgi/api/get_equip_detail
2019-05-27 16:46:25,492 INFO (HttpsClientUtil.java:74)- 2019/05/27-16:46:25:492https://my.cbg.163.com/cgi/api/add_collect
2019-05-27 16:46:30,522 INFO (HttpsClientUtil.java:74)- 2019/05/27-16:46:30:522https://my.cbg.163.com/cgi/api/get_equip_detail
2019-05-27 16:46:35,591 INFO (HttpsClientUtil.java:74)- 2019/05/27-16:46:35:591https://my.cbg.163.com/cgi/api/get_equip_detail
2019-05-27 16:46:40,686 INFO (HttpsClientUtil.java:74)- 2019/05/27-16:46:40:686https://my.cbg.163.com/cgi/api/get_equip_detail
2019-05-27 16:46:45,774 INFO (HttpsClientUtil.java:74)- 2019/05/27-16:46:45:774https://my.cbg.163.com/cgi/api/get_equip_detail
2019-05-27 16:46:50,947 INFO (HttpsClientUtil.java:74)- 2019/05/27-16:46:50:947https://my.cbg.163.com/cgi/api/get_equip_detail
2019-05-27 16:46:56,024 INFO (HttpsClientUtil.java:74)- 2019/05/27-16:46:56:024https://my.cbg.163.com/cgi/api/get_equip_detail
2019-05-27 16:47:01,110 INFO (HttpsClientUtil.java:74)- 2019/05/27-16:47:01:110https://my.cbg.163.com/cgi/api/get_equip_detail
2019-05-27 16:47:06,205 INFO (HttpsClientUtil.java:74)- 2019/05/27-16:47:06:205https://my.cbg.163.com/cgi/api/get_equip_detail
2019-05-27 16:47:11,535 INFO (HttpsClientUtil.java:74)- 2019/05/27-16:47:11:535https://my.cbg.163.com/cgi/api/get_equip_detail
2019-05-27 16:47:16,633 INFO (HttpsClientUtil.java:74)- 2019/05/27-16:47:16:633https://my.cbg.163.com/cgi/api/query
2019-05-27 16:47:21,682 INFO (HttpsClientUtil.java:74)- 2019/05/27-16:47:21:682https://my.cbg.163.com/cgi/api/get_equip_detail
2019-05-27 16:47:26,750 INFO (HttpsClientUtil.java:74)- 2019/05/27-16:47:26:750https://my.cbg.163.com/cgi/api/add_collect
2019-05-27 16:47:31,791 INFO (HttpsClientUtil.java:74)- 2019/05/27-16:47:31:791https://my.cbg.163.com/cgi/api/get_equip_detail
2019-05-27 16:47:36,881 INFO (HttpsClientUtil.java:74)- 2019/05/27-16:47:36:881https://my.cbg.163.com/cgi/api/get_equip_detail
2019-05-27 16:47:42,092 INFO (HttpsClientUtil.java:74)- 2019/05/27-16:47:42:092https://my.cbg.163.com/cgi/api/get_equip_detail
2019-05-27 16:47:47,350 INFO (HttpsClientUtil.java:74)- 2019/05/27-16:47:47:350https://my.cbg.163.com/cgi/api/get_equip_detail
2019-05-27 16:47:52,482 INFO (HttpsClientUtil.java:74)- 2019/05/27-16:47:52:482https://my.cbg.163.com/cgi/api/get_equip_detail
2019-05-27 16:47:57,575 INFO (HttpsClientUtil.java:74)- 2019/05/27-16:47:57:575https://my.cbg.163.com/cgi/api/add_collect
2019-05-27 16:48:02,626 INFO (HttpsClientUtil.java:74)- 2019/05/27-16:48:02:626https://my.cbg.163.com/cgi/api/get_equip_detail
2019-05-27 16:48:07,711 INFO (HttpsClientUtil.java:74)- 2019/05/27-16:48:07:711https://my.cbg.163.com/cgi/api/get_equip_detail
2019-05-27 16:48:12,772 INFO (HttpsClientUtil.java:74)- 2019/05/27-16:48:12:772https://my.cbg.163.com/cgi/api/add_collect
2019-05-27 16:48:17,822 INFO (HttpsClientUtil.java:74)- 2019/05/27-16:48:17:822https://my.cbg.163.com/cgi/api/get_equip_detail
2019-05-27 16:48:22,946 INFO (HttpsClientUtil.java:74)- 2019/05/27-16:48:22:946https://my.cbg.163.com/cgi/api/get_equip_detail
2019-05-27 16:48:28,022 INFO (HttpsClientUtil.java:74)- 2019/05/27-16:48:28:022https://my.cbg.163.com/cgi/api/get_equip_detail
2019-05-27 16:48:33,119 INFO (HttpsClientUtil.java:74)- 2019/05/27-16:48:33:119https://my.cbg.163.com/cgi/api/get_equip_detail
2019-05-27 16:48:38,180 INFO (HttpsClientUtil.java:74)- 2019/05/27-16:48:38:180https://my.cbg.163.com/cgi/api/get_equip_detail
2019-05-27 16:48:43,260 INFO (HttpsClientUtil.java:74)- 2019/05/27-16:48:43:260https://my.cbg.163.com/cgi/api/get_equip_detail
2019-05-27 16:48:48,343 INFO (HttpsClientUtil.java:74)- 2019/05/27-16:48:48:343https://my.cbg.163.com/cgi/api/get_equip_detail
2019-05-27 16:48:53,424 INFO (HttpsClientUtil.java:74)- 2019/05/27-16:48:53:424https://my.cbg.163.com/cgi/api/query
2019-05-27 16:48:58,488 INFO (HttpsClientUtil.java:74)- 2019/05/27-16:48:58:488https://my.cbg.163.com/cgi/api/get_equip_detail
2019-05-27 16:49:03,594 INFO (HttpsClientUtil.java:74)- 2019/05/27-16:49:03:594https://my.cbg.163.com/cgi/api/add_collect
2019-05-27 16:49:08,651 INFO (HttpsClientUtil.java:74)- 2019/05/27-16:49:08:651https://my.cbg.163.com/cgi/api/get_equip_detail
2019-05-27 16:49:13,731 INFO (HttpsClientUtil.java:74)- 2019/05/27-16:49:13:731https://my.cbg.163.com/cgi/api/get_equip_detail
2019-05-27 16:49:18,800 INFO (HttpsClientUtil.java:74)- 2019/05/27-16:49:18:800https://my.cbg.163.com/cgi/api/get_equip_detail
2019-05-27 16:49:23,890 INFO (HttpsClientUtil.java:74)- 2019/05/27-16:49:23:890https://my.cbg.163.com/cgi/api/get_equip_detail
2019-05-27 16:49:28,982 INFO (HttpsClientUtil.java:74)- 2019/05/27-16:49:28:982https://my.cbg.163.com/cgi/api/get_equip_detail
2019-05-27 16:49:34,034 INFO (HttpsClientUtil.java:74)- 2019/05/27-16:49:34:034https://my.cbg.163.com/cgi/api/add_collect
2019-05-27 16:49:39,077 INFO (HttpsClientUtil.java:74)- 2019/05/27-16:49:39:077https://my.cbg.163.com/cgi/api/get_equip_detail
2019-05-27 16:49:44,230 INFO (HttpsClientUtil.java:74)- 2019/05/27-16:49:44:230https://my.cbg.163.com/cgi/api/get_equip_detail
2019-05-27 16:49:49,336 INFO (HttpsClientUtil.java:74)- 2019/05/27-16:49:49:336https://my.cbg.163.com/cgi/api/get_equip_detail
2019-05-27 16:49:54,481 INFO (HttpsClientUtil.java:74)- 2019/05/27-16:49:54:481https://my.cbg.163.com/cgi/api/get_equip_detail
2019-05-27 16:49:59,650 INFO (HttpsClientUtil.java:74)- 2019/05/27-16:49:59:650https://my.cbg.163.com/cgi/api/get_equip_detail
2019-05-27 16:50:04,733 INFO (HttpsClientUtil.java:74)- 2019/05/27-16:50:04:733https://my.cbg.163.com/cgi/api/get_equip_detail
2019-05-27 16:50:09,809 INFO (HttpsClientUtil.java:74)- 2019/05/27-16:50:09:809https://my.cbg.163.com/cgi/api/add_collect
2019-05-27 16:50:14,859 INFO (HttpsClientUtil.java:74)- 2019/05/27-16:50:14:859https://my.cbg.163.com/cgi/api/get_equip_detail
2019-05-27 16:50:19,990 INFO (HttpsClientUtil.java:74)- 2019/05/27-16:50:19:990https://my.cbg.163.com/cgi/api/get_equip_detail
2019-05-27 16:50:25,074 INFO (HttpsClientUtil.java:74)- 2019/05/27-16:50:25:074https://my.cbg.163.com/cgi/api/get_equip_detail
2019-05-27 16:50:30,164 INFO (HttpsClientUtil.java:74)- 2019/05/27-16:50:30:164https://my.cbg.163.com/cgi/api/query
2019-05-27 16:50:35,294 INFO (HttpsClientUtil.java:74)- 2019/05/27-16:50:35:294https://my.cbg.163.com/cgi/api/get_equip_detail
2019-05-27 16:50:40,384 INFO (HttpsClientUtil.java:74)- 2019/05/27-16:50:40:384https://my.cbg.163.com/cgi/api/get_equip_detail
2019-05-27 16:50:45,509 INFO (HttpsClientUtil.java:74)- 2019/05/27-16:50:45:509https://my.cbg.163.com/cgi/api/get_equip_detail
2019-05-27 16:50:50,661 INFO (HttpsClientUtil.java:74)- 2019/05/27-16:50:50:661https://my.cbg.163.com/cgi/api/get_equip_detail
2019-05-27 16:50:55,793 INFO (HttpsClientUtil.java:74)- 2019/05/27-16:50:55:793https://my.cbg.163.com/cgi/api/get_equip_detail
2019-05-27 16:51:00,912 INFO (HttpsClientUtil.java:74)- 2019/05/27-16:51:00:912https://my.cbg.163.com/cgi/api/get_equip_detail
2019-05-27 16:51:05,997 INFO (HttpsClientUtil.java:74)- 2019/05/27-16:51:05:997https://my.cbg.163.com/cgi/api/get_equip_detail
2019-05-27 16:51:11,116 INFO (HttpsClientUtil.java:74)- 2019/05/27-16:51:11:116https://my.cbg.163.com/cgi/api/get_equip_detail
2019-05-27 16:51:16,322 INFO (HttpsClientUtil.java:74)- 2019/05/27-16:51:16:322https://my.cbg.163.com/cgi/api/get_equip_detail
2019-05-27 16:51:21,417 INFO (HttpsClientUtil.java:74)- 2019/05/27-16:51:21:417https://my.cbg.163.com/cgi/api/get_equip_detail
2019-05-27 16:51:26,555 INFO (HttpsClientUtil.java:74)- 2019/05/27-16:51:26:555https://my.cbg.163.com/cgi/api/get_equip_detail
2019-05-27 16:51:31,635 INFO (HttpsClientUtil.java:74)- 2019/05/27-16:51:31:635https://my.cbg.163.com/cgi/api/get_equip_detail
2019-05-27 16:51:36,847 INFO (HttpsClientUtil.java:74)- 2019/05/27-16:51:36:847https://my.cbg.163.com/cgi/api/get_equip_detail
2019-05-27 16:51:41,952 INFO (HttpsClientUtil.java:74)- 2019/05/27-16:51:41:952https://my.cbg.163.com/cgi/api/get_equip_detail
2019-05-27 16:51:47,056 INFO (HttpsClientUtil.java:74)- 2019/05/27-16:51:47:056https://my.cbg.163.com/cgi/api/get_equip_detail
2019-05-27 16:51:52,137 INFO (HttpsClientUtil.java:74)- 2019/05/27-16:51:52:137https://my.cbg.163.com/cgi/api/add_collect
2019-05-27 16:51:57,182 INFO (HttpsClientUtil.java:74)- 2019/05/27-16:51:57:182https://my.cbg.163.com/cgi/api/query
2019-05-27 16:52:02,233 INFO (HttpsClientUtil.java:74)- 2019/05/27-16:52:02:233https://my.cbg.163.com/cgi/api/get_equip_detail
2019-05-27 16:52:07,302 INFO (HttpsClientUtil.java:74)- 2019/05/27-16:52:07:302https://my.cbg.163.com/cgi/api/get_equip_detail
2019-05-27 16:52:12,553 INFO (HttpsClientUtil.java:74)- 2019/05/27-16:52:12:553https://my.cbg.163.com/cgi/api/get_equip_detail
2019-05-27 16:52:17,618 INFO (HttpsClientUtil.java:74)- 2019/05/27-16:52:17:618https://my.cbg.163.com/cgi/api/add_collect
2019-05-27 16:52:22,668 INFO (HttpsClientUtil.java:74)- 2019/05/27-16:52:22:668https://my.cbg.163.com/cgi/api/get_equip_detail
2019-05-27 16:52:27,755 INFO (HttpsClientUtil.java:74)- 2019/05/27-16:52:27:755https://my.cbg.163.com/cgi/api/add_collect
2019-05-27 16:52:32,804 INFO (HttpsClientUtil.java:74)- 2019/05/27-16:52:32:804https://my.cbg.163.com/cgi/api/get_equip_detail
2019-05-27 16:52:37,855 INFO (HttpsClientUtil.java:74)- 2019/05/27-16:52:37:855https://my.cbg.163.com/cgi/api/get_equip_detail
2019-05-27 16:52:43,034 INFO (HttpsClientUtil.java:74)- 2019/05/27-16:52:43:034https://my.cbg.163.com/cgi/api/add_collect
2019-05-27 16:52:48,079 INFO (HttpsClientUtil.java:74)- 2019/05/27-16:52:48:079https://my.cbg.163.com/cgi/api/get_equip_detail
2019-05-27 16:52:53,207 INFO (HttpsClientUtil.java:74)- 2019/05/27-16:52:53:207https://my.cbg.163.com/cgi/api/get_equip_detail
2019-05-27 16:52:58,313 INFO (HttpsClientUtil.java:74)- 2019/05/27-16:52:58:312https://my.cbg.163.com/cgi/api/get_equip_detail
2019-05-27 16:53:03,392 INFO (HttpsClientUtil.java:74)- 2019/05/27-16:53:03:392https://my.cbg.163.com/cgi/api/get_equip_detail
2019-05-27 16:53:08,514 INFO (HttpsClientUtil.java:74)- 2019/05/27-16:53:08:514https://my.cbg.163.com/cgi/api/get_equip_detail
2019-05-27 16:53:13,639 INFO (HttpsClientUtil.java:74)- 2019/05/27-16:53:13:639https://my.cbg.163.com/cgi/api/get_equip_detail
2019-05-27 16:53:18,710 INFO (HttpsClientUtil.java:74)- 2019/05/27-16:53:18:710https://my.cbg.163.com/cgi/api/get_equip_detail
2019-05-27 16:53:23,791 INFO (HttpsClientUtil.java:74)- 2019/05/27-16:53:23:791https://my.cbg.163.com/cgi/api/add_collect
2019-05-27 16:53:28,828 INFO (HttpsClientUtil.java:74)- 2019/05/27-16:53:28:828https://my.cbg.163.com/cgi/api/get_equip_detail
2019-05-27 16:53:33,944 INFO (HttpsClientUtil.java:74)- 2019/05/27-16:53:33:944https://my.cbg.163.com/cgi/api/get_equip_detail
2019-05-27 16:53:39,013 INFO (HttpsClientUtil.java:74)- 2019/05/27-16:53:39:013https://my.cbg.163.com/cgi/api/add_collect
2019-05-27 16:53:44,055 INFO (HttpsClientUtil.java:74)- 2019/05/27-16:53:44:055https://my.cbg.163.com/cgi/api/query
2019-05-27 16:53:49,112 INFO (HttpsClientUtil.java:74)- 2019/05/27-16:53:49:112https://my.cbg.163.com/cgi/api/get_equip_detail
2019-05-27 16:53:54,239 INFO (HttpsClientUtil.java:74)- 2019/05/27-16:53:54:239https://my.cbg.163.com/cgi/api/get_equip_detail
