2019-05-17 09:36:05,466 INFO (StartupInfoLogger.java:50)- Starting PaymhApplication on WINDOWS-MGSUBV3 with PID 10720 (E:\projects\paymh-ip\target\classes started by chenjc23273 in E:\projects\paymh-ip)
2019-05-17 09:36:05,858 INFO (SpringApplication.java:675)- No active profile set, falling back to default profiles: default
2019-05-17 09:36:55,557 INFO (StartupInfoLogger.java:59)- Started PaymhApplication in 68.792 seconds (JVM running for 84.308)
2019-05-17 09:36:55,565 INFO (PayService.java:66)- 2019/05/17-09:36:55:565------Http初始化之前
2019-05-17 09:37:03,438 INFO (PayService.java:83)- 2019/05/17-09:37:03:438------Http初始化之后
2019-05-17 12:28:14,476 INFO (HttpsClientUtil.java:74)- 2019/05/17-12:28:14:476https://my.cbg.163.com/cgi/api/query
2019-05-17 12:28:25,188 INFO (HttpsClientUtil.java:74)- 2019/05/17-12:28:25:188https://my.cbg.163.com/cgi/api/get_equip_detail
2019-05-17 12:28:30,379 INFO (HttpsClientUtil.java:74)- 2019/05/17-12:28:30:379https://my.cbg.163.com/cgi/api/get_equip_detail
2019-05-17 12:28:35,487 INFO (HttpsClientUtil.java:74)- 2019/05/17-12:28:35:487https://my.cbg.163.com/cgi/api/get_equip_detail
2019-05-17 12:28:40,630 INFO (HttpsClientUtil.java:74)- 2019/05/17-12:28:40:630https://my.cbg.163.com/cgi/api/get_equip_detail
2019-05-17 12:28:45,750 INFO (HttpsClientUtil.java:74)- 2019/05/17-12:28:45:750https://my.cbg.163.com/cgi/api/get_equip_detail
2019-05-17 12:28:50,844 INFO (HttpsClientUtil.java:74)- 2019/05/17-12:28:50:844https://my.cbg.163.com/cgi/api/get_equip_detail
2019-05-17 12:28:55,937 INFO (HttpsClientUtil.java:74)- 2019/05/17-12:28:55:937https://my.cbg.163.com/cgi/api/get_equip_detail
2019-05-17 12:29:01,068 INFO (HttpsClientUtil.java:74)- 2019/05/17-12:29:01:068https://my.cbg.163.com/cgi/api/get_equip_detail
2019-05-17 12:29:06,140 INFO (HttpsClientUtil.java:74)- 2019/05/17-12:29:06:140https://my.cbg.163.com/cgi/api/get_equip_detail
2019-05-17 12:29:11,233 INFO (HttpsClientUtil.java:74)- 2019/05/17-12:29:11:233https://my.cbg.163.com/cgi/api/get_equip_detail
2019-05-17 12:29:16,347 INFO (HttpsClientUtil.java:74)- 2019/05/17-12:29:16:347https://my.cbg.163.com/cgi/api/get_equip_detail
2019-05-17 12:29:21,465 INFO (HttpsClientUtil.java:74)- 2019/05/17-12:29:21:465https://my.cbg.163.com/cgi/api/get_equip_detail
2019-05-17 12:29:26,636 INFO (HttpsClientUtil.java:74)- 2019/05/17-12:29:26:636https://my.cbg.163.com/cgi/api/get_equip_detail
2019-05-17 12:29:31,745 INFO (HttpsClientUtil.java:74)- 2019/05/17-12:29:31:745https://my.cbg.163.com/cgi/api/get_equip_detail
2019-05-17 12:29:36,837 INFO (HttpsClientUtil.java:74)- 2019/05/17-12:29:36:837https://my.cbg.163.com/cgi/api/get_equip_detail
2019-05-17 12:29:41,928 INFO (HttpsClientUtil.java:74)- 2019/05/17-12:29:41:928https://my.cbg.163.com/cgi/api/add_collect
2019-05-17 12:29:46,982 INFO (HttpsClientUtil.java:74)- 2019/05/17-12:29:46:982https://my.cbg.163.com/cgi/api/query
2019-05-17 12:29:52,036 INFO (HttpsClientUtil.java:74)- 2019/05/17-12:29:52:035https://my.cbg.163.com/cgi/api/get_equip_detail
2019-05-17 12:29:57,132 INFO (HttpsClientUtil.java:74)- 2019/05/17-12:29:57:132https://my.cbg.163.com/cgi/api/get_equip_detail
2019-05-17 12:30:02,242 INFO (HttpsClientUtil.java:74)- 2019/05/17-12:30:02:242https://my.cbg.163.com/cgi/api/get_equip_detail
2019-05-17 12:30:07,317 INFO (HttpsClientUtil.java:74)- 2019/05/17-12:30:07:317https://my.cbg.163.com/cgi/api/get_equip_detail
2019-05-17 12:30:12,377 INFO (HttpsClientUtil.java:74)- 2019/05/17-12:30:12:377https://my.cbg.163.com/cgi/api/get_equip_detail
2019-05-17 12:30:17,457 INFO (HttpsClientUtil.java:74)- 2019/05/17-12:30:17:457https://my.cbg.163.com/cgi/api/get_equip_detail
2019-05-17 12:30:22,553 INFO (HttpsClientUtil.java:74)- 2019/05/17-12:30:22:553https://my.cbg.163.com/cgi/api/get_equip_detail
2019-05-17 12:30:27,660 INFO (HttpsClientUtil.java:74)- 2019/05/17-12:30:27:660https://my.cbg.163.com/cgi/api/get_equip_detail
2019-05-17 12:30:32,768 INFO (HttpsClientUtil.java:74)- 2019/05/17-12:30:32:768https://my.cbg.163.com/cgi/api/get_equip_detail
2019-05-17 12:30:37,877 INFO (HttpsClientUtil.java:74)- 2019/05/17-12:30:37:877https://my.cbg.163.com/cgi/api/get_equip_detail
2019-05-17 12:30:42,989 INFO (HttpsClientUtil.java:74)- 2019/05/17-12:30:42:989https://my.cbg.163.com/cgi/api/get_equip_detail
2019-05-17 12:30:48,085 INFO (HttpsClientUtil.java:74)- 2019/05/17-12:30:48:085https://my.cbg.163.com/cgi/api/get_equip_detail
2019-05-17 12:30:53,159 INFO (HttpsClientUtil.java:74)- 2019/05/17-12:30:53:159https://my.cbg.163.com/cgi/api/get_equip_detail
2019-05-17 12:30:58,237 INFO (HttpsClientUtil.java:74)- 2019/05/17-12:30:58:237https://my.cbg.163.com/cgi/api/add_collect
2019-05-17 12:31:03,293 INFO (HttpsClientUtil.java:74)- 2019/05/17-12:31:03:293https://my.cbg.163.com/cgi/api/get_equip_detail
2019-05-17 12:31:08,384 INFO (HttpsClientUtil.java:74)- 2019/05/17-12:31:08:383https://my.cbg.163.com/cgi/api/get_equip_detail
2019-05-17 12:31:13,468 INFO (HttpsClientUtil.java:74)- 2019/05/17-12:31:13:468https://my.cbg.163.com/cgi/api/query
2019-05-17 12:31:18,526 INFO (HttpsClientUtil.java:74)- 2019/05/17-12:31:18:526https://my.cbg.163.com/cgi/api/get_equip_detail
2019-05-17 12:31:23,604 INFO (HttpsClientUtil.java:74)- 2019/05/17-12:31:23:604https://my.cbg.163.com/cgi/api/get_equip_detail
2019-05-17 12:31:28,698 INFO (HttpsClientUtil.java:74)- 2019/05/17-12:31:28:697https://my.cbg.163.com/cgi/api/get_equip_detail
2019-05-17 12:31:33,779 INFO (HttpsClientUtil.java:74)- 2019/05/17-12:31:33:779https://my.cbg.163.com/cgi/api/get_equip_detail
2019-05-17 12:31:38,835 INFO (HttpsClientUtil.java:74)- 2019/05/17-12:31:38:835https://my.cbg.163.com/cgi/api/get_equip_detail
2019-05-17 12:31:43,979 INFO (HttpsClientUtil.java:74)- 2019/05/17-12:31:43:979https://my.cbg.163.com/cgi/api/get_equip_detail
2019-05-17 12:31:49,081 INFO (HttpsClientUtil.java:74)- 2019/05/17-12:31:49:081https://my.cbg.163.com/cgi/api/get_equip_detail
2019-05-17 12:31:54,157 INFO (HttpsClientUtil.java:74)- 2019/05/17-12:31:54:151https://my.cbg.163.com/cgi/api/get_equip_detail
2019-05-17 12:31:59,243 INFO (HttpsClientUtil.java:74)- 2019/05/17-12:31:59:243https://my.cbg.163.com/cgi/api/get_equip_detail
2019-05-17 12:32:04,333 INFO (HttpsClientUtil.java:74)- 2019/05/17-12:32:04:333https://my.cbg.163.com/cgi/api/get_equip_detail
2019-05-17 12:32:09,428 INFO (HttpsClientUtil.java:74)- 2019/05/17-12:32:09:428https://my.cbg.163.com/cgi/api/add_collect
2019-05-17 12:32:14,483 INFO (HttpsClientUtil.java:74)- 2019/05/17-12:32:14:483https://my.cbg.163.com/cgi/api/get_equip_detail
2019-05-17 12:32:19,559 INFO (HttpsClientUtil.java:74)- 2019/05/17-12:32:19:559https://my.cbg.163.com/cgi/api/get_equip_detail
2019-05-17 12:32:24,675 INFO (HttpsClientUtil.java:74)- 2019/05/17-12:32:24:675https://my.cbg.163.com/cgi/api/get_equip_detail
2019-05-17 12:32:29,762 INFO (HttpsClientUtil.java:74)- 2019/05/17-12:32:29:762https://my.cbg.163.com/cgi/api/add_collect
2019-05-17 12:32:34,825 INFO (HttpsClientUtil.java:74)- 2019/05/17-12:32:34:825https://my.cbg.163.com/cgi/api/get_equip_detail
2019-05-17 12:32:39,934 INFO (HttpsClientUtil.java:74)- 2019/05/17-12:32:39:934https://my.cbg.163.com/cgi/api/get_equip_detail
2019-05-17 12:32:45,019 INFO (HttpsClientUtil.java:74)- 2019/05/17-12:32:45:019https://my.cbg.163.com/cgi/api/query
2019-05-17 12:32:50,077 INFO (HttpsClientUtil.java:74)- 2019/05/17-12:32:50:077https://my.cbg.163.com/cgi/api/get_equip_detail
2019-05-17 12:32:55,123 INFO (HttpsClientUtil.java:74)- 2019/05/17-12:32:55:123https://my.cbg.163.com/cgi/api/get_equip_detail
2019-05-17 12:33:00,193 INFO (HttpsClientUtil.java:74)- 2019/05/17-12:33:00:193https://my.cbg.163.com/cgi/api/get_equip_detail
2019-05-17 12:33:05,250 INFO (HttpsClientUtil.java:74)- 2019/05/17-12:33:05:250https://my.cbg.163.com/cgi/api/get_equip_detail
2019-05-17 12:33:10,343 INFO (HttpsClientUtil.java:74)- 2019/05/17-12:33:10:343https://my.cbg.163.com/cgi/api/get_equip_detail
2019-05-17 12:33:15,431 INFO (HttpsClientUtil.java:74)- 2019/05/17-12:33:15:431https://my.cbg.163.com/cgi/api/get_equip_detail
2019-05-17 12:33:20,535 INFO (HttpsClientUtil.java:74)- 2019/05/17-12:33:20:535https://my.cbg.163.com/cgi/api/get_equip_detail
2019-05-17 12:33:25,660 INFO (HttpsClientUtil.java:74)- 2019/05/17-12:33:25:660https://my.cbg.163.com/cgi/api/get_equip_detail
2019-05-17 12:33:30,740 INFO (HttpsClientUtil.java:74)- 2019/05/17-12:33:30:740https://my.cbg.163.com/cgi/api/add_collect
2019-05-17 12:33:35,813 INFO (HttpsClientUtil.java:74)- 2019/05/17-12:33:35:813https://my.cbg.163.com/cgi/api/get_equip_detail
2019-05-17 12:33:40,897 INFO (HttpsClientUtil.java:74)- 2019/05/17-12:33:40:897https://my.cbg.163.com/cgi/api/get_equip_detail
2019-05-17 12:33:46,025 INFO (HttpsClientUtil.java:74)- 2019/05/17-12:33:46:025https://my.cbg.163.com/cgi/api/get_equip_detail
2019-05-17 12:33:51,126 INFO (HttpsClientUtil.java:74)- 2019/05/17-12:33:51:126https://my.cbg.163.com/cgi/api/get_equip_detail
2019-05-17 12:33:56,192 INFO (HttpsClientUtil.java:74)- 2019/05/17-12:33:56:191https://my.cbg.163.com/cgi/api/get_equip_detail
2019-05-17 12:34:01,417 INFO (HttpsClientUtil.java:74)- 2019/05/17-12:34:01:417https://my.cbg.163.com/cgi/api/get_equip_detail
2019-05-17 12:34:06,507 INFO (HttpsClientUtil.java:74)- 2019/05/17-12:34:06:507https://my.cbg.163.com/cgi/api/get_equip_detail
2019-05-17 12:34:11,593 INFO (HttpsClientUtil.java:74)- 2019/05/17-12:34:11:593https://my.cbg.163.com/cgi/api/query
2019-05-17 12:34:16,645 INFO (HttpsClientUtil.java:74)- 2019/05/17-12:34:16:645https://my.cbg.163.com/cgi/api/get_equip_detail
2019-05-17 12:34:21,746 INFO (HttpsClientUtil.java:74)- 2019/05/17-12:34:21:746https://my.cbg.163.com/cgi/api/get_equip_detail
2019-05-17 12:34:26,841 INFO (HttpsClientUtil.java:74)- 2019/05/17-12:34:26:841https://my.cbg.163.com/cgi/api/get_equip_detail
2019-05-17 12:34:31,918 INFO (HttpsClientUtil.java:74)- 2019/05/17-12:34:31:918https://my.cbg.163.com/cgi/api/add_collect
2019-05-17 12:34:36,962 INFO (HttpsClientUtil.java:74)- 2019/05/17-12:34:36:962https://my.cbg.163.com/cgi/api/get_equip_detail
2019-05-17 12:34:42,057 INFO (HttpsClientUtil.java:74)- 2019/05/17-12:34:42:057https://my.cbg.163.com/cgi/api/get_equip_detail
2019-05-17 12:34:47,125 INFO (HttpsClientUtil.java:74)- 2019/05/17-12:34:47:124https://my.cbg.163.com/cgi/api/get_equip_detail
2019-05-17 12:34:52,228 INFO (HttpsClientUtil.java:74)- 2019/05/17-12:34:52:228https://my.cbg.163.com/cgi/api/get_equip_detail
2019-05-17 12:34:57,324 INFO (HttpsClientUtil.java:74)- 2019/05/17-12:34:57:324https://my.cbg.163.com/cgi/api/add_collect
2019-05-17 12:35:02,378 INFO (HttpsClientUtil.java:74)- 2019/05/17-12:35:02:378https://my.cbg.163.com/cgi/api/get_equip_detail
2019-05-17 12:35:07,466 INFO (HttpsClientUtil.java:74)- 2019/05/17-12:35:07:466https://my.cbg.163.com/cgi/api/get_equip_detail
2019-05-17 12:35:12,590 INFO (HttpsClientUtil.java:74)- 2019/05/17-12:35:12:590https://my.cbg.163.com/cgi/api/get_equip_detail
2019-05-17 12:35:17,656 INFO (HttpsClientUtil.java:74)- 2019/05/17-12:35:17:656https://my.cbg.163.com/cgi/api/get_equip_detail
2019-05-17 12:35:22,727 INFO (HttpsClientUtil.java:74)- 2019/05/17-12:35:22:727https://my.cbg.163.com/cgi/api/get_equip_detail
2019-05-17 12:35:27,826 INFO (HttpsClientUtil.java:74)- 2019/05/17-12:35:27:826https://my.cbg.163.com/cgi/api/get_equip_detail
2019-05-17 12:35:32,908 INFO (HttpsClientUtil.java:74)- 2019/05/17-12:35:32:908https://my.cbg.163.com/cgi/api/get_equip_detail
2019-05-17 12:35:37,966 INFO (HttpsClientUtil.java:74)- 2019/05/17-12:35:37:966https://my.cbg.163.com/cgi/api/get_equip_detail
2019-05-17 12:35:43,041 INFO (HttpsClientUtil.java:74)- 2019/05/17-12:35:43:041https://my.cbg.163.com/cgi/api/add_collect
2019-05-17 12:35:48,097 INFO (HttpsClientUtil.java:74)- 2019/05/17-12:35:48:097https://my.cbg.163.com/cgi/api/query
2019-05-17 12:35:53,154 INFO (HttpsClientUtil.java:74)- 2019/05/17-12:35:53:154https://my.cbg.163.com/cgi/api/get_equip_detail
2019-05-17 12:35:58,213 INFO (HttpsClientUtil.java:74)- 2019/05/17-12:35:58:213https://my.cbg.163.com/cgi/api/get_equip_detail
2019-05-17 12:36:03,268 INFO (HttpsClientUtil.java:74)- 2019/05/17-12:36:03:268https://my.cbg.163.com/cgi/api/add_collect
2019-05-17 12:36:08,322 INFO (HttpsClientUtil.java:74)- 2019/05/17-12:36:08:322https://my.cbg.163.com/cgi/api/get_equip_detail
2019-05-17 12:36:13,382 INFO (HttpsClientUtil.java:74)- 2019/05/17-12:36:13:382https://my.cbg.163.com/cgi/api/add_collect
2019-05-17 12:36:18,431 INFO (HttpsClientUtil.java:74)- 2019/05/17-12:36:18:431https://my.cbg.163.com/cgi/api/get_equip_detail
2019-05-17 12:36:23,503 INFO (HttpsClientUtil.java:74)- 2019/05/17-12:36:23:503https://my.cbg.163.com/cgi/api/get_equip_detail
2019-05-17 12:36:28,569 INFO (HttpsClientUtil.java:74)- 2019/05/17-12:36:28:569https://my.cbg.163.com/cgi/api/get_equip_detail
2019-05-17 12:36:33,623 INFO (HttpsClientUtil.java:74)- 2019/05/17-12:36:33:623https://my.cbg.163.com/cgi/api/get_equip_detail
2019-05-17 12:36:38,704 INFO (HttpsClientUtil.java:74)- 2019/05/17-12:36:38:704https://my.cbg.163.com/cgi/api/get_equip_detail
2019-05-17 12:36:43,808 INFO (HttpsClientUtil.java:74)- 2019/05/17-12:36:43:808https://my.cbg.163.com/cgi/api/get_equip_detail
2019-05-17 12:36:48,876 INFO (HttpsClientUtil.java:74)- 2019/05/17-12:36:48:876https://my.cbg.163.com/cgi/api/add_collect
2019-05-17 12:36:53,922 INFO (HttpsClientUtil.java:74)- 2019/05/17-12:36:53:922https://my.cbg.163.com/cgi/api/get_equip_detail
2019-05-17 12:36:58,980 INFO (HttpsClientUtil.java:74)- 2019/05/17-12:36:58:980https://my.cbg.163.com/cgi/api/get_equip_detail
2019-05-17 12:37:04,041 INFO (HttpsClientUtil.java:74)- 2019/05/17-12:37:04:041https://my.cbg.163.com/cgi/api/get_equip_detail
2019-05-17 12:37:09,100 INFO (HttpsClientUtil.java:74)- 2019/05/17-12:37:09:100https://my.cbg.163.com/cgi/api/get_equip_detail
2019-05-17 12:37:14,178 INFO (HttpsClientUtil.java:74)- 2019/05/17-12:37:14:178https://my.cbg.163.com/cgi/api/add_collect
2019-05-17 12:37:19,232 INFO (HttpsClientUtil.java:74)- 2019/05/17-12:37:19:232https://my.cbg.163.com/cgi/api/get_equip_detail
2019-05-17 12:37:24,305 INFO (HttpsClientUtil.java:74)- 2019/05/17-12:37:24:305https://my.cbg.163.com/cgi/api/get_equip_detail
2019-05-17 12:37:29,368 INFO (HttpsClientUtil.java:74)- 2019/05/17-12:37:29:368https://my.cbg.163.com/cgi/api/add_collect
2019-05-17 12:37:34,412 INFO (HttpsClientUtil.java:74)- 2019/05/17-12:37:34:412https://my.cbg.163.com/cgi/api/query
2019-05-17 12:37:39,506 INFO (HttpsClientUtil.java:74)- 2019/05/17-12:37:39:506https://my.cbg.163.com/cgi/api/get_equip_detail
2019-05-17 12:37:44,595 INFO (HttpsClientUtil.java:74)- 2019/05/17-12:37:44:595https://my.cbg.163.com/cgi/api/get_equip_detail
2019-05-17 12:37:49,689 INFO (HttpsClientUtil.java:74)- 2019/05/17-12:37:49:689https://my.cbg.163.com/cgi/api/get_equip_detail
2019-05-17 12:37:54,766 INFO (HttpsClientUtil.java:74)- 2019/05/17-12:37:54:766https://my.cbg.163.com/cgi/api/get_equip_detail
2019-05-17 12:37:59,847 INFO (HttpsClientUtil.java:74)- 2019/05/17-12:37:59:847https://my.cbg.163.com/cgi/api/get_equip_detail
2019-05-17 12:38:04,925 INFO (HttpsClientUtil.java:74)- 2019/05/17-12:38:04:925https://my.cbg.163.com/cgi/api/get_equip_detail
2019-05-17 12:38:09,984 INFO (HttpsClientUtil.java:74)- 2019/05/17-12:38:09:984https://my.cbg.163.com/cgi/api/add_collect
2019-05-17 12:38:15,040 INFO (HttpsClientUtil.java:74)- 2019/05/17-12:38:15:040https://my.cbg.163.com/cgi/api/get_equip_detail
2019-05-17 12:38:20,105 INFO (HttpsClientUtil.java:74)- 2019/05/17-12:38:20:105https://my.cbg.163.com/cgi/api/get_equip_detail
2019-05-17 12:38:25,194 INFO (HttpsClientUtil.java:74)- 2019/05/17-12:38:25:194https://my.cbg.163.com/cgi/api/get_equip_detail
2019-05-17 12:38:30,301 INFO (HttpsClientUtil.java:74)- 2019/05/17-12:38:30:301https://my.cbg.163.com/cgi/api/get_equip_detail
2019-05-17 12:38:35,378 INFO (HttpsClientUtil.java:74)- 2019/05/17-12:38:35:378https://my.cbg.163.com/cgi/api/get_equip_detail
2019-05-17 12:38:40,470 INFO (HttpsClientUtil.java:74)- 2019/05/17-12:38:40:470https://my.cbg.163.com/cgi/api/get_equip_detail
2019-05-17 12:38:45,524 INFO (HttpsClientUtil.java:74)- 2019/05/17-12:38:45:524https://my.cbg.163.com/cgi/api/get_equip_detail
