2019-05-19 15:17:20,595 INFO (StartupInfoLogger.java:50)- Starting PaymhApplication on WINDOWS-MGSUBV3 with PID 9580 (E:\projects\paymh-ip\target\classes started by chenjc23273 in E:\projects\paymh-ip)
2019-05-19 15:17:20,679 INFO (SpringApplication.java:675)- No active profile set, falling back to default profiles: default
2019-05-19 15:17:31,253 INFO (StartupInfoLogger.java:59)- Started PaymhApplication in 12.338 seconds (JVM running for 18.681)
2019-05-19 15:17:31,253 INFO (PayService.java:66)- 2019/05/19-15:17:31:253------Http初始化之前
2019-05-19 15:17:34,697 INFO (PayService.java:83)- 2019/05/19-15:17:34:697------Http初始化之后
2019-05-19 15:21:59,840 INFO (HttpsClientUtil.java:74)- 2019/05/19-15:21:59:839https://my.cbg.163.com/cgi/api/query
2019-05-19 15:22:09,106 INFO (HttpsClientUtil.java:74)- 2019/05/19-15:22:09:106https://my.cbg.163.com/cgi/api/get_equip_detail
2019-05-19 15:22:14,327 INFO (HttpsClientUtil.java:74)- 2019/05/19-15:22:14:327https://my.cbg.163.com/cgi/api/get_equip_detail
2019-05-19 15:22:19,437 INFO (HttpsClientUtil.java:74)- 2019/05/19-15:22:19:437https://my.cbg.163.com/cgi/api/get_equip_detail
2019-05-19 15:22:24,535 INFO (HttpsClientUtil.java:74)- 2019/05/19-15:22:24:535https://my.cbg.163.com/cgi/api/get_equip_detail
2019-05-19 15:22:29,605 INFO (HttpsClientUtil.java:74)- 2019/05/19-15:22:29:605https://my.cbg.163.com/cgi/api/get_equip_detail
2019-05-19 15:22:34,679 INFO (HttpsClientUtil.java:74)- 2019/05/19-15:22:34:679https://my.cbg.163.com/cgi/api/get_equip_detail
2019-05-19 15:22:39,751 INFO (HttpsClientUtil.java:74)- 2019/05/19-15:22:39:751https://my.cbg.163.com/cgi/api/add_collect
2019-05-19 15:22:44,834 INFO (HttpsClientUtil.java:74)- 2019/05/19-15:22:44:834https://my.cbg.163.com/cgi/api/get_equip_detail
2019-05-19 15:22:49,905 INFO (HttpsClientUtil.java:74)- 2019/05/19-15:22:49:905https://my.cbg.163.com/cgi/api/get_equip_detail
2019-05-19 15:22:54,971 INFO (HttpsClientUtil.java:74)- 2019/05/19-15:22:54:971https://my.cbg.163.com/cgi/api/get_equip_detail
2019-05-19 15:23:00,043 INFO (HttpsClientUtil.java:74)- 2019/05/19-15:23:00:043https://my.cbg.163.com/cgi/api/add_collect
2019-05-19 15:23:05,090 INFO (HttpsClientUtil.java:74)- 2019/05/19-15:23:05:090https://my.cbg.163.com/cgi/api/get_equip_detail
2019-05-19 15:23:10,165 INFO (HttpsClientUtil.java:74)- 2019/05/19-15:23:10:165https://my.cbg.163.com/cgi/api/get_equip_detail
2019-05-19 15:23:15,222 INFO (HttpsClientUtil.java:74)- 2019/05/19-15:23:15:222https://my.cbg.163.com/cgi/api/get_equip_detail
2019-05-19 15:23:20,275 INFO (HttpsClientUtil.java:74)- 2019/05/19-15:23:20:275https://my.cbg.163.com/cgi/api/add_collect
2019-05-19 15:23:25,335 INFO (HttpsClientUtil.java:74)- 2019/05/19-15:23:25:335https://my.cbg.163.com/cgi/api/get_equip_detail
2019-05-19 15:23:30,382 INFO (HttpsClientUtil.java:74)- 2019/05/19-15:23:30:382https://my.cbg.163.com/cgi/api/get_equip_detail
2019-05-19 15:23:35,452 INFO (HttpsClientUtil.java:74)- 2019/05/19-15:23:35:452https://my.cbg.163.com/cgi/api/get_equip_detail
2019-05-19 15:23:40,533 INFO (HttpsClientUtil.java:74)- 2019/05/19-15:23:40:533https://my.cbg.163.com/cgi/api/query
2019-05-19 15:23:45,590 INFO (HttpsClientUtil.java:74)- 2019/05/19-15:23:45:590https://my.cbg.163.com/cgi/api/get_equip_detail
2019-05-19 15:23:50,651 INFO (HttpsClientUtil.java:74)- 2019/05/19-15:23:50:651https://my.cbg.163.com/cgi/api/add_collect
2019-05-19 15:23:55,705 INFO (HttpsClientUtil.java:74)- 2019/05/19-15:23:55:705https://my.cbg.163.com/cgi/api/get_equip_detail
2019-05-19 15:24:00,796 INFO (HttpsClientUtil.java:74)- 2019/05/19-15:24:00:796https://my.cbg.163.com/cgi/api/add_collect
2019-05-19 15:24:05,848 INFO (HttpsClientUtil.java:74)- 2019/05/19-15:24:05:848https://my.cbg.163.com/cgi/api/get_equip_detail
2019-05-19 15:24:10,920 INFO (HttpsClientUtil.java:74)- 2019/05/19-15:24:10:920https://my.cbg.163.com/cgi/api/get_equip_detail
2019-05-19 15:24:15,984 INFO (HttpsClientUtil.java:74)- 2019/05/19-15:24:15:984https://my.cbg.163.com/cgi/api/get_equip_detail
2019-05-19 15:24:21,029 INFO (HttpsClientUtil.java:74)- 2019/05/19-15:24:21:029https://my.cbg.163.com/cgi/api/add_collect
2019-05-19 15:24:26,075 INFO (HttpsClientUtil.java:74)- 2019/05/19-15:24:26:075https://my.cbg.163.com/cgi/api/get_equip_detail
2019-05-19 15:24:31,148 INFO (HttpsClientUtil.java:74)- 2019/05/19-15:24:31:148https://my.cbg.163.com/cgi/api/get_equip_detail
2019-05-19 15:24:36,220 INFO (HttpsClientUtil.java:74)- 2019/05/19-15:24:36:220https://my.cbg.163.com/cgi/api/add_collect
2019-05-19 15:24:41,276 INFO (HttpsClientUtil.java:74)- 2019/05/19-15:24:41:276https://my.cbg.163.com/cgi/api/get_equip_detail
2019-05-19 15:24:46,365 INFO (HttpsClientUtil.java:74)- 2019/05/19-15:24:46:365https://my.cbg.163.com/cgi/api/get_equip_detail
2019-05-19 15:24:51,448 INFO (HttpsClientUtil.java:74)- 2019/05/19-15:24:51:448https://my.cbg.163.com/cgi/api/add_collect
2019-05-19 15:24:56,539 INFO (HttpsClientUtil.java:74)- 2019/05/19-15:24:56:539https://my.cbg.163.com/cgi/api/get_equip_detail
2019-05-19 15:25:01,605 INFO (HttpsClientUtil.java:74)- 2019/05/19-15:25:01:605https://my.cbg.163.com/cgi/api/get_equip_detail
2019-05-19 15:25:06,667 INFO (HttpsClientUtil.java:74)- 2019/05/19-15:25:06:667https://my.cbg.163.com/cgi/api/get_equip_detail
2019-05-19 15:25:11,719 INFO (HttpsClientUtil.java:74)- 2019/05/19-15:25:11:719https://my.cbg.163.com/cgi/api/add_collect
2019-05-19 15:25:16,771 INFO (HttpsClientUtil.java:74)- 2019/05/19-15:25:16:771https://my.cbg.163.com/cgi/api/get_equip_detail
2019-05-19 15:25:21,842 INFO (HttpsClientUtil.java:74)- 2019/05/19-15:25:21:842https://my.cbg.163.com/cgi/api/add_collect
2019-05-19 15:25:26,877 INFO (HttpsClientUtil.java:74)- 2019/05/19-15:25:26:877https://my.cbg.163.com/cgi/api/get_equip_detail
2019-05-19 15:25:31,949 INFO (HttpsClientUtil.java:74)- 2019/05/19-15:25:31:949https://my.cbg.163.com/cgi/api/get_equip_detail
2019-05-19 15:25:37,006 INFO (HttpsClientUtil.java:74)- 2019/05/19-15:25:37:006https://my.cbg.163.com/cgi/api/query
2019-05-19 15:25:42,061 INFO (HttpsClientUtil.java:74)- 2019/05/19-15:25:42:061https://my.cbg.163.com/cgi/api/get_equip_detail
2019-05-19 15:25:47,143 INFO (HttpsClientUtil.java:74)- 2019/05/19-15:25:47:143https://my.cbg.163.com/cgi/api/get_equip_detail
2019-05-19 15:25:52,207 INFO (HttpsClientUtil.java:74)- 2019/05/19-15:25:52:207https://my.cbg.163.com/cgi/api/get_equip_detail
2019-05-19 15:25:57,262 INFO (HttpsClientUtil.java:74)- 2019/05/19-15:25:57:262https://my.cbg.163.com/cgi/api/get_equip_detail
2019-05-19 15:26:02,346 INFO (HttpsClientUtil.java:74)- 2019/05/19-15:26:02:346https://my.cbg.163.com/cgi/api/get_equip_detail
2019-05-19 15:26:07,406 INFO (HttpsClientUtil.java:74)- 2019/05/19-15:26:07:406https://my.cbg.163.com/cgi/api/add_collect
2019-05-19 15:26:12,455 INFO (HttpsClientUtil.java:74)- 2019/05/19-15:26:12:455https://my.cbg.163.com/cgi/api/get_equip_detail
2019-05-19 15:26:17,512 INFO (HttpsClientUtil.java:74)- 2019/05/19-15:26:17:512https://my.cbg.163.com/cgi/api/get_equip_detail
2019-05-19 15:26:22,582 INFO (HttpsClientUtil.java:74)- 2019/05/19-15:26:22:582https://my.cbg.163.com/cgi/api/get_equip_detail
2019-05-19 15:26:27,640 INFO (HttpsClientUtil.java:74)- 2019/05/19-15:26:27:640https://my.cbg.163.com/cgi/api/get_equip_detail
2019-05-19 15:26:32,707 INFO (HttpsClientUtil.java:74)- 2019/05/19-15:26:32:707https://my.cbg.163.com/cgi/api/get_equip_detail
2019-05-19 15:26:37,784 INFO (HttpsClientUtil.java:74)- 2019/05/19-15:26:37:784https://my.cbg.163.com/cgi/api/get_equip_detail
2019-05-19 15:26:42,858 INFO (HttpsClientUtil.java:74)- 2019/05/19-15:26:42:858https://my.cbg.163.com/cgi/api/get_equip_detail
2019-05-19 15:26:47,920 INFO (HttpsClientUtil.java:74)- 2019/05/19-15:26:47:920https://my.cbg.163.com/cgi/api/get_equip_detail
2019-05-19 15:26:52,996 INFO (HttpsClientUtil.java:74)- 2019/05/19-15:26:52:995https://my.cbg.163.com/cgi/api/get_equip_detail
2019-05-19 15:26:58,058 INFO (HttpsClientUtil.java:74)- 2019/05/19-15:26:58:058https://my.cbg.163.com/cgi/api/get_equip_detail
2019-05-19 15:27:03,146 INFO (HttpsClientUtil.java:74)- 2019/05/19-15:27:03:146https://my.cbg.163.com/cgi/api/query
2019-05-19 15:27:08,206 INFO (HttpsClientUtil.java:74)- 2019/05/19-15:27:08:206https://my.cbg.163.com/cgi/api/get_equip_detail
2019-05-19 15:27:13,285 INFO (HttpsClientUtil.java:74)- 2019/05/19-15:27:13:285https://my.cbg.163.com/cgi/api/add_collect
2019-05-19 15:27:18,333 INFO (HttpsClientUtil.java:74)- 2019/05/19-15:27:18:333https://my.cbg.163.com/cgi/api/get_equip_detail
2019-05-19 15:27:23,382 INFO (HttpsClientUtil.java:74)- 2019/05/19-15:27:23:382https://my.cbg.163.com/cgi/api/add_collect
2019-05-19 15:27:28,434 INFO (HttpsClientUtil.java:74)- 2019/05/19-15:27:28:434https://my.cbg.163.com/cgi/api/get_equip_detail
2019-05-19 15:27:33,494 INFO (HttpsClientUtil.java:74)- 2019/05/19-15:27:33:494https://my.cbg.163.com/cgi/api/get_equip_detail
2019-05-19 15:27:38,584 INFO (HttpsClientUtil.java:74)- 2019/05/19-15:27:38:584https://my.cbg.163.com/cgi/api/get_equip_detail
2019-05-19 15:27:43,657 INFO (HttpsClientUtil.java:74)- 2019/05/19-15:27:43:657https://my.cbg.163.com/cgi/api/get_equip_detail
2019-05-19 15:27:48,731 INFO (HttpsClientUtil.java:74)- 2019/05/19-15:27:48:731https://my.cbg.163.com/cgi/api/get_equip_detail
2019-05-19 15:27:53,797 INFO (HttpsClientUtil.java:74)- 2019/05/19-15:27:53:797https://my.cbg.163.com/cgi/api/get_equip_detail
2019-05-19 15:27:58,843 INFO (HttpsClientUtil.java:74)- 2019/05/19-15:27:58:843https://my.cbg.163.com/cgi/api/get_equip_detail
2019-05-19 15:28:03,924 INFO (HttpsClientUtil.java:74)- 2019/05/19-15:28:03:924https://my.cbg.163.com/cgi/api/get_equip_detail
2019-05-19 15:28:08,995 INFO (HttpsClientUtil.java:74)- 2019/05/19-15:28:08:995https://my.cbg.163.com/cgi/api/add_collect
2019-05-19 15:28:14,077 INFO (HttpsClientUtil.java:74)- 2019/05/19-15:28:14:077https://my.cbg.163.com/cgi/api/get_equip_detail
2019-05-19 15:28:19,166 INFO (HttpsClientUtil.java:74)- 2019/05/19-15:28:19:165https://my.cbg.163.com/cgi/api/get_equip_detail
2019-05-19 15:28:24,238 INFO (HttpsClientUtil.java:74)- 2019/05/19-15:28:24:238https://my.cbg.163.com/cgi/api/add_collect
2019-05-19 15:28:29,325 INFO (HttpsClientUtil.java:74)- 2019/05/19-15:28:29:325https://my.cbg.163.com/cgi/api/get_equip_detail
2019-05-19 15:28:34,380 INFO (HttpsClientUtil.java:74)- 2019/05/19-15:28:34:380https://my.cbg.163.com/cgi/api/get_equip_detail
2019-05-19 15:28:39,430 INFO (HttpsClientUtil.java:74)- 2019/05/19-15:28:39:430https://my.cbg.163.com/cgi/api/get_equip_detail
2019-05-19 15:28:44,484 INFO (HttpsClientUtil.java:74)- 2019/05/19-15:28:44:484https://my.cbg.163.com/cgi/api/add_collect
2019-05-19 15:28:49,534 INFO (HttpsClientUtil.java:74)- 2019/05/19-15:28:49:534https://my.cbg.163.com/cgi/api/query
2019-05-19 15:28:54,594 INFO (HttpsClientUtil.java:74)- 2019/05/19-15:28:54:594https://my.cbg.163.com/cgi/api/get_equip_detail
2019-05-19 15:28:59,643 INFO (HttpsClientUtil.java:74)- 2019/05/19-15:28:59:643https://my.cbg.163.com/cgi/api/get_equip_detail
2019-05-19 15:29:04,703 INFO (HttpsClientUtil.java:74)- 2019/05/19-15:29:04:703https://my.cbg.163.com/cgi/api/get_equip_detail
2019-05-19 15:29:09,786 INFO (HttpsClientUtil.java:74)- 2019/05/19-15:29:09:786https://my.cbg.163.com/cgi/api/get_equip_detail
2019-05-19 15:29:14,845 INFO (HttpsClientUtil.java:74)- 2019/05/19-15:29:14:845https://my.cbg.163.com/cgi/api/get_equip_detail
2019-05-19 15:29:19,908 INFO (HttpsClientUtil.java:74)- 2019/05/19-15:29:19:908https://my.cbg.163.com/cgi/api/add_collect
2019-05-19 15:29:24,970 INFO (HttpsClientUtil.java:74)- 2019/05/19-15:29:24:970https://my.cbg.163.com/cgi/api/get_equip_detail
2019-05-19 15:29:30,041 INFO (HttpsClientUtil.java:74)- 2019/05/19-15:29:30:041https://my.cbg.163.com/cgi/api/get_equip_detail
2019-05-19 15:29:35,150 INFO (HttpsClientUtil.java:74)- 2019/05/19-15:29:35:149https://my.cbg.163.com/cgi/api/add_collect
2019-05-19 15:29:40,206 INFO (HttpsClientUtil.java:74)- 2019/05/19-15:29:40:206https://my.cbg.163.com/cgi/api/get_equip_detail
2019-05-19 15:29:45,280 INFO (HttpsClientUtil.java:74)- 2019/05/19-15:29:45:280https://my.cbg.163.com/cgi/api/get_equip_detail
2019-05-19 15:29:50,356 INFO (HttpsClientUtil.java:74)- 2019/05/19-15:29:50:356https://my.cbg.163.com/cgi/api/get_equip_detail
2019-05-19 15:29:55,411 INFO (HttpsClientUtil.java:74)- 2019/05/19-15:29:55:411https://my.cbg.163.com/cgi/api/get_equip_detail
2019-05-19 15:30:00,474 INFO (HttpsClientUtil.java:74)- 2019/05/19-15:30:00:474https://my.cbg.163.com/cgi/api/add_collect
2019-05-19 15:30:05,588 INFO (HttpsClientUtil.java:74)- 2019/05/19-15:30:05:588https://my.cbg.163.com/cgi/api/get_equip_detail
2019-05-19 15:30:10,638 INFO (HttpsClientUtil.java:74)- 2019/05/19-15:30:10:638https://my.cbg.163.com/cgi/api/get_equip_detail
2019-05-19 15:30:15,694 INFO (HttpsClientUtil.java:74)- 2019/05/19-15:30:15:694https://my.cbg.163.com/cgi/api/add_collect
2019-05-19 15:30:20,753 INFO (HttpsClientUtil.java:74)- 2019/05/19-15:30:20:753https://my.cbg.163.com/cgi/api/get_equip_detail
2019-05-19 15:30:25,837 INFO (HttpsClientUtil.java:74)- 2019/05/19-15:30:25:837https://my.cbg.163.com/cgi/api/get_equip_detail
2019-05-19 15:30:30,903 INFO (HttpsClientUtil.java:74)- 2019/05/19-15:30:30:903https://my.cbg.163.com/cgi/api/query
2019-05-19 15:30:35,975 INFO (HttpsClientUtil.java:74)- 2019/05/19-15:30:35:975https://my.cbg.163.com/cgi/api/get_equip_detail
2019-05-19 15:30:41,048 INFO (HttpsClientUtil.java:74)- 2019/05/19-15:30:41:048https://my.cbg.163.com/cgi/api/get_equip_detail
2019-05-19 15:30:46,135 INFO (HttpsClientUtil.java:74)- 2019/05/19-15:30:46:135https://my.cbg.163.com/cgi/api/get_equip_detail
2019-05-19 15:30:51,230 INFO (HttpsClientUtil.java:74)- 2019/05/19-15:30:51:230https://my.cbg.163.com/cgi/api/get_equip_detail
2019-05-19 15:30:56,280 INFO (HttpsClientUtil.java:74)- 2019/05/19-15:30:56:280https://my.cbg.163.com/cgi/api/get_equip_detail
2019-05-19 15:31:01,355 INFO (HttpsClientUtil.java:74)- 2019/05/19-15:31:01:355https://my.cbg.163.com/cgi/api/get_equip_detail
2019-05-19 15:31:06,411 INFO (HttpsClientUtil.java:74)- 2019/05/19-15:31:06:411https://my.cbg.163.com/cgi/api/add_collect
2019-05-19 15:31:11,461 INFO (HttpsClientUtil.java:74)- 2019/05/19-15:31:11:461https://my.cbg.163.com/cgi/api/get_equip_detail
2019-05-19 15:31:16,547 INFO (HttpsClientUtil.java:74)- 2019/05/19-15:31:16:547https://my.cbg.163.com/cgi/api/get_equip_detail
2019-05-19 20:40:06,568 INFO (HttpsClientUtil.java:74)- 2019/05/19-20:40:06:538https://my.cbg.163.com/cgi/api/query
2019-05-19 20:40:13,119 INFO (HttpsClientUtil.java:74)- 2019/05/19-20:40:13:119https://my.cbg.163.com/cgi/api/get_equip_detail
2019-05-19 20:40:18,431 INFO (HttpsClientUtil.java:74)- 2019/05/19-20:40:18:431https://my.cbg.163.com/cgi/api/get_equip_detail
2019-05-19 20:40:23,942 INFO (HttpsClientUtil.java:74)- 2019/05/19-20:40:23:942https://my.cbg.163.com/cgi/api/add_collect
2019-05-19 20:40:28,999 INFO (HttpsClientUtil.java:74)- 2019/05/19-20:40:28:999https://my.cbg.163.com/cgi/api/get_equip_detail
2019-05-19 20:40:34,365 INFO (HttpsClientUtil.java:74)- 2019/05/19-20:40:34:365https://my.cbg.163.com/cgi/api/get_equip_detail
2019-05-19 20:40:39,731 INFO (HttpsClientUtil.java:74)- 2019/05/19-20:40:39:731https://my.cbg.163.com/cgi/api/get_equip_detail
2019-05-19 20:40:45,151 INFO (HttpsClientUtil.java:74)- 2019/05/19-20:40:45:151https://my.cbg.163.com/cgi/api/get_equip_detail
2019-05-19 20:40:50,298 INFO (HttpsClientUtil.java:74)- 2019/05/19-20:40:50:298https://my.cbg.163.com/cgi/api/add_collect
2019-05-19 20:40:55,357 INFO (HttpsClientUtil.java:74)- 2019/05/19-20:40:55:357https://my.cbg.163.com/cgi/api/get_equip_detail
2019-05-19 20:41:00,573 INFO (HttpsClientUtil.java:74)- 2019/05/19-20:41:00:563https://my.cbg.163.com/cgi/api/get_equip_detail
2019-05-19 20:41:05,851 INFO (HttpsClientUtil.java:74)- 2019/05/19-20:41:05:851https://my.cbg.163.com/cgi/api/get_equip_detail
2019-05-19 20:41:12,373 INFO (HttpsClientUtil.java:74)- 2019/05/19-20:41:12:373https://my.cbg.163.com/cgi/api/get_equip_detail
2019-05-19 20:41:17,644 INFO (HttpsClientUtil.java:74)- 2019/05/19-20:41:17:644https://my.cbg.163.com/cgi/api/get_equip_detail
2019-05-19 20:41:22,954 INFO (HttpsClientUtil.java:74)- 2019/05/19-20:41:22:954https://my.cbg.163.com/cgi/api/get_equip_detail
2019-05-19 20:41:28,172 INFO (HttpsClientUtil.java:74)- 2019/05/19-20:41:28:172https://my.cbg.163.com/cgi/api/get_equip_detail
2019-05-19 20:41:33,344 INFO (HttpsClientUtil.java:74)- 2019/05/19-20:41:33:344https://my.cbg.163.com/cgi/api/get_equip_detail
2019-05-19 20:41:38,530 INFO (HttpsClientUtil.java:74)- 2019/05/19-20:41:38:530https://my.cbg.163.com/cgi/api/add_collect
2019-05-19 20:41:43,662 INFO (HttpsClientUtil.java:74)- 2019/05/19-20:41:43:662https://my.cbg.163.com/cgi/api/get_equip_detail
2019-05-19 20:41:48,861 INFO (HttpsClientUtil.java:74)- 2019/05/19-20:41:48:861https://my.cbg.163.com/cgi/api/query
2019-05-19 20:41:53,969 INFO (HttpsClientUtil.java:74)- 2019/05/19-20:41:53:969https://my.cbg.163.com/cgi/api/get_equip_detail
2019-05-19 20:41:59,239 INFO (HttpsClientUtil.java:74)- 2019/05/19-20:41:59:239https://my.cbg.163.com/cgi/api/get_equip_detail
2019-05-19 20:42:04,422 INFO (HttpsClientUtil.java:74)- 2019/05/19-20:42:04:422https://my.cbg.163.com/cgi/api/get_equip_detail
2019-05-19 20:42:09,936 INFO (HttpsClientUtil.java:74)- 2019/05/19-20:42:09:936https://my.cbg.163.com/cgi/api/get_equip_detail
2019-05-19 20:42:15,129 INFO (HttpsClientUtil.java:74)- 2019/05/19-20:42:15:129https://my.cbg.163.com/cgi/api/get_equip_detail
2019-05-19 20:42:20,311 INFO (HttpsClientUtil.java:74)- 2019/05/19-20:42:20:311https://my.cbg.163.com/cgi/api/get_equip_detail
2019-05-19 20:42:25,500 INFO (HttpsClientUtil.java:74)- 2019/05/19-20:42:25:500https://my.cbg.163.com/cgi/api/get_equip_detail
2019-05-19 20:42:30,662 INFO (HttpsClientUtil.java:74)- 2019/05/19-20:42:30:662https://my.cbg.163.com/cgi/api/get_equip_detail
2019-05-19 20:42:35,885 INFO (HttpsClientUtil.java:74)- 2019/05/19-20:42:35:885https://my.cbg.163.com/cgi/api/add_collect
2019-05-19 20:42:40,950 INFO (HttpsClientUtil.java:74)- 2019/05/19-20:42:40:950https://my.cbg.163.com/cgi/api/get_equip_detail
2019-05-19 20:42:47,177 INFO (HttpsClientUtil.java:74)- 2019/05/19-20:42:47:177https://my.cbg.163.com/cgi/api/get_equip_detail
2019-05-19 20:42:52,356 INFO (HttpsClientUtil.java:74)- 2019/05/19-20:42:52:356https://my.cbg.163.com/cgi/api/get_equip_detail
2019-05-19 20:42:57,522 INFO (HttpsClientUtil.java:74)- 2019/05/19-20:42:57:522https://my.cbg.163.com/cgi/api/get_equip_detail
2019-05-19 20:43:02,627 INFO (HttpsClientUtil.java:74)- 2019/05/19-20:43:02:627https://my.cbg.163.com/cgi/api/add_collect
2019-05-19 20:43:07,670 INFO (HttpsClientUtil.java:74)- 2019/05/19-20:43:07:670https://my.cbg.163.com/cgi/api/get_equip_detail
2019-05-19 20:43:12,855 INFO (HttpsClientUtil.java:74)- 2019/05/19-20:43:12:855https://my.cbg.163.com/cgi/api/add_collect
2019-05-19 20:43:17,916 INFO (HttpsClientUtil.java:74)- 2019/05/19-20:43:17:916https://my.cbg.163.com/cgi/api/get_equip_detail
2019-05-19 20:43:23,031 INFO (HttpsClientUtil.java:74)- 2019/05/19-20:43:23:031https://my.cbg.163.com/cgi/api/get_equip_detail
2019-05-19 20:43:28,092 INFO (HttpsClientUtil.java:74)- 2019/05/19-20:43:28:092https://my.cbg.163.com/cgi/api/query
2019-05-19 20:43:33,170 INFO (HttpsClientUtil.java:74)- 2019/05/19-20:43:33:170https://my.cbg.163.com/cgi/api/get_equip_detail
2019-05-19 20:43:38,240 INFO (HttpsClientUtil.java:74)- 2019/05/19-20:43:38:240https://my.cbg.163.com/cgi/api/get_equip_detail
2019-05-19 20:43:43,346 INFO (HttpsClientUtil.java:74)- 2019/05/19-20:43:43:346https://my.cbg.163.com/cgi/api/get_equip_detail
2019-05-19 20:43:48,419 INFO (HttpsClientUtil.java:74)- 2019/05/19-20:43:48:419https://my.cbg.163.com/cgi/api/get_equip_detail
2019-05-19 20:43:53,465 INFO (HttpsClientUtil.java:74)- 2019/05/19-20:43:53:465https://my.cbg.163.com/cgi/api/get_equip_detail
2019-05-19 20:43:58,547 INFO (HttpsClientUtil.java:74)- 2019/05/19-20:43:58:547https://my.cbg.163.com/cgi/api/get_equip_detail
2019-05-19 20:44:03,733 INFO (HttpsClientUtil.java:74)- 2019/05/19-20:44:03:733https://my.cbg.163.com/cgi/api/get_equip_detail
2019-05-19 20:44:08,830 INFO (HttpsClientUtil.java:74)- 2019/05/19-20:44:08:830https://my.cbg.163.com/cgi/api/add_collect
2019-05-19 20:44:13,940 INFO (HttpsClientUtil.java:74)- 2019/05/19-20:44:13:940https://my.cbg.163.com/cgi/api/get_equip_detail
2019-05-19 20:44:19,044 INFO (HttpsClientUtil.java:74)- 2019/05/19-20:44:19:044https://my.cbg.163.com/cgi/api/add_collect
2019-05-19 20:44:24,563 INFO (HttpsClientUtil.java:74)- 2019/05/19-20:44:24:563https://my.cbg.163.com/cgi/api/get_equip_detail
2019-05-19 20:44:29,625 INFO (HttpsClientUtil.java:74)- 2019/05/19-20:44:29:625https://my.cbg.163.com/cgi/api/get_equip_detail
2019-05-19 20:44:34,712 INFO (HttpsClientUtil.java:74)- 2019/05/19-20:44:34:712https://my.cbg.163.com/cgi/api/get_equip_detail
2019-05-19 20:44:39,814 INFO (HttpsClientUtil.java:74)- 2019/05/19-20:44:39:814https://my.cbg.163.com/cgi/api/get_equip_detail
2019-05-19 20:44:44,946 INFO (HttpsClientUtil.java:74)- 2019/05/19-20:44:44:946https://my.cbg.163.com/cgi/api/get_equip_detail
2019-05-19 20:44:50,003 INFO (HttpsClientUtil.java:74)- 2019/05/19-20:44:50:003https://my.cbg.163.com/cgi/api/get_equip_detail
2019-05-19 20:44:55,077 INFO (HttpsClientUtil.java:74)- 2019/05/19-20:44:55:077https://my.cbg.163.com/cgi/api/get_equip_detail
2019-05-19 20:45:00,139 INFO (HttpsClientUtil.java:74)- 2019/05/19-20:45:00:139https://my.cbg.163.com/cgi/api/query
2019-05-19 20:45:05,214 INFO (HttpsClientUtil.java:74)- 2019/05/19-20:45:05:214https://my.cbg.163.com/cgi/api/get_equip_detail
2019-05-19 20:45:10,359 INFO (HttpsClientUtil.java:74)- 2019/05/19-20:45:10:359https://my.cbg.163.com/cgi/api/add_collect
2019-05-19 20:45:15,415 INFO (HttpsClientUtil.java:74)- 2019/05/19-20:45:15:415https://my.cbg.163.com/cgi/api/get_equip_detail
2019-05-19 20:45:20,619 INFO (HttpsClientUtil.java:74)- 2019/05/19-20:45:20:619https://my.cbg.163.com/cgi/api/get_equip_detail
2019-05-19 20:45:25,742 INFO (HttpsClientUtil.java:74)- 2019/05/19-20:45:25:742https://my.cbg.163.com/cgi/api/get_equip_detail
2019-05-19 20:45:31,037 INFO (HttpsClientUtil.java:74)- 2019/05/19-20:45:31:037https://my.cbg.163.com/cgi/api/get_equip_detail
2019-05-19 20:45:36,201 INFO (HttpsClientUtil.java:74)- 2019/05/19-20:45:36:201https://my.cbg.163.com/cgi/api/get_equip_detail
2019-05-19 20:45:41,388 INFO (HttpsClientUtil.java:74)- 2019/05/19-20:45:41:388https://my.cbg.163.com/cgi/api/get_equip_detail
2019-05-19 20:45:46,515 INFO (HttpsClientUtil.java:74)- 2019/05/19-20:45:46:515https://my.cbg.163.com/cgi/api/get_equip_detail
2019-05-19 20:45:51,674 INFO (HttpsClientUtil.java:74)- 2019/05/19-20:45:51:674https://my.cbg.163.com/cgi/api/get_equip_detail
2019-05-19 20:45:56,882 INFO (HttpsClientUtil.java:74)- 2019/05/19-20:45:56:882https://my.cbg.163.com/cgi/api/add_collect
2019-05-19 20:46:01,959 INFO (HttpsClientUtil.java:74)- 2019/05/19-20:46:01:959https://my.cbg.163.com/cgi/api/get_equip_detail
2019-05-19 20:46:07,107 INFO (HttpsClientUtil.java:74)- 2019/05/19-20:46:07:107https://my.cbg.163.com/cgi/api/add_collect
2019-05-19 20:46:12,191 INFO (HttpsClientUtil.java:74)- 2019/05/19-20:46:12:191https://my.cbg.163.com/cgi/api/get_equip_detail
2019-05-19 20:46:17,379 INFO (HttpsClientUtil.java:74)- 2019/05/19-20:46:17:379https://my.cbg.163.com/cgi/api/get_equip_detail
2019-05-19 20:46:22,475 INFO (HttpsClientUtil.java:74)- 2019/05/19-20:46:22:475https://my.cbg.163.com/cgi/api/get_equip_detail
2019-05-19 20:46:27,654 INFO (HttpsClientUtil.java:74)- 2019/05/19-20:46:27:654https://my.cbg.163.com/cgi/api/get_equip_detail
2019-05-19 20:46:32,806 INFO (HttpsClientUtil.java:74)- 2019/05/19-20:46:32:806https://my.cbg.163.com/cgi/api/get_equip_detail
2019-05-19 20:46:37,900 INFO (HttpsClientUtil.java:74)- 2019/05/19-20:46:37:900https://my.cbg.163.com/cgi/api/add_collect
2019-05-19 20:46:42,962 INFO (HttpsClientUtil.java:74)- 2019/05/19-20:46:42:962https://my.cbg.163.com/cgi/api/query
2019-05-19 20:46:48,027 INFO (HttpsClientUtil.java:74)- 2019/05/19-20:46:48:027https://my.cbg.163.com/cgi/api/get_equip_detail
2019-05-19 20:46:53,188 INFO (HttpsClientUtil.java:74)- 2019/05/19-20:46:53:188https://my.cbg.163.com/cgi/api/add_collect
2019-05-19 20:46:58,271 INFO (HttpsClientUtil.java:74)- 2019/05/19-20:46:58:271https://my.cbg.163.com/cgi/api/get_equip_detail
2019-05-19 20:47:03,453 INFO (HttpsClientUtil.java:74)- 2019/05/19-20:47:03:453https://my.cbg.163.com/cgi/api/add_collect
2019-05-19 20:47:08,556 INFO (HttpsClientUtil.java:74)- 2019/05/19-20:47:08:556https://my.cbg.163.com/cgi/api/get_equip_detail
2019-05-19 20:47:13,625 INFO (HttpsClientUtil.java:74)- 2019/05/19-20:47:13:625https://my.cbg.163.com/cgi/api/get_equip_detail
2019-05-19 20:47:18,676 INFO (HttpsClientUtil.java:74)- 2019/05/19-20:47:18:676https://my.cbg.163.com/cgi/api/get_equip_detail
2019-05-19 20:47:23,754 INFO (HttpsClientUtil.java:74)- 2019/05/19-20:47:23:754https://my.cbg.163.com/cgi/api/add_collect
2019-05-19 20:47:28,804 INFO (HttpsClientUtil.java:74)- 2019/05/19-20:47:28:804https://my.cbg.163.com/cgi/api/get_equip_detail
2019-05-19 20:47:33,953 INFO (HttpsClientUtil.java:74)- 2019/05/19-20:47:33:953https://my.cbg.163.com/cgi/api/get_equip_detail
2019-05-19 20:47:39,047 INFO (HttpsClientUtil.java:74)- 2019/05/19-20:47:39:047https://my.cbg.163.com/cgi/api/get_equip_detail
2019-05-19 20:47:44,120 INFO (HttpsClientUtil.java:74)- 2019/05/19-20:47:44:120https://my.cbg.163.com/cgi/api/get_equip_detail
2019-05-19 20:47:49,217 INFO (HttpsClientUtil.java:74)- 2019/05/19-20:47:49:217https://my.cbg.163.com/cgi/api/get_equip_detail
2019-05-19 20:47:54,275 INFO (HttpsClientUtil.java:74)- 2019/05/19-20:47:54:275https://my.cbg.163.com/cgi/api/get_equip_detail
